#
# A fatal error has been detected by the Java Runtime Environment:
#
#  EXCEPTION_ACCESS_VIOLATION (0xc0000005) at pc=0x7755eb83, pid=4016, tid=0x000016a0
#
# JRE version: Java(TM) SE Runtime Environment (8.0_111-b14) (build 1.8.0_111-b14)
# Java VM: Java HotSpot(TM) Client VM (25.111-b14 mixed mode windows-x86 )
# Problematic frame:
# C  [ntdll.dll+0x4eb83]
#
# Failed to write core dump. Minidumps are not enabled by default on client versions of Windows
#
# If you would like to submit a bug report, please visit:
#   http://bugreport.java.com/bugreport/crash.jsp
# The crash happened outside the Java Virtual Machine in native code.
# See problematic frame for where to report the bug.
#

---------------  T H R E A D  ---------------

Current thread (0x14b45000):  JavaThread "Thread-28" [_thread_in_native, id=5792, stack(0x18840000,0x18890000)]

siginfo: ExceptionCode=0xc0000005, writing address 0x00000014

Registers:
EAX=0x00000000, EBX=0xfffffffc, ECX=0x00000000, EDX=0x00000004
ESP=0x1888ec34, EBP=0x1888ec84, ESI=0x1800ef38, EDI=0x1800ef3c
EIP=0x7755eb83, EFLAGS=0x00010213

Top of Stack: (sp=0x1888ec34)
0x1888ec34:   1800ef38 1800ef3c 1800ef38 025bd5da
0x1888ec44:   025bd5db 00000000 00000000 00000000
0x1888ec54:   025bd5d0 14010000 1888ec0c 00000000
0x1888ec64:   00000000 00000000 00000000 00000000
0x1888ec74:   00000000 00000000 7ef7c000 00000870
0x1888ec84:   1888ecac 7755ea92 00000000 00000000
0x1888ec94:   1800ef38 1888edf0 1800ef18 00000004
0x1888eca4:   00000000 00000001 1888ed28 70fc8c3f 

Instructions: (pc=0x7755eb83)
0x7755eb63:   c2 8b d8 8b c1 f0 0f b1 1f 3b c1 0f 85 b2 03 00
0x7755eb73:   00 33 c0 89 45 0c 89 45 08 8b 06 83 f8 ff 74 03
0x7755eb83:   ff 40 14 8b 5d f4 8b 7d f0 80 3d 82 03 fe 7f 00
0x7755eb93:   0f 85 74 38 03 00 8b 45 fc 57 6a 00 83 f8 ff 0f 


Register to memory mapping:

EAX=0x00000000 is an unknown value
EBX=0xfffffffc is an unknown value
ECX=0x00000000 is an unknown value
EDX=0x00000004 is an unknown value
ESP=0x1888ec34 is pointing into the stack for thread: 0x14b45000
EBP=0x1888ec84 is pointing into the stack for thread: 0x14b45000
ESI=0x1800ef38 is an unknown value
EDI=0x1800ef3c is an unknown value


Stack: [0x18840000,0x18890000],  sp=0x1888ec34,  free space=315k
Native frames: (J=compiled Java code, j=interpreted, Vv=VM code, C=native code)
C  [ntdll.dll+0x4eb83]
C  [ntdll.dll+0x4ea92]
C  [libvlccore.dll+0x98c3f]
C  [jna4366570383056930479.dll+0xc782]
C  [jna4366570383056930479.dll+0x44ae]
C  [jna4366570383056930479.dll+0x4c8e]
j  com.sun.jna.Native.invokeVoid(JI[Ljava/lang/Object;)V+0
J 1511 C1 com.sun.jna.Function.invoke([Ljava/lang/Object;Ljava/lang/Class;Z)Ljava/lang/Object; (1154 bytes) @ 0x0287d564 [0x0287b800+0x1d64]
J 659 C1 com.sun.jna.Function.invoke(Ljava/lang/Class;[Ljava/lang/Object;Ljava/util/Map;)Ljava/lang/Object; (526 bytes) @ 0x02714f08 [0x02714a30+0x4d8]
J 1554 C1 com.sun.jna.Library$Handler.invoke(Ljava/lang/Object;Ljava/lang/reflect/Method;[Ljava/lang/Object;)Ljava/lang/Object; (345 bytes) @ 0x028a8908 [0x028a8160+0x7a8]
j  com.sun.proxy.$Proxy0.libvlc_media_player_stop(Luk/co/caprica/vlcj/binding/internal/libvlc_media_player_t;)V+16
j  uk.co.caprica.vlcj.player.DefaultMediaPlayer.stop()V+17
j  cmd.SCP_OutProgressMonitor.count(J)Z+311
j  com.jcraft.jsch.ChannelSftp._get(Ljava/lang/String;Ljava/io/OutputStream;Lcom/jcraft/jsch/SftpProgressMonitor;IJ)V+490
j  com.jcraft.jsch.ChannelSftp.get(Ljava/lang/String;Ljava/lang/String;Lcom/jcraft/jsch/SftpProgressMonitor;I)V+587
j  cmd.SCP.run()V+1027
v  ~StubRoutines::call_stub
V  [jvm.dll+0x15a895]
V  [jvm.dll+0x220bfe]
V  [jvm.dll+0x15a92e]
V  [jvm.dll+0x15aab6]
V  [jvm.dll+0x15ab27]
V  [jvm.dll+0xfef8f]
V  [jvm.dll+0x17d6f0]
V  [jvm.dll+0x17df6a]
V  [jvm.dll+0x1c29c6]
C  [msvcr100.dll+0x5c556]
C  [msvcr100.dll+0x5c600]
C  [kernel32.dll+0x1336a]
C  [ntdll.dll+0x39902]
C  [ntdll.dll+0x398d5]
C  0x00000000

Java frames: (J=compiled Java code, j=interpreted, Vv=VM code)
j  com.sun.jna.Native.invokeVoid(JI[Ljava/lang/Object;)V+0
J 1511 C1 com.sun.jna.Function.invoke([Ljava/lang/Object;Ljava/lang/Class;Z)Ljava/lang/Object; (1154 bytes) @ 0x0287d564 [0x0287b800+0x1d64]
J 659 C1 com.sun.jna.Function.invoke(Ljava/lang/Class;[Ljava/lang/Object;Ljava/util/Map;)Ljava/lang/Object; (526 bytes) @ 0x02714f08 [0x02714a30+0x4d8]
J 1554 C1 com.sun.jna.Library$Handler.invoke(Ljava/lang/Object;Ljava/lang/reflect/Method;[Ljava/lang/Object;)Ljava/lang/Object; (345 bytes) @ 0x028a8908 [0x028a8160+0x7a8]
j  com.sun.proxy.$Proxy0.libvlc_media_player_stop(Luk/co/caprica/vlcj/binding/internal/libvlc_media_player_t;)V+16
j  uk.co.caprica.vlcj.player.DefaultMediaPlayer.stop()V+17
j  cmd.SCP_OutProgressMonitor.count(J)Z+311
j  com.jcraft.jsch.ChannelSftp._get(Ljava/lang/String;Ljava/io/OutputStream;Lcom/jcraft/jsch/SftpProgressMonitor;IJ)V+490
j  com.jcraft.jsch.ChannelSftp.get(Ljava/lang/String;Ljava/lang/String;Lcom/jcraft/jsch/SftpProgressMonitor;I)V+587
j  cmd.SCP.run()V+1027
v  ~StubRoutines::call_stub

---------------  P R O C E S S  ---------------

Java Threads: ( => current thread )
  0x14b47400 JavaThread "Connect thread 192.168.43.1 session" [_thread_blocked, id=5656, stack(0x159a0000,0x159f0000)]
  0x14b48000 JavaThread "Image Fetcher 0" daemon [_thread_blocked, id=5692, stack(0x175e0000,0x17630000)]
=>0x14b45000 JavaThread "Thread-28" [_thread_in_native, id=5792, stack(0x18840000,0x18890000)]
  0x14b46000 JavaThread "Connect thread 192.168.43.1 session" [_thread_in_native, id=6012, stack(0x18670000,0x186c0000)]
  0x14b45c00 JavaThread "Thread-25" [_thread_blocked, id=5676, stack(0x189d0000,0x18a20000)]
  0x14b45400 JavaThread "Thread-24" [_thread_blocked, id=6076, stack(0x158c0000,0x15910000)]
  0x14b50400 JavaThread "Swing-Shell" daemon [_thread_blocked, id=4144, stack(0x183f0000,0x18440000)]
  0x17713800 JavaThread "TimerQueue" daemon [_thread_blocked, id=6116, stack(0x16a80000,0x16ad0000)]
  0x022ac000 JavaThread "DestroyJavaVM" [_thread_blocked, id=5292, stack(0x02230000,0x02280000)]
  0x14c58400 JavaThread "Thread-8" [_thread_in_native, id=4624, stack(0x181d0000,0x18220000)]
  0x16045800 JavaThread "Timer-0" [_thread_blocked, id=3248, stack(0x17690000,0x176e0000)]
  0x14c5d800 JavaThread "AWT-EventQueue-0" [_thread_blocked, id=1128, stack(0x16230000,0x16280000)]
  0x14c31000 JavaThread "AWT-Windows" daemon [_thread_in_native, id=4200, stack(0x15780000,0x157d0000)]
  0x14c30000 JavaThread "AWT-Shutdown" [_thread_blocked, id=5328, stack(0x155d0000,0x15620000)]
  0x14c2d400 JavaThread "Java2D Disposer" daemon [_thread_blocked, id=5608, stack(0x152f0000,0x15340000)]
  0x14abb400 JavaThread "Service Thread" daemon [_thread_blocked, id=768, stack(0x15340000,0x15390000)]
  0x14ac8c00 JavaThread "C1 CompilerThread0" daemon [_thread_blocked, id=5752, stack(0x152a0000,0x152f0000)]
  0x14ac7800 JavaThread "Attach Listener" daemon [_thread_blocked, id=1152, stack(0x150d0000,0x15120000)]
  0x14ac6800 JavaThread "Signal Dispatcher" daemon [_thread_blocked, id=5560, stack(0x15220000,0x15270000)]
  0x14aa6000 JavaThread "Finalizer" daemon [_thread_blocked, id=5124, stack(0x14d70000,0x14dc0000)]
  0x14a80c00 JavaThread "Reference Handler" daemon [_thread_blocked, id=2328, stack(0x14dd0000,0x14e20000)]

Other Threads:
  0x14a7a800 VMThread [stack: 0x14e80000,0x14ed0000] [id=5820]
  0x14ac3400 WatcherThread [stack: 0x14e20000,0x14e70000] [id=3700]

VM state:not at safepoint (normal execution)

VM Mutex/Monitor currently owned by a thread: None

Heap:
 def new generation   total 6720K, used 3765K [0x04600000, 0x04d40000, 0x09b50000)
  eden space 6016K,  62% used [0x04600000, 0x049ad6d8, 0x04be0000)
  from space 704K,   0% used [0x04be0000, 0x04be0000, 0x04c90000)
  to   space 704K,   0% used [0x04c90000, 0x04c90000, 0x04d40000)
 tenured generation   total 14752K, used 8849K [0x09b50000, 0x0a9b8000, 0x14600000)
   the space 14752K,  59% used [0x09b50000, 0x0a3f4438, 0x0a3f4600, 0x0a9b8000)
 Metaspace       used 13308K, capacity 13557K, committed 13568K, reserved 13696K

Card table byte_map: [0x020c0000,0x02150000] byte_map_base: 0x0209d000

Polling page: 0x00680000

CodeCache: size=32768Kb used=3418Kb max_used=3418Kb free=29349Kb
 bounds [0x02580000, 0x028d8000, 0x04580000]
 total_blobs=1940 nmethods=1680 adapters=190
 compilation: enabled

Compilation events (10 events):
Event: 136.053 Thread 0x14ac8c00 1687             java.util.ArrayList$Itr::next (66 bytes)
Event: 136.053 Thread 0x14ac8c00 nmethod 1687 0x028d4f08 code [0x028d5040, 0x028d5214]
Event: 136.053 Thread 0x14ac8c00 1688             java.util.ArrayList$Itr::checkForComodification (23 bytes)
Event: 136.054 Thread 0x14ac8c00 nmethod 1688 0x028d5408 code [0x028d5510, 0x028d55ec]
Event: 136.124 Thread 0x14ac8c00 1689             javax.crypto.Cipher::update (64 bytes)
Event: 136.125 Thread 0x14ac8c00 nmethod 1689 0x028d56c8 code [0x028d57f0, 0x028d59b0]
Event: 136.125 Thread 0x14ac8c00 1690             javax.crypto.Cipher::checkCipherState (51 bytes)
Event: 136.126 Thread 0x14ac8c00 nmethod 1690 0x028d5b08 code [0x028d5c20, 0x028d5db8]
Event: 136.126 Thread 0x14ac8c00 1691   !         javax.crypto.Cipher::chooseFirstProvider (298 bytes)
Event: 136.128 Thread 0x14ac8c00 nmethod 1691 0x028d5e88 code [0x028d6060, 0x028d66f0]

GC Heap History (10 events):
Event: 131.588 GC heap before
{Heap before GC invocations=44 (full 1):
 def new generation   total 5504K, used 5215K [0x04600000, 0x04bf0000, 0x09b50000)
  eden space 4928K, 100% used [0x04600000, 0x04ad0000, 0x04ad0000)
  from space 576K,  49% used [0x04ad0000, 0x04b17de0, 0x04b60000)
  to   space 576K,   0% used [0x04b60000, 0x04b60000, 0x04bf0000)
 tenured generation   total 12092K, used 10752K [0x09b50000, 0x0a71f000, 0x14600000)
   the space 12092K,  88% used [0x09b50000, 0x0a5d0108, 0x0a5d0200, 0x0a71f000)
 Metaspace       used 13241K, capacity 13468K, committed 13568K, reserved 13696K
Event: 131.595 GC heap after
Heap after GC invocations=45 (full 1):
 def new generation   total 5504K, used 558K [0x04600000, 0x04bf0000, 0x09b50000)
  eden space 4928K,   0% used [0x04600000, 0x04600000, 0x04ad0000)
  from space 576K,  96% used [0x04b60000, 0x04beb8b8, 0x04bf0000)
  to   space 576K,   0% used [0x04ad0000, 0x04ad0000, 0x04b60000)
 tenured generation   total 12092K, used 10752K [0x09b50000, 0x0a71f000, 0x14600000)
   the space 12092K,  88% used [0x09b50000, 0x0a5d0108, 0x0a5d0200, 0x0a71f000)
 Metaspace       used 13241K, capacity 13468K, committed 13568K, reserved 13696K
}
Event: 132.181 GC heap before
{Heap before GC invocations=45 (full 1):
 def new generation   total 5504K, used 5486K [0x04600000, 0x04bf0000, 0x09b50000)
  eden space 4928K, 100% used [0x04600000, 0x04ad0000, 0x04ad0000)
  from space 576K,  96% used [0x04b60000, 0x04beb8b8, 0x04bf0000)
  to   space 576K,   0% used [0x04ad0000, 0x04ad0000, 0x04b60000)
 tenured generation   total 12092K, used 10752K [0x09b50000, 0x0a71f000, 0x14600000)
   the space 12092K,  88% used [0x09b50000, 0x0a5d0108, 0x0a5d0200, 0x0a71f000)
 Metaspace       used 13308K, capacity 13557K, committed 13568K, reserved 13696K
Event: 132.187 GC heap after
Heap after GC invocations=46 (full 1):
 def new generation   total 5504K, used 576K [0x04600000, 0x04bf0000, 0x09b50000)
  eden space 4928K,   0% used [0x04600000, 0x04600000, 0x04ad0000)
  from space 576K, 100% used [0x04ad0000, 0x04b60000, 0x04b60000)
  to   space 576K,   0% used [0x04b60000, 0x04b60000, 0x04bf0000)
 tenured generation   total 12092K, used 11287K [0x09b50000, 0x0a71f000, 0x14600000)
   the space 12092K,  93% used [0x09b50000, 0x0a655d90, 0x0a655e00, 0x0a71f000)
 Metaspace       used 13308K, capacity 13557K, committed 13568K, reserved 13696K
}
Event: 132.726 GC heap before
{Heap before GC invocations=46 (full 1):
 def new generation   total 5504K, used 5504K [0x04600000, 0x04bf0000, 0x09b50000)
  eden space 4928K, 100% used [0x04600000, 0x04ad0000, 0x04ad0000)
  from space 576K, 100% used [0x04ad0000, 0x04b60000, 0x04b60000)
  to   space 576K,   0% used [0x04b60000, 0x04b60000, 0x04bf0000)
 tenured generation   total 12092K, used 11287K [0x09b50000, 0x0a71f000, 0x14600000)
   the space 12092K,  93% used [0x09b50000, 0x0a655d90, 0x0a655e00, 0x0a71f000)
 Metaspace       used 13308K, capacity 13557K, committed 13568K, reserved 13696K
Event: 132.730 GC heap after
Heap after GC invocations=47 (full 1):
 def new generation   total 5504K, used 198K [0x04600000, 0x04bf0000, 0x09b50000)
  eden space 4928K,   0% used [0x04600000, 0x04600000, 0x04ad0000)
  from space 576K,  34% used [0x04b60000, 0x04b91bb8, 0x04bf0000)
  to   space 576K,   0% used [0x04ad0000, 0x04ad0000, 0x04b60000)
 tenured generation   total 12092K, used 11816K [0x09b50000, 0x0a71f000, 0x14600000)
   the space 12092K,  97% used [0x09b50000, 0x0a6da1f0, 0x0a6da200, 0x0a71f000)
 Metaspace       used 13308K, capacity 13557K, committed 13568K, reserved 13696K
}
Event: 134.594 GC heap before
{Heap before GC invocations=47 (full 1):
 def new generation   total 5504K, used 5110K [0x04600000, 0x04bf0000, 0x09b50000)
  eden space 4928K,  99% used [0x04600000, 0x04acbf30, 0x04ad0000)
  from space 576K,  34% used [0x04b60000, 0x04b91bb8, 0x04bf0000)
  to   space 576K,   0% used [0x04ad0000, 0x04ad0000, 0x04b60000)
 tenured generation   total 12092K, used 11816K [0x09b50000, 0x0a71f000, 0x14600000)
   the space 12092K,  97% used [0x09b50000, 0x0a6da1f0, 0x0a6da200, 0x0a71f000)
 Metaspace       used 13308K, capacity 13557K, committed 13568K, reserved 13696K
Event: 134.600 GC heap after
Heap after GC invocations=48 (full 1):
 def new generation   total 5504K, used 576K [0x04600000, 0x04bf0000, 0x09b50000)
  eden space 4928K,   0% used [0x04600000, 0x04600000, 0x04ad0000)
  from space 576K, 100% used [0x04ad0000, 0x04b60000, 0x04b60000)
  to   space 576K,   0% used [0x04b60000, 0x04b60000, 0x04bf0000)
 tenured generation   total 12092K, used 11909K [0x09b50000, 0x0a71f000, 0x14600000)
   the space 12092K,  98% used [0x09b50000, 0x0a6f1528, 0x0a6f1600, 0x0a71f000)
 Metaspace       used 13308K, capacity 13557K, committed 13568K, reserved 13696K
}
Event: 135.264 GC heap before
{Heap before GC invocations=48 (full 1):
 def new generation   total 5504K, used 5493K [0x04600000, 0x04bf0000, 0x09b50000)
  eden space 4928K,  99% used [0x04600000, 0x04acd598, 0x04ad0000)
  from space 576K, 100% used [0x04ad0000, 0x04b60000, 0x04b60000)
  to   space 576K,   0% used [0x04b60000, 0x04b60000, 0x04bf0000)
 tenured generation   total 12092K, used 11909K [0x09b50000, 0x0a71f000, 0x14600000)
   the space 12092K,  98% used [0x09b50000, 0x0a6f1528, 0x0a6f1600, 0x0a71f000)
 Metaspace       used 13308K, capacity 13557K, committed 13568K, reserved 13696K
Event: 135.310 GC heap after
Heap after GC invocations=49 (full 2):
 def new generation   total 6720K, used 0K [0x04600000, 0x04d40000, 0x09b50000)
  eden space 6016K,   0% used [0x04600000, 0x04600000, 0x04be0000)
  from space 704K,   0% used [0x04be0000, 0x04be0000, 0x04c90000)
  to   space 704K,   0% used [0x04c90000, 0x04c90000, 0x04d40000)
 tenured generation   total 14752K, used 8849K [0x09b50000, 0x0a9b8000, 0x14600000)
   the space 14752K,  59% used [0x09b50000, 0x0a3f4438, 0x0a3f4600, 0x0a9b8000)
 Metaspace       used 13308K, capacity 13557K, committed 13568K, reserved 13696K
}

Deoptimization events (0 events):
No events

Internal exceptions (10 events):
Event: 45.763 Thread 0x14b45400 Exception <a 'java/lang/NullPointerException'> (0x04768258) thrown at [C:\re\workspace\8-2-build-windows-i586-cygwin\jdk8u111\7883\hotspot\src\share\vm\interpreter\linkResolver.cpp, line 1178]
Event: 129.338 Thread 0x14c5d800 Exception <a 'java/lang/NullPointerException'> (0x048727f8) thrown at [C:\re\workspace\8-2-build-windows-i586-cygwin\jdk8u111\7883\hotspot\src\share\vm\interpreter\linkResolver.cpp, line 1178]
Event: 129.539 Thread 0x14c5d800 Exception <a 'java/lang/NullPointerException'> (0x048739b8) thrown at [C:\re\workspace\8-2-build-windows-i586-cygwin\jdk8u111\7883\hotspot\src\share\vm\interpreter\linkResolver.cpp, line 1178]
Event: 129.547 Thread 0x14b45000 Exception <a 'java/io/FileNotFoundException'> (0x0487af00) thrown at [C:\re\workspace\8-2-build-windows-i586-cygwin\jdk8u111\7883\hotspot\src\share\vm\prims\jni.cpp, line 709]
Event: 129.547 Thread 0x14b45000 Exception <a 'java/io/FileNotFoundException'> (0x0487b620) thrown at [C:\re\workspace\8-2-build-windows-i586-cygwin\jdk8u111\7883\hotspot\src\share\vm\prims\jni.cpp, line 709]
Event: 129.547 Thread 0x14b45000 Exception <a 'java/lang/NullPointerException'> (0x0487bba0) thrown at [C:\re\workspace\8-2-build-windows-i586-cygwin\jdk8u111\7883\hotspot\src\share\vm\interpreter\linkResolver.cpp, line 1178]
Event: 132.748 Thread 0x14b47400 Exception <a 'java/net/SocketException': Socket closed> (0x04611e10) thrown at [C:\re\workspace\8-2-build-windows-i586-cygwin\jdk8u111\7883\hotspot\src\share\vm\prims\jni.cpp, line 735]
Event: 132.751 Thread 0x14b45000 Exception <a 'java/io/FileNotFoundException'> (0x04634dd8) thrown at [C:\re\workspace\8-2-build-windows-i586-cygwin\jdk8u111\7883\hotspot\src\share\vm\prims\jni.cpp, line 709]
Event: 132.751 Thread 0x14b45000 Exception <a 'java/io/FileNotFoundException'> (0x046354d0) thrown at [C:\re\workspace\8-2-build-windows-i586-cygwin\jdk8u111\7883\hotspot\src\share\vm\prims\jni.cpp, line 709]
Event: 132.751 Thread 0x14b45000 Exception <a 'java/lang/NullPointerException'> (0x04635a50) thrown at [C:\re\workspace\8-2-build-windows-i586-cygwin\jdk8u111\7883\hotspot\src\share\vm\interpreter\linkResolver.cpp, line 1178]

Events (10 events):
Event: 135.782 Thread 0x14b46c00 Thread added: 0x14b46c00
Event: 135.783 Thread 0x14b46c00 Thread exited: 0x14b46c00
Event: 135.783 Thread 0x14b46c00 Thread added: 0x14b46c00
Event: 135.784 Thread 0x14b46c00 Thread exited: 0x14b46c00
Event: 136.054 Thread 0x14b46c00 Thread added: 0x14b46c00
Event: 136.054 Thread 0x14b46800 Thread exited: 0x14b46800
Event: 136.057 Executing VM operation: RevokeBias
Event: 136.057 Executing VM operation: RevokeBias done
Event: 136.057 Thread 0x14b46c00 Thread exited: 0x14b46c00
Event: 136.057 Thread 0x14b47c00 Thread exited: 0x14b47c00


Dynamic libraries:
0x00c80000 - 0x00cb3000 	C:\Program Files (x86)\Java\jdk1.8.0_111\bin\java.exe
0x77510000 - 0x77690000 	C:\Windows\SysWOW64\ntdll.dll
0x768d0000 - 0x769e0000 	C:\Windows\syswow64\kernel32.dll
0x75090000 - 0x750d7000 	C:\Windows\syswow64\KERNELBASE.dll
0x76ea0000 - 0x76f41000 	C:\Windows\syswow64\ADVAPI32.dll
0x76bb0000 - 0x76c5c000 	C:\Windows\syswow64\msvcrt.dll
0x767c0000 - 0x767d9000 	C:\Windows\SysWOW64\sechost.dll
0x74fa0000 - 0x75090000 	C:\Windows\syswow64\RPCRT4.dll
0x74e00000 - 0x74e60000 	C:\Windows\syswow64\SspiCli.dll
0x74df0000 - 0x74dfc000 	C:\Windows\syswow64\CRYPTBASE.dll
0x77010000 - 0x77110000 	C:\Windows\syswow64\USER32.dll
0x76f70000 - 0x77000000 	C:\Windows\syswow64\GDI32.dll
0x77000000 - 0x7700a000 	C:\Windows\syswow64\LPK.dll
0x76a10000 - 0x76aad000 	C:\Windows\syswow64\USP10.dll
0x73b00000 - 0x73c9e000 	C:\Windows\WinSxS\x86_microsoft.windows.common-controls_6595b64144ccf1df_6.0.7601.18837_none_41e855142bd5705d\COMCTL32.dll
0x76870000 - 0x768c7000 	C:\Windows\syswow64\SHLWAPI.dll
0x750e0000 - 0x75140000 	C:\Windows\system32\IMM32.DLL
0x76ae0000 - 0x76bad000 	C:\Windows\syswow64\MSCTF.dll
0x555c0000 - 0x5567f000 	C:\Program Files (x86)\Java\jdk1.8.0_111\jre\bin\msvcr100.dll
0x54ee0000 - 0x552ad000 	C:\Program Files (x86)\Java\jdk1.8.0_111\jre\bin\client\jvm.dll
0x74350000 - 0x74357000 	C:\Windows\system32\WSOCK32.dll
0x74f00000 - 0x74f35000 	C:\Windows\syswow64\WS2_32.dll
0x756d0000 - 0x756d6000 	C:\Windows\syswow64\NSI.dll
0x717f0000 - 0x71822000 	C:\Windows\system32\WINMM.dll
0x74130000 - 0x74139000 	C:\Windows\system32\VERSION.dll
0x769e0000 - 0x769e5000 	C:\Windows\syswow64\PSAPI.DLL
0x55710000 - 0x5571c000 	C:\Program Files (x86)\Java\jdk1.8.0_111\jre\bin\verify.dll
0x55590000 - 0x555b1000 	C:\Program Files (x86)\Java\jdk1.8.0_111\jre\bin\java.dll
0x556f0000 - 0x55703000 	C:\Program Files (x86)\Java\jdk1.8.0_111\jre\bin\zip.dll
0x758f0000 - 0x7653c000 	C:\Windows\syswow64\SHELL32.dll
0x75220000 - 0x7537d000 	C:\Windows\syswow64\ole32.dll
0x76a00000 - 0x76a0b000 	C:\Windows\syswow64\profapi.dll
0x55410000 - 0x55556000 	C:\Program Files (x86)\Java\jdk1.8.0_111\jre\bin\awt.dll
0x74e60000 - 0x74ef1000 	C:\Windows\syswow64\OLEAUT32.dll
0x737d0000 - 0x73850000 	C:\Windows\system32\uxtheme.dll
0x73a40000 - 0x73a53000 	C:\Windows\system32\dwmapi.dll
0x553d0000 - 0x55409000 	C:\Program Files (x86)\Java\jdk1.8.0_111\jre\bin\fontmanager.dll
0x55570000 - 0x55586000 	C:\Program Files (x86)\Java\jdk1.8.0_111\jre\bin\net.dll
0x71e30000 - 0x71e6c000 	C:\Windows\system32\mswsock.dll
0x71c10000 - 0x71c16000 	C:\Windows\System32\wship6.dll
0x55560000 - 0x5556f000 	C:\Program Files (x86)\Java\jdk1.8.0_111\jre\bin\nio.dll
0x55390000 - 0x553c2000 	C:\Program Files (x86)\Java\jdk1.8.0_111\jre\bin\t2k.dll
0x712b0000 - 0x712d6000 	C:\Program Files (x86)\Java\jdk1.8.0_111\jre\bin\jpeg.dll
0x767e0000 - 0x76863000 	C:\Windows\syswow64\CLBCatQ.DLL
0x6e510000 - 0x6e641000 	C:\Windows\system32\WindowsCodecs.dll
0x6fda0000 - 0x6fdec000 	C:\Windows\system32\apphelp.dll
0x5a880000 - 0x5a8b1000 	C:\Windows\system32\EhStorShell.dll
0x756f0000 - 0x7588d000 	C:\Windows\syswow64\SETUPAPI.dll
0x75890000 - 0x758b7000 	C:\Windows\syswow64\CFGMGR32.dll
0x767a0000 - 0x767b2000 	C:\Windows\syswow64\DEVOBJ.dll
0x71670000 - 0x71765000 	C:\Windows\system32\PROPSYS.dll
0x5c270000 - 0x5c2e0000 	C:\Windows\system32\ntshrui.dll
0x72450000 - 0x72469000 	C:\Windows\system32\srvcli.dll
0x5c260000 - 0x5c26b000 	C:\Windows\system32\cscapi.dll
0x63c40000 - 0x63c4a000 	C:\Windows\system32\slc.dll
0x73dd0000 - 0x73de7000 	C:\Windows\system32\CRYPTSP.dll
0x72a30000 - 0x72a6b000 	C:\Windows\system32\rsaenh.dll
0x76ac0000 - 0x76ad7000 	C:\Windows\syswow64\USERENV.dll
0x74170000 - 0x7418c000 	C:\Windows\system32\IPHLPAPI.DLL
0x74160000 - 0x74167000 	C:\Windows\system32\WINNSI.DLL
0x71bf0000 - 0x71c02000 	C:\Windows\system32\dhcpcsvc.DLL
0x71be0000 - 0x71bed000 	C:\Windows\system32\dhcpcsvc6.DLL
0x166a0000 - 0x166f5000 	C:\Users\Melonman\AppData\Local\Temp\jna4366570383056930479.dll
0x71250000 - 0x71272000 	C:\Users\Melonman\Documents\NetBeansProjects\SoSSH\VLC\libvlc.dll
0x70f30000 - 0x71166000 	C:\Users\Melonman\Documents\NetBeansProjects\SoSSH\VLC\libvlccore.dll
0x711d0000 - 0x7120b000 	C:\Users\Melonman\Documents\NetBeansProjects\SoSSH\VLC\plugins\access\libdshow_plugin.dll
0x71230000 - 0x71243000 	C:\Users\Melonman\Documents\NetBeansProjects\SoSSH\VLC\plugins\audio_output\libaout_directx_plugin.dll
0x71210000 - 0x71222000 	C:\Users\Melonman\Documents\NetBeansProjects\SoSSH\VLC\plugins\audio_output\libwaveout_plugin.dll
0x70990000 - 0x70a02000 	C:\Windows\system32\dsound.dll
0x71170000 - 0x71195000 	C:\Windows\system32\POWRPROF.dll
0x54360000 - 0x54edb000 	C:\Users\Melonman\Documents\NetBeansProjects\SoSSH\VLC\plugins\gui\libqt4_plugin.dll
0x751a0000 - 0x7521b000 	C:\Windows\syswow64\COMDLG32.DLL
0x730a0000 - 0x730f1000 	C:\Windows\system32\WINSPOOL.DRV
0x70850000 - 0x70984000 	C:\Users\Melonman\Documents\NetBeansProjects\SoSSH\VLC\plugins\misc\libxml_plugin.dll
0x711b0000 - 0x711c8000 	C:\Users\Melonman\Documents\NetBeansProjects\SoSSH\VLC\plugins\video_output\libdirectx_plugin.dll
0x71290000 - 0x712a0000 	C:\Users\Melonman\Documents\NetBeansProjects\SoSSH\VLC\plugins\mmxext\libmemcpymmxext_plugin.dll
0x70f10000 - 0x70f22000 	C:\Users\Melonman\Documents\NetBeansProjects\SoSSH\VLC\plugins\control\libhotkeys_plugin.dll
0x55330000 - 0x55354000 	C:\Program Files (x86)\Java\jdk1.8.0_111\jre\bin\dcpr.dll
0x6fd10000 - 0x6fd94000 	C:\Windows\WinSxS\x86_microsoft.windows.common-controls_6595b64144ccf1df_5.82.7601.18837_none_ec86b8d6858ec0bc\comctl32.dll
0x73a10000 - 0x73a31000 	C:\Windows\system32\ntmarta.dll
0x75140000 - 0x75185000 	C:\Windows\syswow64\WLDAP32.dll
0x5c0c0000 - 0x5c258000 	C:\Windows\system32\NetworkExplorer.dll
0x70eb0000 - 0x70edf000 	C:\Windows\System32\shdocvw.dll
0x70ef0000 - 0x70f02000 	C:\Windows\system32\MPR.dll
0x712a0000 - 0x712a8000 	C:\Windows\System32\drprov.dll
0x717c0000 - 0x717e9000 	C:\Windows\System32\WINSTA.dll
0x70e90000 - 0x70ea4000 	C:\Windows\System32\ntlanman.dll
0x70830000 - 0x70848000 	C:\Windows\System32\davclnt.dll
0x71280000 - 0x71288000 	C:\Windows\System32\DAVHLPR.dll
0x72440000 - 0x7244f000 	C:\Windows\system32\wkscli.dll
0x72470000 - 0x72479000 	C:\Windows\system32\netutils.dll
0x5a640000 - 0x5a878000 	C:\Windows\system32\wpdshext.dll
0x6f0e0000 - 0x6f271000 	C:\Windows\WinSxS\x86_microsoft.windows.gdiplus_6595b64144ccf1df_1.1.7601.23545_none_5c06d189a00e2c29\gdiplus.dll
0x707a0000 - 0x70829000 	C:\Windows\system32\PortableDeviceApi.dll
0x75600000 - 0x7562f000 	C:\Windows\syswow64\WINTRUST.dll
0x754d0000 - 0x755f1000 	C:\Windows\syswow64\CRYPT32.dll
0x769f0000 - 0x769fc000 	C:\Windows\syswow64\MSASN1.dll
0x70720000 - 0x7075f000 	C:\Windows\system32\audiodev.dll
0x70480000 - 0x706e7000 	C:\Windows\system32\WMVCore.DLL
0x70760000 - 0x7079d000 	C:\Windows\system32\WMASF.DLL
0x5c090000 - 0x5c0b2000 	C:\Windows\system32\EhStorAPI.dll
0x706f0000 - 0x70710000 	C:\Program Files (x86)\Java\jdk1.8.0_111\jre\bin\sunec.dll
0x70e70000 - 0x70e79000 	C:\Program Files (x86)\Java\jdk1.8.0_111\jre\bin\sunmscapi.dll
0x711a0000 - 0x711a6000 	C:\Program Files (x86)\Java\jdk1.8.0_111\jre\bin\jawt.dll
0x5c060000 - 0x5c08c000 	C:\Users\Melonman\Documents\NetBeansProjects\SoSSH\VLC\plugins\access\liblibbluray_plugin.dll
0x5c040000 - 0x5c05d000 	C:\Users\Melonman\Documents\NetBeansProjects\SoSSH\VLC\plugins\access\libaccess_bd_plugin.dll
0x5bff0000 - 0x5c035000 	C:\Users\Melonman\Documents\NetBeansProjects\SoSSH\VLC\plugins\access\libdvdnav_plugin.dll
0x5bea0000 - 0x5beb2000 	C:\Users\Melonman\Documents\NetBeansProjects\SoSSH\VLC\plugins\access\libaccess_vdr_plugin.dll
0x5bb80000 - 0x5bb91000 	C:\Users\Melonman\Documents\NetBeansProjects\SoSSH\VLC\plugins\access\libfilesystem_plugin.dll
0x5bb00000 - 0x5bb73000 	C:\Users\Melonman\Documents\NetBeansProjects\SoSSH\VLC\plugins\stream_filter\libstream_filter_httplive_plugin.dll
0x5ba40000 - 0x5baf7000 	C:\Users\Melonman\Documents\NetBeansProjects\SoSSH\VLC\plugins\stream_filter\libstream_filter_dash_plugin.dll
0x70ee0000 - 0x70ef0000 	C:\Users\Melonman\Documents\NetBeansProjects\SoSSH\VLC\plugins\access\libstream_filter_rar_plugin.dll
0x5ba20000 - 0x5ba3b000 	C:\Users\Melonman\Documents\NetBeansProjects\SoSSH\VLC\plugins\access\libzip_plugin.dll
0x70e80000 - 0x70e8f000 	C:\Users\Melonman\Documents\NetBeansProjects\SoSSH\VLC\plugins\stream_filter\libstream_filter_record_plugin.dll
0x5b9e0000 - 0x5ba16000 	C:\Users\Melonman\Documents\NetBeansProjects\SoSSH\VLC\plugins\demux\libmp4_plugin.dll
0x5a300000 - 0x5a31c000 	C:\Users\Melonman\Documents\NetBeansProjects\SoSSH\VLC\plugins\demux\libavi_plugin.dll
0x59e60000 - 0x59e78000 	C:\Users\Melonman\Documents\NetBeansProjects\SoSSH\VLC\plugins\demux\libasf_plugin.dll
0x59e40000 - 0x59e51000 	C:\Users\Melonman\Documents\NetBeansProjects\SoSSH\VLC\plugins\demux\libflacsys_plugin.dll
0x59e20000 - 0x59e31000 	C:\Users\Melonman\Documents\NetBeansProjects\SoSSH\VLC\plugins\demux\libes_plugin.dll
0x59db0000 - 0x59e15000 	C:\Users\Melonman\Documents\NetBeansProjects\SoSSH\VLC\plugins\codec\libtheora_plugin.dll
0x70710000 - 0x70720000 	C:\Users\Melonman\Documents\NetBeansProjects\SoSSH\VLC\plugins\codec\librawvideo_plugin.dll
0x59d80000 - 0x59dac000 	C:\Users\Melonman\Documents\NetBeansProjects\SoSSH\VLC\plugins\codec\libspeex_plugin.dll
0x59bd0000 - 0x59d7a000 	C:\Users\Melonman\Documents\NetBeansProjects\SoSSH\VLC\plugins\codec\libvorbis_plugin.dll
0x70470000 - 0x70480000 	C:\Users\Melonman\Documents\NetBeansProjects\SoSSH\VLC\plugins\codec\libaes3_plugin.dll
0x59bb0000 - 0x59bc1000 	C:\Users\Melonman\Documents\NetBeansProjects\SoSSH\VLC\plugins\codec\liblpcm_plugin.dll
0x59b90000 - 0x59ba1000 	C:\Users\Melonman\Documents\NetBeansProjects\SoSSH\VLC\plugins\packetizer\libpacketizer_flac_plugin.dll
0x59b70000 - 0x59b83000 	C:\Users\Melonman\Documents\NetBeansProjects\SoSSH\VLC\plugins\packetizer\libpacketizer_dirac_plugin.dll
0x59b50000 - 0x59b61000 	C:\Users\Melonman\Documents\NetBeansProjects\SoSSH\VLC\plugins\packetizer\libpacketizer_mlp_plugin.dll

VM Arguments:
jvm_args: -Dfile.encoding=UTF-8 
java_command: soSSH.SoSSH
java_class_path (initial): C:\Users\Melonman\Documents\NetBeansProjects\SoSSH\lib\jna-3.3.0-platform.jar;C:\Users\Melonman\Documents\NetBeansProjects\SoSSH\lib\jna-3.3.0.jar;C:\Users\Melonman\Documents\NetBeansProjects\SoSSH\lib\jsch-0.1.54.jar;C:\Users\Melonman\Documents\NetBeansProjects\SoSSH\lib\vlcj-1.2.1-b2.jar;C:\Users\Melonman\Documents\NetBeansProjects\SoSSH\build\classes
Launcher Type: SUN_STANDARD

Environment Variables:
PATH=C:\ProgramData\Oracle\Java\javapath;C:\Windows\system32;C:\Windows;C:\Windows\System32\Wbem;C:\Windows\System32\WindowsPowerShell\v1.0\;C:\Program Files\Intel\WiFi\bin\;C:\Program Files\Common Files\Intel\WirelessCommon\;C:\Program Files\OpenVPN\bin;C:\Program Files\Intel\WiFi\bin\;C:\Program Files\Common Files\Intel\WirelessCommon\
USERNAME=Melonman
OS=Windows_NT
PROCESSOR_IDENTIFIER=Intel64 Family 6 Model 78 Stepping 3, GenuineIntel



---------------  S Y S T E M  ---------------

OS: Windows 7 , 64 bit Build 7601 (6.1.7601.23572)

CPU:total 4 (2 cores per cpu, 2 threads per core) family 6 model 78 stepping 3, cmov, cx8, fxsr, mmx, sse, sse2, sse3, ssse3, sse4.1, sse4.2, popcnt, aes, clmul, erms, 3dnowpref, lzcnt, ht, tsc, tscinvbit

Memory: 4k page, physical 4050948k(1257244k free), swap 8100036k(5196672k free)

vm_info: Java HotSpot(TM) Client VM (25.111-b14) for windows-x86 JRE (1.8.0_111-b14), built on Sep 22 2016 18:54:33 by "java_re" with MS VC++ 10.0 (VS2010)

time: Thu Feb 16 23:21:58 2017
elapsed time: 136 seconds (0d 0h 2m 16s)

