#
# A fatal error has been detected by the Java Runtime Environment:
#
#  EXCEPTION_ACCESS_VIOLATION (0xc0000005) at pc=0x7755eb83, pid=5320, tid=0x00001530
#
# JRE version: Java(TM) SE Runtime Environment (8.0_111-b14) (build 1.8.0_111-b14)
# Java VM: Java HotSpot(TM) Client VM (25.111-b14 mixed mode windows-x86 )
# Problematic frame:
# C  [ntdll.dll+0x4eb83]
#
# Failed to write core dump. Minidumps are not enabled by default on client versions of Windows
#
# If you would like to submit a bug report, please visit:
#   http://bugreport.java.com/bugreport/crash.jsp
# The crash happened outside the Java Virtual Machine in native code.
# See problematic frame for where to report the bug.
#

---------------  T H R E A D  ---------------

Current thread (0x17804c00):  JavaThread "Thread-16" [_thread_in_native, id=5424, stack(0x18e10000,0x18e60000)]

siginfo: ExceptionCode=0xc0000005, writing address 0x00000014

Registers:
EAX=0x00000000, EBX=0xfffffffc, ECX=0x00000000, EDX=0x00000004
ESP=0x18e5ebb4, EBP=0x18e5ec04, ESI=0x18150f20, EDI=0x18150f24
EIP=0x7755eb83, EFLAGS=0x00010213

Top of Stack: (sp=0x18e5ebb4)
0x18e5ebb4:   18150f20 18150f24 18150f20 16b950c4
0x18e5ebc4:   169c0fc8 169c0438 001cb730 18e5ebec
0x18e5ebd4:   54f990a3 15d78688 169c0fc8 169c0438
0x18e5ebe4:   001cb730 00000009 18e5ec14 00000000
0x18e5ebf4:   00000000 00000000 7ef85000 000006c0
0x18e5ec04:   18e5ec2c 7755ea92 00000000 00000000
0x18e5ec14:   18150f20 18e5ed70 18150f00 00000004
0x18e5ec24:   00000000 00000001 18e5eca8 70868c3f 

Instructions: (pc=0x7755eb83)
0x7755eb63:   c2 8b d8 8b c1 f0 0f b1 1f 3b c1 0f 85 b2 03 00
0x7755eb73:   00 33 c0 89 45 0c 89 45 08 8b 06 83 f8 ff 74 03
0x7755eb83:   ff 40 14 8b 5d f4 8b 7d f0 80 3d 82 03 fe 7f 00
0x7755eb93:   0f 85 74 38 03 00 8b 45 fc 57 6a 00 83 f8 ff 0f 


Register to memory mapping:

EAX=0x00000000 is an unknown value
EBX=0xfffffffc is an unknown value
ECX=0x00000000 is an unknown value
EDX=0x00000004 is an unknown value
ESP=0x18e5ebb4 is pointing into the stack for thread: 0x17804c00
EBP=0x18e5ec04 is pointing into the stack for thread: 0x17804c00
ESI=0x18150f20 is an unknown value
EDI=0x18150f24 is an unknown value


Stack: [0x18e10000,0x18e60000],  sp=0x18e5ebb4,  free space=314k
Native frames: (J=compiled Java code, j=interpreted, Vv=VM code, C=native code)
C  [ntdll.dll+0x4eb83]
C  [ntdll.dll+0x4ea92]
C  [libvlccore.dll+0x98c3f]
C  [jna7068186009593662276.dll+0xc782]
C  [jna7068186009593662276.dll+0x44ae]
C  [jna7068186009593662276.dll+0x4c8e]
j  com.sun.jna.Native.invokeVoid(JI[Ljava/lang/Object;)V+0
j  com.sun.jna.Function.invoke([Ljava/lang/Object;Ljava/lang/Class;Z)Ljava/lang/Object;+48
J 598 C1 com.sun.jna.Function.invoke(Ljava/lang/Class;[Ljava/lang/Object;Ljava/util/Map;)Ljava/lang/Object; (526 bytes) @ 0x02789e08 [0x02789930+0x4d8]
j  com.sun.jna.Library$Handler.invoke(Ljava/lang/Object;Ljava/lang/reflect/Method;[Ljava/lang/Object;)Ljava/lang/Object;+341
j  com.sun.proxy.$Proxy0.libvlc_media_player_stop(Luk/co/caprica/vlcj/binding/internal/libvlc_media_player_t;)V+16
j  uk.co.caprica.vlcj.player.DefaultMediaPlayer.stop()V+17
j  cmd.SCP.run()V+1351
v  ~StubRoutines::call_stub
V  [jvm.dll+0x15a895]
V  [jvm.dll+0x220bfe]
V  [jvm.dll+0x15a92e]
V  [jvm.dll+0x15aab6]
V  [jvm.dll+0x15ab27]
V  [jvm.dll+0xfef8f]
V  [jvm.dll+0x17d6f0]
V  [jvm.dll+0x17df6a]
V  [jvm.dll+0x1c29c6]
C  [msvcr100.dll+0x5c556]
C  [msvcr100.dll+0x5c600]
C  [kernel32.dll+0x1336a]
C  [ntdll.dll+0x39902]
C  [ntdll.dll+0x398d5]
C  0x00000000

Java frames: (J=compiled Java code, j=interpreted, Vv=VM code)
j  com.sun.jna.Native.invokeVoid(JI[Ljava/lang/Object;)V+0
j  com.sun.jna.Function.invoke([Ljava/lang/Object;Ljava/lang/Class;Z)Ljava/lang/Object;+48
J 598 C1 com.sun.jna.Function.invoke(Ljava/lang/Class;[Ljava/lang/Object;Ljava/util/Map;)Ljava/lang/Object; (526 bytes) @ 0x02789e08 [0x02789930+0x4d8]
j  com.sun.jna.Library$Handler.invoke(Ljava/lang/Object;Ljava/lang/reflect/Method;[Ljava/lang/Object;)Ljava/lang/Object;+341
j  com.sun.proxy.$Proxy0.libvlc_media_player_stop(Luk/co/caprica/vlcj/binding/internal/libvlc_media_player_t;)V+16
j  uk.co.caprica.vlcj.player.DefaultMediaPlayer.stop()V+17
j  cmd.SCP.run()V+1351
v  ~StubRoutines::call_stub

---------------  P R O C E S S  ---------------

Java Threads: ( => current thread )
  0x17807c00 JavaThread "Connect thread 192.168.43.1 session" [_thread_in_native, id=2612, stack(0x18ff0000,0x19040000)]
=>0x17804c00 JavaThread "Thread-16" [_thread_in_native, id=5424, stack(0x18e10000,0x18e60000)]
  0x17806000 JavaThread "Connect thread 192.168.43.1 session" [_thread_in_native, id=5032, stack(0x15620000,0x15670000)]
  0x17805800 JavaThread "Thread-13" [_thread_blocked, id=5440, stack(0x18c40000,0x18c90000)]
  0x17805400 JavaThread "Thread-12" [_thread_blocked, id=4016, stack(0x187d0000,0x18820000)]
  0x17804400 JavaThread "Swing-Shell" daemon [_thread_blocked, id=4060, stack(0x15940000,0x15990000)]
  0x17804000 JavaThread "TimerQueue" daemon [_thread_blocked, id=5472, stack(0x15a70000,0x15ac0000)]
  0x17803800 JavaThread "DestroyJavaVM" [_thread_blocked, id=4800, stack(0x022f0000,0x02340000)]
  0x160bd800 JavaThread "Thread-8" [_thread_in_native, id=4108, stack(0x18410000,0x18460000)]
  0x1607c000 JavaThread "Timer-0" [_thread_blocked, id=5652, stack(0x17690000,0x176e0000)]
  0x14e5a000 JavaThread "AWT-EventQueue-0" [_thread_blocked, id=5312, stack(0x16210000,0x16260000)]
  0x14e21400 JavaThread "AWT-Windows" daemon [_thread_in_native, id=5776, stack(0x15750000,0x157a0000)]
  0x14e20800 JavaThread "AWT-Shutdown" [_thread_blocked, id=5152, stack(0x15300000,0x15350000)]
  0x14e1dc00 JavaThread "Java2D Disposer" daemon [_thread_blocked, id=5784, stack(0x15670000,0x156c0000)]
  0x14cc0400 JavaThread "Service Thread" daemon [_thread_blocked, id=5576, stack(0x15200000,0x15250000)]
  0x14cc8800 JavaThread "C1 CompilerThread0" daemon [_thread_blocked, id=5304, stack(0x15360000,0x153b0000)]
  0x14cc7800 JavaThread "Attach Listener" daemon [_thread_blocked, id=1720, stack(0x14e60000,0x14eb0000)]
  0x14cc6800 JavaThread "Signal Dispatcher" daemon [_thread_blocked, id=4276, stack(0x04760000,0x047b0000)]
  0x14ca6000 JavaThread "Finalizer" daemon [_thread_blocked, id=960, stack(0x150b0000,0x15100000)]
  0x14c80c00 JavaThread "Reference Handler" daemon [_thread_blocked, id=4176, stack(0x04700000,0x04750000)]

Other Threads:
  0x14c7a800 VMThread [stack: 0x04670000,0x046c0000] [id=5996]
  0x14cc3000 WatcherThread [stack: 0x15530000,0x15580000] [id=5496]

VM state:not at safepoint (normal execution)

VM Mutex/Monitor currently owned by a thread: None

Heap:
 def new generation   total 5696K, used 957K [0x04800000, 0x04e20000, 0x09d50000)
  eden space 5120K,  13% used [0x04800000, 0x048abc70, 0x04d00000)
  from space 576K,  46% used [0x04d90000, 0x04dd3998, 0x04e20000)
  to   space 576K,   0% used [0x04d00000, 0x04d00000, 0x04d90000)
 tenured generation   total 12364K, used 11765K [0x09d50000, 0x0a963000, 0x14800000)
   the space 12364K,  95% used [0x09d50000, 0x0a8cd6a8, 0x0a8cd800, 0x0a963000)
 Metaspace       used 13304K, capacity 13555K, committed 13568K, reserved 13696K

Card table byte_map: [0x02120000,0x021b0000] byte_map_base: 0x020fc000

Polling page: 0x002d0000

CodeCache: size=32768Kb used=2923Kb max_used=2923Kb free=29844Kb
 bounds [0x02610000, 0x028f0000, 0x04610000]
 total_blobs=1666 nmethods=1403 adapters=192
 compilation: enabled

Compilation events (10 events):
Event: 50.596 Thread 0x14cc8800 1409             com.sun.crypto.provider.AESCrypt::makeSessionKey (790 bytes)
Event: 50.607 Thread 0x14cc8800 nmethod 1409 0x028e6fc8 code [0x028e7230, 0x028e80bc]
Event: 50.608 Thread 0x14cc8800 1410  s          java.security.Provider::getService (92 bytes)
Event: 50.609 Thread 0x14cc8800 nmethod 1410 0x028e9a88 code [0x028e9be0, 0x028ea00c]
Event: 50.789 Thread 0x14cc8800 1411             java.io.FileOutputStream::write (12 bytes)
Event: 50.789 Thread 0x14cc8800 nmethod 1411 0x028ea508 code [0x028ea600, 0x028ea6ac]
Event: 52.018 Thread 0x14cc8800 1413             com.sun.crypto.provider.AESCrypt::expandToSubKey (139 bytes)
Event: 52.018 Thread 0x14cc8800 nmethod 1413 0x028ea708 code [0x028ea820, 0x028eaa90]
Event: 52.280 Thread 0x14cc8800 1414             com.sun.jna.Pointer::<init> (10 bytes)
Event: 52.280 Thread 0x14cc8800 nmethod 1414 0x028ead88 code [0x028eae80, 0x028eaf20]

GC Heap History (10 events):
Event: 44.247 GC heap before
{Heap before GC invocations=24 (full 1):
 def new generation   total 5696K, used 5435K [0x04800000, 0x04e20000, 0x09d50000)
  eden space 5120K, 100% used [0x04800000, 0x04d00000, 0x04d00000)
  from space 576K,  54% used [0x04d00000, 0x04d4eca8, 0x04d90000)
  to   space 576K,   0% used [0x04d90000, 0x04d90000, 0x04e20000)
 tenured generation   total 12364K, used 10051K [0x09d50000, 0x0a963000, 0x14800000)
   the space 12364K,  81% used [0x09d50000, 0x0a720d40, 0x0a720e00, 0x0a963000)
 Metaspace       used 13202K, capacity 13428K, committed 13568K, reserved 13696K
Event: 44.253 GC heap after
Heap after GC invocations=25 (full 1):
 def new generation   total 5696K, used 325K [0x04800000, 0x04e20000, 0x09d50000)
  eden space 5120K,   0% used [0x04800000, 0x04800000, 0x04d00000)
  from space 576K,  56% used [0x04d90000, 0x04de1450, 0x04e20000)
  to   space 576K,   0% used [0x04d00000, 0x04d00000, 0x04d90000)
 tenured generation   total 12364K, used 10178K [0x09d50000, 0x0a963000, 0x14800000)
   the space 12364K,  82% used [0x09d50000, 0x0a740a28, 0x0a740c00, 0x0a963000)
 Metaspace       used 13202K, capacity 13428K, committed 13568K, reserved 13696K
}
Event: 46.716 GC heap before
{Heap before GC invocations=25 (full 1):
 def new generation   total 5696K, used 5445K [0x04800000, 0x04e20000, 0x09d50000)
  eden space 5120K, 100% used [0x04800000, 0x04d00000, 0x04d00000)
  from space 576K,  56% used [0x04d90000, 0x04de1450, 0x04e20000)
  to   space 576K,   0% used [0x04d00000, 0x04d00000, 0x04d90000)
 tenured generation   total 12364K, used 10178K [0x09d50000, 0x0a963000, 0x14800000)
   the space 12364K,  82% used [0x09d50000, 0x0a740a28, 0x0a740c00, 0x0a963000)
 Metaspace       used 13289K, capacity 13523K, committed 13568K, reserved 13696K
Event: 46.720 GC heap after
Heap after GC invocations=26 (full 1):
 def new generation   total 5696K, used 576K [0x04800000, 0x04e20000, 0x09d50000)
  eden space 5120K,   0% used [0x04800000, 0x04800000, 0x04d00000)
  from space 576K, 100% used [0x04d00000, 0x04d90000, 0x04d90000)
  to   space 576K,   0% used [0x04d90000, 0x04d90000, 0x04e20000)
 tenured generation   total 12364K, used 10534K [0x09d50000, 0x0a963000, 0x14800000)
   the space 12364K,  85% used [0x09d50000, 0x0a799b98, 0x0a799c00, 0x0a963000)
 Metaspace       used 13289K, capacity 13523K, committed 13568K, reserved 13696K
}
Event: 47.529 GC heap before
{Heap before GC invocations=26 (full 1):
 def new generation   total 5696K, used 5696K [0x04800000, 0x04e20000, 0x09d50000)
  eden space 5120K, 100% used [0x04800000, 0x04d00000, 0x04d00000)
  from space 576K, 100% used [0x04d00000, 0x04d90000, 0x04d90000)
  to   space 576K,   0% used [0x04d90000, 0x04d90000, 0x04e20000)
 tenured generation   total 12364K, used 10534K [0x09d50000, 0x0a963000, 0x14800000)
   the space 12364K,  85% used [0x09d50000, 0x0a799b98, 0x0a799c00, 0x0a963000)
 Metaspace       used 13302K, capacity 13555K, committed 13568K, reserved 13696K
Event: 47.532 GC heap after
Heap after GC invocations=27 (full 1):
 def new generation   total 5696K, used 346K [0x04800000, 0x04e20000, 0x09d50000)
  eden space 5120K,   0% used [0x04800000, 0x04800000, 0x04d00000)
  from space 576K,  60% used [0x04d90000, 0x04de6b20, 0x04e20000)
  to   space 576K,   0% used [0x04d00000, 0x04d00000, 0x04d90000)
 tenured generation   total 12364K, used 11038K [0x09d50000, 0x0a963000, 0x14800000)
   the space 12364K,  89% used [0x09d50000, 0x0a817b38, 0x0a817c00, 0x0a963000)
 Metaspace       used 13302K, capacity 13555K, committed 13568K, reserved 13696K
}
Event: 49.427 GC heap before
{Heap before GC invocations=27 (full 1):
 def new generation   total 5696K, used 5466K [0x04800000, 0x04e20000, 0x09d50000)
  eden space 5120K, 100% used [0x04800000, 0x04d00000, 0x04d00000)
  from space 576K,  60% used [0x04d90000, 0x04de6b20, 0x04e20000)
  to   space 576K,   0% used [0x04d00000, 0x04d00000, 0x04d90000)
 tenured generation   total 12364K, used 11038K [0x09d50000, 0x0a963000, 0x14800000)
   the space 12364K,  89% used [0x09d50000, 0x0a817b38, 0x0a817c00, 0x0a963000)
 Metaspace       used 13303K, capacity 13555K, committed 13568K, reserved 13696K
Event: 49.433 GC heap after
Heap after GC invocations=28 (full 1):
 def new generation   total 5696K, used 576K [0x04800000, 0x04e20000, 0x09d50000)
  eden space 5120K,   0% used [0x04800000, 0x04800000, 0x04d00000)
  from space 576K, 100% used [0x04d00000, 0x04d90000, 0x04d90000)
  to   space 576K,   0% used [0x04d90000, 0x04d90000, 0x04e20000)
 tenured generation   total 12364K, used 11252K [0x09d50000, 0x0a963000, 0x14800000)
   the space 12364K,  91% used [0x09d50000, 0x0a84d098, 0x0a84d200, 0x0a963000)
 Metaspace       used 13303K, capacity 13555K, committed 13568K, reserved 13696K
}
Event: 50.598 GC heap before
{Heap before GC invocations=28 (full 1):
 def new generation   total 5696K, used 5692K [0x04800000, 0x04e20000, 0x09d50000)
  eden space 5120K,  99% used [0x04800000, 0x04cff1d0, 0x04d00000)
  from space 576K, 100% used [0x04d00000, 0x04d90000, 0x04d90000)
  to   space 576K,   0% used [0x04d90000, 0x04d90000, 0x04e20000)
 tenured generation   total 12364K, used 11252K [0x09d50000, 0x0a963000, 0x14800000)
   the space 12364K,  91% used [0x09d50000, 0x0a84d098, 0x0a84d200, 0x0a963000)
 Metaspace       used 13303K, capacity 13555K, committed 13568K, reserved 13696K
Event: 50.605 GC heap after
Heap after GC invocations=29 (full 1):
 def new generation   total 5696K, used 270K [0x04800000, 0x04e20000, 0x09d50000)
  eden space 5120K,   0% used [0x04800000, 0x04800000, 0x04d00000)
  from space 576K,  46% used [0x04d90000, 0x04dd3998, 0x04e20000)
  to   space 576K,   0% used [0x04d00000, 0x04d00000, 0x04d90000)
 tenured generation   total 12364K, used 11765K [0x09d50000, 0x0a963000, 0x14800000)
   the space 12364K,  95% used [0x09d50000, 0x0a8cd6a8, 0x0a8cd800, 0x0a963000)
 Metaspace       used 13303K, capacity 13555K, committed 13568K, reserved 13696K
}

Deoptimization events (0 events):
No events

Internal exceptions (10 events):
Event: 44.085 Thread 0x14e5a000 Exception <a 'java/lang/NullPointerException'> (0x04c936c8) thrown at [C:\re\workspace\8-2-build-windows-i586-cygwin\jdk8u111\7883\hotspot\src\share\vm\interpreter\linkResolver.cpp, line 1178]
Event: 44.100 Thread 0x17804c00 Exception <a 'java/io/FileNotFoundException'> (0x04cc5f18) thrown at [C:\re\workspace\8-2-build-windows-i586-cygwin\jdk8u111\7883\hotspot\src\share\vm\prims\jni.cpp, line 709]
Event: 44.101 Thread 0x17804c00 Exception <a 'java/io/FileNotFoundException'> (0x04cc6638) thrown at [C:\re\workspace\8-2-build-windows-i586-cygwin\jdk8u111\7883\hotspot\src\share\vm\prims\jni.cpp, line 709]
Event: 44.101 Thread 0x17804c00 Exception <a 'java/lang/NullPointerException'> (0x04cc6bb8) thrown at [C:\re\workspace\8-2-build-windows-i586-cygwin\jdk8u111\7883\hotspot\src\share\vm\interpreter\linkResolver.cpp, line 1178]
Event: 47.305 Thread 0x17804c00 Exception <a 'java/io/FileNotFoundException'> (0x04bea170) thrown at [C:\re\workspace\8-2-build-windows-i586-cygwin\jdk8u111\7883\hotspot\src\share\vm\prims\jni.cpp, line 709]
Event: 47.305 Thread 0x17804c00 Exception <a 'java/io/FileNotFoundException'> (0x04bea868) thrown at [C:\re\workspace\8-2-build-windows-i586-cygwin\jdk8u111\7883\hotspot\src\share\vm\prims\jni.cpp, line 709]
Event: 47.305 Thread 0x17804c00 Exception <a 'java/lang/NullPointerException'> (0x04beade8) thrown at [C:\re\workspace\8-2-build-windows-i586-cygwin\jdk8u111\7883\hotspot\src\share\vm\interpreter\linkResolver.cpp, line 1178]
Event: 50.390 Thread 0x17804c00 Exception <a 'java/io/FileNotFoundException'> (0x04ce62a0) thrown at [C:\re\workspace\8-2-build-windows-i586-cygwin\jdk8u111\7883\hotspot\src\share\vm\prims\jni.cpp, line 709]
Event: 50.390 Thread 0x17804c00 Exception <a 'java/io/FileNotFoundException'> (0x04ce6998) thrown at [C:\re\workspace\8-2-build-windows-i586-cygwin\jdk8u111\7883\hotspot\src\share\vm\prims\jni.cpp, line 709]
Event: 50.390 Thread 0x17804c00 Exception <a 'java/lang/NullPointerException'> (0x04ce6f18) thrown at [C:\re\workspace\8-2-build-windows-i586-cygwin\jdk8u111\7883\hotspot\src\share\vm\interpreter\linkResolver.cpp, line 1178]

Events (10 events):
Event: 51.205 Thread 0x17807c00 Thread exited: 0x17807c00
Event: 52.025 Thread 0x17807c00 Thread added: 0x17807c00
Event: 52.247 Executing VM operation: RevokeBias
Event: 52.247 Executing VM operation: RevokeBias done
Event: 52.281 Executing VM operation: RevokeBias
Event: 52.282 Executing VM operation: RevokeBias done
Event: 52.282 Executing VM operation: RevokeBias
Event: 52.282 Executing VM operation: RevokeBias done
Event: 52.282 Thread 0x17807800 Thread exited: 0x17807800
Event: 52.282 Thread 0x17807000 Thread exited: 0x17807000


Dynamic libraries:
0x00060000 - 0x00093000 	C:\Program Files (x86)\Java\jdk1.8.0_111\bin\java.exe
0x77510000 - 0x77690000 	C:\Windows\SysWOW64\ntdll.dll
0x768d0000 - 0x769e0000 	C:\Windows\syswow64\kernel32.dll
0x75090000 - 0x750d7000 	C:\Windows\syswow64\KERNELBASE.dll
0x76ea0000 - 0x76f41000 	C:\Windows\syswow64\ADVAPI32.dll
0x76bb0000 - 0x76c5c000 	C:\Windows\syswow64\msvcrt.dll
0x767c0000 - 0x767d9000 	C:\Windows\SysWOW64\sechost.dll
0x74fa0000 - 0x75090000 	C:\Windows\syswow64\RPCRT4.dll
0x74e00000 - 0x74e60000 	C:\Windows\syswow64\SspiCli.dll
0x74df0000 - 0x74dfc000 	C:\Windows\syswow64\CRYPTBASE.dll
0x77010000 - 0x77110000 	C:\Windows\syswow64\USER32.dll
0x76f70000 - 0x77000000 	C:\Windows\syswow64\GDI32.dll
0x77000000 - 0x7700a000 	C:\Windows\syswow64\LPK.dll
0x76a10000 - 0x76aad000 	C:\Windows\syswow64\USP10.dll
0x73b00000 - 0x73c9e000 	C:\Windows\WinSxS\x86_microsoft.windows.common-controls_6595b64144ccf1df_6.0.7601.18837_none_41e855142bd5705d\COMCTL32.dll
0x76870000 - 0x768c7000 	C:\Windows\syswow64\SHLWAPI.dll
0x750e0000 - 0x75140000 	C:\Windows\system32\IMM32.DLL
0x76ae0000 - 0x76bad000 	C:\Windows\syswow64\MSCTF.dll
0x555c0000 - 0x5567f000 	C:\Program Files (x86)\Java\jdk1.8.0_111\jre\bin\msvcr100.dll
0x54ee0000 - 0x552ad000 	C:\Program Files (x86)\Java\jdk1.8.0_111\jre\bin\client\jvm.dll
0x74350000 - 0x74357000 	C:\Windows\system32\WSOCK32.dll
0x74f00000 - 0x74f35000 	C:\Windows\syswow64\WS2_32.dll
0x756d0000 - 0x756d6000 	C:\Windows\syswow64\NSI.dll
0x717f0000 - 0x71822000 	C:\Windows\system32\WINMM.dll
0x74130000 - 0x74139000 	C:\Windows\system32\VERSION.dll
0x769e0000 - 0x769e5000 	C:\Windows\syswow64\PSAPI.DLL
0x55710000 - 0x5571c000 	C:\Program Files (x86)\Java\jdk1.8.0_111\jre\bin\verify.dll
0x55590000 - 0x555b1000 	C:\Program Files (x86)\Java\jdk1.8.0_111\jre\bin\java.dll
0x556f0000 - 0x55703000 	C:\Program Files (x86)\Java\jdk1.8.0_111\jre\bin\zip.dll
0x758f0000 - 0x7653c000 	C:\Windows\syswow64\SHELL32.dll
0x75220000 - 0x7537d000 	C:\Windows\syswow64\ole32.dll
0x76a00000 - 0x76a0b000 	C:\Windows\syswow64\profapi.dll
0x55410000 - 0x55556000 	C:\Program Files (x86)\Java\jdk1.8.0_111\jre\bin\awt.dll
0x74e60000 - 0x74ef1000 	C:\Windows\syswow64\OLEAUT32.dll
0x737d0000 - 0x73850000 	C:\Windows\system32\uxtheme.dll
0x73a40000 - 0x73a53000 	C:\Windows\system32\dwmapi.dll
0x553d0000 - 0x55409000 	C:\Program Files (x86)\Java\jdk1.8.0_111\jre\bin\fontmanager.dll
0x55570000 - 0x55586000 	C:\Program Files (x86)\Java\jdk1.8.0_111\jre\bin\net.dll
0x71e30000 - 0x71e6c000 	C:\Windows\system32\mswsock.dll
0x71c10000 - 0x71c16000 	C:\Windows\System32\wship6.dll
0x55560000 - 0x5556f000 	C:\Program Files (x86)\Java\jdk1.8.0_111\jre\bin\nio.dll
0x55390000 - 0x553c2000 	C:\Program Files (x86)\Java\jdk1.8.0_111\jre\bin\t2k.dll
0x712b0000 - 0x712d6000 	C:\Program Files (x86)\Java\jdk1.8.0_111\jre\bin\jpeg.dll
0x767e0000 - 0x76863000 	C:\Windows\syswow64\CLBCatQ.DLL
0x6e510000 - 0x6e641000 	C:\Windows\system32\WindowsCodecs.dll
0x6fda0000 - 0x6fdec000 	C:\Windows\system32\apphelp.dll
0x5a880000 - 0x5a8b1000 	C:\Windows\system32\EhStorShell.dll
0x756f0000 - 0x7588d000 	C:\Windows\syswow64\SETUPAPI.dll
0x75890000 - 0x758b7000 	C:\Windows\syswow64\CFGMGR32.dll
0x767a0000 - 0x767b2000 	C:\Windows\syswow64\DEVOBJ.dll
0x71670000 - 0x71765000 	C:\Windows\system32\PROPSYS.dll
0x5c270000 - 0x5c2e0000 	C:\Windows\system32\ntshrui.dll
0x72450000 - 0x72469000 	C:\Windows\system32\srvcli.dll
0x5c260000 - 0x5c26b000 	C:\Windows\system32\cscapi.dll
0x63c40000 - 0x63c4a000 	C:\Windows\system32\slc.dll
0x73dd0000 - 0x73de7000 	C:\Windows\system32\CRYPTSP.dll
0x72a30000 - 0x72a6b000 	C:\Windows\system32\rsaenh.dll
0x76ac0000 - 0x76ad7000 	C:\Windows\syswow64\USERENV.dll
0x74170000 - 0x7418c000 	C:\Windows\system32\IPHLPAPI.DLL
0x74160000 - 0x74167000 	C:\Windows\system32\WINNSI.DLL
0x71bf0000 - 0x71c02000 	C:\Windows\system32\dhcpcsvc.DLL
0x71be0000 - 0x71bed000 	C:\Windows\system32\dhcpcsvc6.DLL
0x16b80000 - 0x16bd5000 	C:\Users\Melonman\AppData\Local\Temp\jna7068186009593662276.dll
0x71280000 - 0x712a2000 	C:\Users\Melonman\Documents\NetBeansProjects\SoSSH\VLC\libvlc.dll
0x707d0000 - 0x70a06000 	C:\Users\Melonman\Documents\NetBeansProjects\SoSSH\VLC\libvlccore.dll
0x71200000 - 0x7123b000 	C:\Users\Melonman\Documents\NetBeansProjects\SoSSH\VLC\plugins\access\libdshow_plugin.dll
0x71240000 - 0x71253000 	C:\Users\Melonman\Documents\NetBeansProjects\SoSSH\VLC\plugins\audio_output\libaout_directx_plugin.dll
0x711e0000 - 0x711f2000 	C:\Users\Melonman\Documents\NetBeansProjects\SoSSH\VLC\plugins\audio_output\libwaveout_plugin.dll
0x70670000 - 0x706e2000 	C:\Windows\system32\dsound.dll
0x71170000 - 0x71195000 	C:\Windows\system32\POWRPROF.dll
0x56b20000 - 0x5769b000 	C:\Users\Melonman\Documents\NetBeansProjects\SoSSH\VLC\plugins\gui\libqt4_plugin.dll
0x751a0000 - 0x7521b000 	C:\Windows\syswow64\COMDLG32.DLL
0x730a0000 - 0x730f1000 	C:\Windows\system32\WINSPOOL.DRV
0x70530000 - 0x70664000 	C:\Users\Melonman\Documents\NetBeansProjects\SoSSH\VLC\plugins\misc\libxml_plugin.dll
0x711c0000 - 0x711d8000 	C:\Users\Melonman\Documents\NetBeansProjects\SoSSH\VLC\plugins\video_output\libdirectx_plugin.dll
0x71260000 - 0x71270000 	C:\Users\Melonman\Documents\NetBeansProjects\SoSSH\VLC\plugins\mmxext\libmemcpymmxext_plugin.dll
0x711a0000 - 0x711b2000 	C:\Users\Melonman\Documents\NetBeansProjects\SoSSH\VLC\plugins\control\libhotkeys_plugin.dll
0x55330000 - 0x55354000 	C:\Program Files (x86)\Java\jdk1.8.0_111\jre\bin\dcpr.dll
0x6fd10000 - 0x6fd94000 	C:\Windows\WinSxS\x86_microsoft.windows.common-controls_6595b64144ccf1df_5.82.7601.18837_none_ec86b8d6858ec0bc\comctl32.dll
0x73a10000 - 0x73a31000 	C:\Windows\system32\ntmarta.dll
0x75140000 - 0x75185000 	C:\Windows\syswow64\WLDAP32.dll
0x5a6e0000 - 0x5a878000 	C:\Windows\system32\NetworkExplorer.dll
0x70e80000 - 0x70eaf000 	C:\Windows\System32\shdocvw.dll
0x70ec0000 - 0x70ed2000 	C:\Windows\system32\MPR.dll
0x71270000 - 0x71278000 	C:\Windows\System32\drprov.dll
0x717c0000 - 0x717e9000 	C:\Windows\System32\WINSTA.dll
0x707b0000 - 0x707c4000 	C:\Windows\System32\ntlanman.dll
0x70790000 - 0x707a8000 	C:\Windows\System32\davclnt.dll
0x70eb0000 - 0x70eb8000 	C:\Windows\System32\DAVHLPR.dll
0x72440000 - 0x7244f000 	C:\Windows\system32\wkscli.dll
0x72470000 - 0x72479000 	C:\Windows\system32\netutils.dll
0x58340000 - 0x58578000 	C:\Windows\system32\wpdshext.dll
0x6f0e0000 - 0x6f271000 	C:\Windows\WinSxS\x86_microsoft.windows.gdiplus_6595b64144ccf1df_1.1.7601.23545_none_5c06d189a00e2c29\gdiplus.dll
0x704a0000 - 0x70529000 	C:\Windows\system32\PortableDeviceApi.dll
0x75600000 - 0x7562f000 	C:\Windows\syswow64\WINTRUST.dll
0x754d0000 - 0x755f1000 	C:\Windows\syswow64\CRYPT32.dll
0x769f0000 - 0x769fc000 	C:\Windows\syswow64\MSASN1.dll
0x70710000 - 0x7074f000 	C:\Windows\system32\audiodev.dll
0x580d0000 - 0x58337000 	C:\Windows\system32\WMVCore.DLL
0x70750000 - 0x7078d000 	C:\Windows\system32\WMASF.DLL
0x70470000 - 0x70492000 	C:\Windows\system32\EhStorAPI.dll
0x706f0000 - 0x70710000 	C:\Program Files (x86)\Java\jdk1.8.0_111\jre\bin\sunec.dll
0x70e70000 - 0x70e79000 	C:\Program Files (x86)\Java\jdk1.8.0_111\jre\bin\sunmscapi.dll
0x5c070000 - 0x5c076000 	C:\Program Files (x86)\Java\jdk1.8.0_111\jre\bin\jawt.dll
0x5c040000 - 0x5c06c000 	C:\Users\Melonman\Documents\NetBeansProjects\SoSSH\VLC\plugins\access\liblibbluray_plugin.dll
0x5c020000 - 0x5c03d000 	C:\Users\Melonman\Documents\NetBeansProjects\SoSSH\VLC\plugins\access\libaccess_bd_plugin.dll
0x5bb50000 - 0x5bb95000 	C:\Users\Melonman\Documents\NetBeansProjects\SoSSH\VLC\plugins\access\libdvdnav_plugin.dll
0x5c000000 - 0x5c012000 	C:\Users\Melonman\Documents\NetBeansProjects\SoSSH\VLC\plugins\access\libaccess_vdr_plugin.dll
0x5bfe0000 - 0x5bff1000 	C:\Users\Melonman\Documents\NetBeansProjects\SoSSH\VLC\plugins\access\libfilesystem_plugin.dll
0x5bad0000 - 0x5bb43000 	C:\Users\Melonman\Documents\NetBeansProjects\SoSSH\VLC\plugins\stream_filter\libstream_filter_httplive_plugin.dll
0x5ba10000 - 0x5bac7000 	C:\Users\Melonman\Documents\NetBeansProjects\SoSSH\VLC\plugins\stream_filter\libstream_filter_dash_plugin.dll
0x5beb0000 - 0x5bec0000 	C:\Users\Melonman\Documents\NetBeansProjects\SoSSH\VLC\plugins\access\libstream_filter_rar_plugin.dll
0x5be90000 - 0x5beab000 	C:\Users\Melonman\Documents\NetBeansProjects\SoSSH\VLC\plugins\access\libzip_plugin.dll
0x5ba00000 - 0x5ba0f000 	C:\Users\Melonman\Documents\NetBeansProjects\SoSSH\VLC\plugins\stream_filter\libstream_filter_record_plugin.dll
0x5a6a0000 - 0x5a6d6000 	C:\Users\Melonman\Documents\NetBeansProjects\SoSSH\VLC\plugins\demux\libmp4_plugin.dll
0x5b9e0000 - 0x5b9fc000 	C:\Users\Melonman\Documents\NetBeansProjects\SoSSH\VLC\plugins\demux\libavi_plugin.dll
0x5a680000 - 0x5a698000 	C:\Users\Melonman\Documents\NetBeansProjects\SoSSH\VLC\plugins\demux\libasf_plugin.dll
0x5a660000 - 0x5a671000 	C:\Users\Melonman\Documents\NetBeansProjects\SoSSH\VLC\plugins\demux\libflacsys_plugin.dll
0x5a640000 - 0x5a651000 	C:\Users\Melonman\Documents\NetBeansProjects\SoSSH\VLC\plugins\demux\libes_plugin.dll
0x5a5d0000 - 0x5a635000 	C:\Users\Melonman\Documents\NetBeansProjects\SoSSH\VLC\plugins\codec\libtheora_plugin.dll
0x5a5c0000 - 0x5a5d0000 	C:\Users\Melonman\Documents\NetBeansProjects\SoSSH\VLC\plugins\codec\librawvideo_plugin.dll
0x5a590000 - 0x5a5bc000 	C:\Users\Melonman\Documents\NetBeansProjects\SoSSH\VLC\plugins\codec\libspeex_plugin.dll
0x58610000 - 0x587ba000 	C:\Users\Melonman\Documents\NetBeansProjects\SoSSH\VLC\plugins\codec\libvorbis_plugin.dll
0x5a580000 - 0x5a590000 	C:\Users\Melonman\Documents\NetBeansProjects\SoSSH\VLC\plugins\codec\libaes3_plugin.dll
0x5a560000 - 0x5a571000 	C:\Users\Melonman\Documents\NetBeansProjects\SoSSH\VLC\plugins\codec\liblpcm_plugin.dll
0x59c90000 - 0x59ca1000 	C:\Users\Melonman\Documents\NetBeansProjects\SoSSH\VLC\plugins\packetizer\libpacketizer_flac_plugin.dll
0x59c70000 - 0x59c83000 	C:\Users\Melonman\Documents\NetBeansProjects\SoSSH\VLC\plugins\packetizer\libpacketizer_dirac_plugin.dll
0x59c50000 - 0x59c61000 	C:\Users\Melonman\Documents\NetBeansProjects\SoSSH\VLC\plugins\packetizer\libpacketizer_mlp_plugin.dll

VM Arguments:
jvm_args: -Dfile.encoding=UTF-8 
java_command: soSSH.SoSSH
java_class_path (initial): C:\Users\Melonman\Documents\NetBeansProjects\SoSSH\lib\jna-3.3.0-platform.jar;C:\Users\Melonman\Documents\NetBeansProjects\SoSSH\lib\jna-3.3.0.jar;C:\Users\Melonman\Documents\NetBeansProjects\SoSSH\lib\jsch-0.1.54.jar;C:\Users\Melonman\Documents\NetBeansProjects\SoSSH\lib\vlcj-1.2.1-b2.jar;C:\Users\Melonman\Documents\NetBeansProjects\SoSSH\build\classes
Launcher Type: SUN_STANDARD

Environment Variables:
PATH=C:\ProgramData\Oracle\Java\javapath;C:\Windows\system32;C:\Windows;C:\Windows\System32\Wbem;C:\Windows\System32\WindowsPowerShell\v1.0\;C:\Program Files\Intel\WiFi\bin\;C:\Program Files\Common Files\Intel\WirelessCommon\;C:\Program Files\OpenVPN\bin;C:\Program Files\Intel\WiFi\bin\;C:\Program Files\Common Files\Intel\WirelessCommon\
USERNAME=Melonman
OS=Windows_NT
PROCESSOR_IDENTIFIER=Intel64 Family 6 Model 78 Stepping 3, GenuineIntel



---------------  S Y S T E M  ---------------

OS: Windows 7 , 64 bit Build 7601 (6.1.7601.23572)

CPU:total 4 (2 cores per cpu, 2 threads per core) family 6 model 78 stepping 3, cmov, cx8, fxsr, mmx, sse, sse2, sse3, ssse3, sse4.1, sse4.2, popcnt, aes, clmul, erms, 3dnowpref, lzcnt, ht, tsc, tscinvbit

Memory: 4k page, physical 4050948k(1232392k free), swap 8100036k(5174424k free)

vm_info: Java HotSpot(TM) Client VM (25.111-b14) for windows-x86 JRE (1.8.0_111-b14), built on Sep 22 2016 18:54:33 by "java_re" with MS VC++ 10.0 (VS2010)

time: Thu Feb 16 23:48:58 2017
elapsed time: 52 seconds (0d 0h 0m 52s)

