#
# A fatal error has been detected by the Java Runtime Environment:
#
#  EXCEPTION_INVALID_HANDLE (0xc0000008) at pc=0x77592519, pid=824, tid=0x000016a4
#
# JRE version: Java(TM) SE Runtime Environment (8.0_111-b14) (build 1.8.0_111-b14)
# Java VM: Java HotSpot(TM) Client VM (25.111-b14 mixed mode windows-x86 )
# Problematic frame:
# C  [ntdll.dll+0x82519]
#
# Failed to write core dump. Minidumps are not enabled by default on client versions of Windows
#
# If you would like to submit a bug report, please visit:
#   http://bugreport.java.com/bugreport/crash.jsp
# The crash happened outside the Java Virtual Machine in native code.
# See problematic frame for where to report the bug.
#

---------------  T H R E A D  ---------------

Current thread (0x1505e000):  JavaThread "AWT-EventQueue-0" [_thread_in_native, id=5796, stack(0x15450000,0x154a0000)]

siginfo: ExceptionCode=0xc0000008

Registers:
EAX=0xc0000008, EBX=0x00000000, ECX=0x74822e09, EDX=0x00000000
ESP=0x1549e0b4, EBP=0x1549e104, ESI=0x182b8fd0, EDI=0x00000000
EIP=0x77592519, EFLAGS=0x00000282

Top of Stack: (sp=0x1549e0b4)
0x1549e0b4:   182b8fd0 182b8fd4 182b8fd0 5504edc5
0x1549e0c4:   1549e37c 029bbcf2 029bbc08 00000000
0x1549e0d4:   1549e4d8 1549e37c 1549e4e0 02c76c24
0x1549e0e4:   02c74588 00000000 1549e824 00000000
0x1549e0f4:   00000000 00000000 7ef8e000 182ae490
0x1549e104:   1549e12c 7755ea92 00000000 00000000
0x1549e114:   182b8fd0 1549e270 182b8fb0 00000004
0x1549e124:   18000000 00000001 1549e1a8 70548c3f 

Instructions: (pc=0x77592519)
0x775924f9:   08 68 c0 49 53 77 6a 00 6a 65 89 45 0c e8 87 1a
0x77592509:   ff ff 83 c4 0c e9 79 c6 fc ff 50 e8 fc 13 fe ff
0x77592519:   cc 56 e8 e6 fd 01 00 e9 05 c7 fc ff 81 67 14 00
0x77592529:   00 00 ff e9 a0 33 fd ff b8 f1 00 00 c0 8b e5 5d 


Register to memory mapping:

EAX=0xc0000008 is an unknown value
EBX=0x00000000 is an unknown value
ECX=0x74822e09 is an unknown value
EDX=0x00000000 is an unknown value
ESP=0x1549e0b4 is pointing into the stack for thread: 0x1505e000
EBP=0x1549e104 is pointing into the stack for thread: 0x1505e000
ESI=0x182b8fd0 is an unknown value
EDI=0x00000000 is an unknown value


Stack: [0x15450000,0x154a0000],  sp=0x1549e0b4,  free space=312k
Native frames: (J=compiled Java code, j=interpreted, Vv=VM code, C=native code)
C  [ntdll.dll+0x82519]
C  [ntdll.dll+0x4ea92]
C  [libvlccore.dll+0x98c3f]
C  [jna973012726861319611.dll+0xc782]
C  [jna973012726861319611.dll+0x44ae]
C  [jna973012726861319611.dll+0x4c8e]
j  com.sun.jna.Native.invokeVoid(JI[Ljava/lang/Object;)V+0
J 1467 C1 com.sun.jna.Function.invoke([Ljava/lang/Object;Ljava/lang/Class;Z)Ljava/lang/Object; (1154 bytes) @ 0x02c76c24 [0x02c74ec0+0x1d64]
J 590 C1 com.sun.jna.Function.invoke(Ljava/lang/Class;[Ljava/lang/Object;Ljava/util/Map;)Ljava/lang/Object; (526 bytes) @ 0x02af6d08 [0x02af6830+0x4d8]
J 1454 C1 com.sun.jna.Library$Handler.invoke(Ljava/lang/Object;Ljava/lang/reflect/Method;[Ljava/lang/Object;)Ljava/lang/Object; (345 bytes) @ 0x02c6a188 [0x02c699e0+0x7a8]
j  com.sun.proxy.$Proxy0.libvlc_media_player_stop(Luk/co/caprica/vlcj/binding/internal/libvlc_media_player_t;)V+16
j  uk.co.caprica.vlcj.player.DefaultMediaPlayer.stop()V+17
j  gui.MainFrame$2.windowClosing(Ljava/awt/event/WindowEvent;)V+33
j  java.awt.AWTEventMulticaster.windowClosing(Ljava/awt/event/WindowEvent;)V+21
j  java.awt.Window.processWindowEvent(Ljava/awt/event/WindowEvent;)V+68
j  javax.swing.JFrame.processWindowEvent(Ljava/awt/event/WindowEvent;)V+2
j  java.awt.Window.processEvent(Ljava/awt/AWTEvent;)V+69
j  java.awt.Component.dispatchEventImpl(Ljava/awt/AWTEvent;)V+589
j  java.awt.Container.dispatchEventImpl(Ljava/awt/AWTEvent;)V+42
j  java.awt.Window.dispatchEventImpl(Ljava/awt/AWTEvent;)V+19
J 1209 C1 java.awt.EventQueue.dispatchEventImpl(Ljava/awt/AWTEvent;Ljava/lang/Object;)V (149 bytes) @ 0x02c16e5c [0x02c16a10+0x44c]
J 1206 C1 java.awt.EventQueue$3.run()Ljava/lang/Void; (60 bytes) @ 0x02c1619c [0x02c16140+0x5c]
J 1205 C1 java.awt.EventQueue$3.run()Ljava/lang/Object; (5 bytes) @ 0x02c15f20 [0x02c15f00+0x20]
v  ~StubRoutines::call_stub
V  [jvm.dll+0x15a895]
V  [jvm.dll+0x220bfe]
V  [jvm.dll+0x15a92e]
V  [jvm.dll+0x10aeaf]
C  [java.dll+0x102f]
J 827 C1 java.security.ProtectionDomain$JavaSecurityAccessImpl.doIntersectionPrivilege(Ljava/security/PrivilegedAction;Ljava/security/AccessControlContext;Ljava/security/AccessControlContext;)Ljava/lang/Object; (22 bytes) @ 0x02b746c0 [0x02b745c0+0x100]
j  java.security.ProtectionDomain$JavaSecurityAccessImpl.doIntersectionPrivilege(Ljava/security/PrivilegedAction;Ljava/security/AccessControlContext;)Ljava/lang/Object;+6
j  java.awt.EventQueue$4.run()Ljava/lang/Void;+11
j  java.awt.EventQueue$4.run()Ljava/lang/Object;+1
v  ~StubRoutines::call_stub
V  [jvm.dll+0x15a895]
V  [jvm.dll+0x220bfe]
V  [jvm.dll+0x15a92e]
V  [jvm.dll+0x10aeaf]
C  [java.dll+0x102f]
J 1202 C1 java.awt.EventQueue.dispatchEvent(Ljava/awt/AWTEvent;)V (80 bytes) @ 0x02c14e5c [0x02c14b00+0x35c]
J 791 C1 java.awt.EventDispatchThread.pumpOneEventForFilters(I)V (295 bytes) @ 0x02b61110 [0x02b60a80+0x690]
j  java.awt.EventDispatchThread.pumpEventsForFilter(ILjava/awt/Conditional;Ljava/awt/EventFilter;)V+35
j  java.awt.EventDispatchThread.pumpEventsForHierarchy(ILjava/awt/Conditional;Ljava/awt/Component;)V+11
j  java.awt.EventDispatchThread.pumpEvents(ILjava/awt/Conditional;)V+4
j  java.awt.EventDispatchThread.pumpEvents(Ljava/awt/Conditional;)V+3
j  java.awt.EventDispatchThread.run()V+9
v  ~StubRoutines::call_stub
V  [jvm.dll+0x15a895]
V  [jvm.dll+0x220bfe]
V  [jvm.dll+0x15a92e]
V  [jvm.dll+0x15aab6]
V  [jvm.dll+0x15ab27]
V  [jvm.dll+0xfef8f]
V  [jvm.dll+0x17d6f0]
V  [jvm.dll+0x17df6a]
V  [jvm.dll+0x1c29c6]
C  [msvcr100.dll+0x5c556]
C  [msvcr100.dll+0x5c600]
C  [kernel32.dll+0x1336a]
C  [ntdll.dll+0x39902]
C  [ntdll.dll+0x398d5]
C  0x00000000

Java frames: (J=compiled Java code, j=interpreted, Vv=VM code)
j  com.sun.jna.Native.invokeVoid(JI[Ljava/lang/Object;)V+0
J 1467 C1 com.sun.jna.Function.invoke([Ljava/lang/Object;Ljava/lang/Class;Z)Ljava/lang/Object; (1154 bytes) @ 0x02c76c24 [0x02c74ec0+0x1d64]
J 590 C1 com.sun.jna.Function.invoke(Ljava/lang/Class;[Ljava/lang/Object;Ljava/util/Map;)Ljava/lang/Object; (526 bytes) @ 0x02af6d08 [0x02af6830+0x4d8]
J 1454 C1 com.sun.jna.Library$Handler.invoke(Ljava/lang/Object;Ljava/lang/reflect/Method;[Ljava/lang/Object;)Ljava/lang/Object; (345 bytes) @ 0x02c6a188 [0x02c699e0+0x7a8]
j  com.sun.proxy.$Proxy0.libvlc_media_player_stop(Luk/co/caprica/vlcj/binding/internal/libvlc_media_player_t;)V+16
j  uk.co.caprica.vlcj.player.DefaultMediaPlayer.stop()V+17
j  gui.MainFrame$2.windowClosing(Ljava/awt/event/WindowEvent;)V+33
j  java.awt.AWTEventMulticaster.windowClosing(Ljava/awt/event/WindowEvent;)V+21
j  java.awt.Window.processWindowEvent(Ljava/awt/event/WindowEvent;)V+68
j  javax.swing.JFrame.processWindowEvent(Ljava/awt/event/WindowEvent;)V+2
j  java.awt.Window.processEvent(Ljava/awt/AWTEvent;)V+69
j  java.awt.Component.dispatchEventImpl(Ljava/awt/AWTEvent;)V+589
j  java.awt.Container.dispatchEventImpl(Ljava/awt/AWTEvent;)V+42
j  java.awt.Window.dispatchEventImpl(Ljava/awt/AWTEvent;)V+19
J 1209 C1 java.awt.EventQueue.dispatchEventImpl(Ljava/awt/AWTEvent;Ljava/lang/Object;)V (149 bytes) @ 0x02c16e5c [0x02c16a10+0x44c]
J 1206 C1 java.awt.EventQueue$3.run()Ljava/lang/Void; (60 bytes) @ 0x02c1619c [0x02c16140+0x5c]
J 1205 C1 java.awt.EventQueue$3.run()Ljava/lang/Object; (5 bytes) @ 0x02c15f20 [0x02c15f00+0x20]
v  ~StubRoutines::call_stub
J 813  java.security.AccessController.doPrivileged(Ljava/security/PrivilegedAction;Ljava/security/AccessControlContext;)Ljava/lang/Object; (0 bytes) @ 0x02b68dc7 [0x02b68d60+0x67]
J 827 C1 java.security.ProtectionDomain$JavaSecurityAccessImpl.doIntersectionPrivilege(Ljava/security/PrivilegedAction;Ljava/security/AccessControlContext;Ljava/security/AccessControlContext;)Ljava/lang/Object; (22 bytes) @ 0x02b746c0 [0x02b745c0+0x100]
j  java.security.ProtectionDomain$JavaSecurityAccessImpl.doIntersectionPrivilege(Ljava/security/PrivilegedAction;Ljava/security/AccessControlContext;)Ljava/lang/Object;+6
j  java.awt.EventQueue$4.run()Ljava/lang/Void;+11
j  java.awt.EventQueue$4.run()Ljava/lang/Object;+1
v  ~StubRoutines::call_stub
J 813  java.security.AccessController.doPrivileged(Ljava/security/PrivilegedAction;Ljava/security/AccessControlContext;)Ljava/lang/Object; (0 bytes) @ 0x02b68dc7 [0x02b68d60+0x67]
J 1202 C1 java.awt.EventQueue.dispatchEvent(Ljava/awt/AWTEvent;)V (80 bytes) @ 0x02c14e5c [0x02c14b00+0x35c]
J 791 C1 java.awt.EventDispatchThread.pumpOneEventForFilters(I)V (295 bytes) @ 0x02b61110 [0x02b60a80+0x690]
j  java.awt.EventDispatchThread.pumpEventsForFilter(ILjava/awt/Conditional;Ljava/awt/EventFilter;)V+35
j  java.awt.EventDispatchThread.pumpEventsForHierarchy(ILjava/awt/Conditional;Ljava/awt/Component;)V+11
j  java.awt.EventDispatchThread.pumpEvents(ILjava/awt/Conditional;)V+4
j  java.awt.EventDispatchThread.pumpEvents(Ljava/awt/Conditional;)V+3
j  java.awt.EventDispatchThread.run()V+9
v  ~StubRoutines::call_stub

---------------  P R O C E S S  ---------------

Java Threads: ( => current thread )
  0x15db0c00 JavaThread "Connect thread 192.168.43.1 session" [_thread_in_native, id=5656, stack(0x15890000,0x158e0000)]
  0x17903800 JavaThread "Swing-Shell" daemon [_thread_blocked, id=4384, stack(0x162c0000,0x16310000)]
  0x15fe2800 JavaThread "TimerQueue" daemon [_thread_blocked, id=4388, stack(0x180d0000,0x18120000)]
  0x00b9c000 JavaThread "DestroyJavaVM" [_thread_blocked, id=5916, stack(0x003c0000,0x00410000)]
  0x178d4000 JavaThread "Thread-8" [_thread_in_native, id=5956, stack(0x184d0000,0x18520000)]
  0x15f72400 JavaThread "Timer-0" [_thread_blocked, id=6064, stack(0x17780000,0x177d0000)]
=>0x1505e000 JavaThread "AWT-EventQueue-0" [_thread_in_native, id=5796, stack(0x15450000,0x154a0000)]
  0x15021800 JavaThread "AWT-Windows" daemon [_thread_in_native, id=4248, stack(0x154a0000,0x154f0000)]
  0x15020800 JavaThread "AWT-Shutdown" [_thread_blocked, id=2640, stack(0x02500000,0x02550000)]
  0x1501dc00 JavaThread "Java2D Disposer" daemon [_thread_blocked, id=5780, stack(0x15660000,0x156b0000)]
  0x14ec0400 JavaThread "Service Thread" daemon [_thread_blocked, id=2072, stack(0x15120000,0x15170000)]
  0x14ec8c00 JavaThread "C1 CompilerThread0" daemon [_thread_blocked, id=5988, stack(0x151f0000,0x15240000)]
  0x14ec7800 JavaThread "Attach Listener" daemon [_thread_blocked, id=4272, stack(0x04980000,0x049d0000)]
  0x14ec6800 JavaThread "Signal Dispatcher" daemon [_thread_blocked, id=5504, stack(0x15180000,0x151d0000)]
  0x14ea6000 JavaThread "Finalizer" daemon [_thread_blocked, id=5840, stack(0x025c0000,0x02610000)]
  0x14e80c00 JavaThread "Reference Handler" daemon [_thread_blocked, id=4844, stack(0x00bd0000,0x00c20000)]

Other Threads:
  0x14e7a800 VMThread [stack: 0x00c70000,0x00cc0000] [id=4052]
  0x14ec3000 WatcherThread [stack: 0x15280000,0x152d0000] [id=2304]

VM state:not at safepoint (normal execution)

VM Mutex/Monitor currently owned by a thread: None

Heap:
 def new generation   total 5760K, used 4141K [0x04a00000, 0x05040000, 0x09f50000)
  eden space 5120K,  75% used [0x04a00000, 0x04dcc718, 0x04f00000)
  from space 640K,  39% used [0x04f00000, 0x04f3ed78, 0x04fa0000)
  to   space 640K,   0% used [0x04fa0000, 0x04fa0000, 0x05040000)
 tenured generation   total 12704K, used 11635K [0x09f50000, 0x0abb8000, 0x14a00000)
   the space 12704K,  91% used [0x09f50000, 0x0aaacce8, 0x0aaace00, 0x0abb8000)
 Metaspace       used 13323K, capacity 13572K, committed 13696K, reserved 13696K

Card table byte_map: [0x00410000,0x004a0000] byte_map_base: 0x003eb000

Polling page: 0x00190000

CodeCache: size=32768Kb used=3094Kb max_used=3094Kb free=29673Kb
 bounds [0x02980000, 0x02c88000, 0x04980000]
 total_blobs=1733 nmethods=1471 adapters=192
 compilation: enabled

Compilation events (10 events):
Event: 86.921 Thread 0x14ec8c00 1478   !         sun.reflect.GeneratedConstructorAccessor6::newInstance (49 bytes)
Event: 86.922 Thread 0x14ec8c00 nmethod 1478 0x02c84648 code [0x02c84790, 0x02c84a4c]
Event: 98.701 Thread 0x14ec8c00 1479             java.lang.reflect.Method::invoke (62 bytes)
Event: 98.702 Thread 0x14ec8c00 nmethod 1479 0x02c84cc8 code [0x02c84e00, 0x02c84f6c]
Event: 103.131 Thread 0x14ec8c00 1480             java.lang.reflect.Method::hashCode (19 bytes)
Event: 103.132 Thread 0x14ec8c00 nmethod 1480 0x02c85088 code [0x02c851a0, 0x02c852a4]
Event: 266.619 Thread 0x14ec8c00 1481 %           java.lang.ref.Reference$ReferenceHandler::run @ 0 (8 bytes)
Event: 266.619 Thread 0x14ec8c00 nmethod 1481% 0x02c853c8 code [0x02c854d0, 0x02c8557c]
Event: 319.142 Thread 0x14ec8c00 1482 % !         java.lang.ref.Finalizer$FinalizerThread::run @ 33 (55 bytes)
Event: 319.143 Thread 0x14ec8c00 nmethod 1482% 0x02c85608 code [0x02c85760, 0x02c85b14]

GC Heap History (10 events):
Event: 372.723 GC heap before
{Heap before GC invocations=76 (full 1):
 def new generation   total 5760K, used 5315K [0x04a00000, 0x05040000, 0x09f50000)
  eden space 5120K, 100% used [0x04a00000, 0x04f00000, 0x04f00000)
  from space 640K,  30% used [0x04fa0000, 0x04fd0f50, 0x05040000)
  to   space 640K,   0% used [0x04f00000, 0x04f00000, 0x04fa0000)
 tenured generation   total 12704K, used 11635K [0x09f50000, 0x0abb8000, 0x14a00000)
   the space 12704K,  91% used [0x09f50000, 0x0aaacce8, 0x0aaace00, 0x0abb8000)
 Metaspace       used 13322K, capacity 13572K, committed 13696K, reserved 13696K
Event: 372.725 GC heap after
Heap after GC invocations=77 (full 1):
 def new generation   total 5760K, used 196K [0x04a00000, 0x05040000, 0x09f50000)
  eden space 5120K,   0% used [0x04a00000, 0x04a00000, 0x04f00000)
  from space 640K,  30% used [0x04f00000, 0x04f31110, 0x04fa0000)
  to   space 640K,   0% used [0x04fa0000, 0x04fa0000, 0x05040000)
 tenured generation   total 12704K, used 11635K [0x09f50000, 0x0abb8000, 0x14a00000)
   the space 12704K,  91% used [0x09f50000, 0x0aaacce8, 0x0aaace00, 0x0abb8000)
 Metaspace       used 13322K, capacity 13572K, committed 13696K, reserved 13696K
}
Event: 388.800 GC heap before
{Heap before GC invocations=77 (full 1):
 def new generation   total 5760K, used 5316K [0x04a00000, 0x05040000, 0x09f50000)
  eden space 5120K, 100% used [0x04a00000, 0x04f00000, 0x04f00000)
  from space 640K,  30% used [0x04f00000, 0x04f31110, 0x04fa0000)
  to   space 640K,   0% used [0x04fa0000, 0x04fa0000, 0x05040000)
 tenured generation   total 12704K, used 11635K [0x09f50000, 0x0abb8000, 0x14a00000)
   the space 12704K,  91% used [0x09f50000, 0x0aaacce8, 0x0aaace00, 0x0abb8000)
 Metaspace       used 13322K, capacity 13572K, committed 13696K, reserved 13696K
Event: 388.802 GC heap after
Heap after GC invocations=78 (full 1):
 def new generation   total 5760K, used 186K [0x04a00000, 0x05040000, 0x09f50000)
  eden space 5120K,   0% used [0x04a00000, 0x04a00000, 0x04f00000)
  from space 640K,  29% used [0x04fa0000, 0x04fcea00, 0x05040000)
  to   space 640K,   0% used [0x04f00000, 0x04f00000, 0x04fa0000)
 tenured generation   total 12704K, used 11635K [0x09f50000, 0x0abb8000, 0x14a00000)
   the space 12704K,  91% used [0x09f50000, 0x0aaacce8, 0x0aaace00, 0x0abb8000)
 Metaspace       used 13322K, capacity 13572K, committed 13696K, reserved 13696K
}
Event: 392.570 GC heap before
{Heap before GC invocations=78 (full 1):
 def new generation   total 5760K, used 5306K [0x04a00000, 0x05040000, 0x09f50000)
  eden space 5120K, 100% used [0x04a00000, 0x04f00000, 0x04f00000)
  from space 640K,  29% used [0x04fa0000, 0x04fcea00, 0x05040000)
  to   space 640K,   0% used [0x04f00000, 0x04f00000, 0x04fa0000)
 tenured generation   total 12704K, used 11635K [0x09f50000, 0x0abb8000, 0x14a00000)
   the space 12704K,  91% used [0x09f50000, 0x0aaacce8, 0x0aaace00, 0x0abb8000)
 Metaspace       used 13322K, capacity 13572K, committed 13696K, reserved 13696K
Event: 392.573 GC heap after
Heap after GC invocations=79 (full 1):
 def new generation   total 5760K, used 189K [0x04a00000, 0x05040000, 0x09f50000)
  eden space 5120K,   0% used [0x04a00000, 0x04a00000, 0x04f00000)
  from space 640K,  29% used [0x04f00000, 0x04f2f4d0, 0x04fa0000)
  to   space 640K,   0% used [0x04fa0000, 0x04fa0000, 0x05040000)
 tenured generation   total 12704K, used 11635K [0x09f50000, 0x0abb8000, 0x14a00000)
   the space 12704K,  91% used [0x09f50000, 0x0aaacce8, 0x0aaace00, 0x0abb8000)
 Metaspace       used 13322K, capacity 13572K, committed 13696K, reserved 13696K
}
Event: 400.266 GC heap before
{Heap before GC invocations=79 (full 1):
 def new generation   total 5760K, used 5309K [0x04a00000, 0x05040000, 0x09f50000)
  eden space 5120K, 100% used [0x04a00000, 0x04f00000, 0x04f00000)
  from space 640K,  29% used [0x04f00000, 0x04f2f4d0, 0x04fa0000)
  to   space 640K,   0% used [0x04fa0000, 0x04fa0000, 0x05040000)
 tenured generation   total 12704K, used 11635K [0x09f50000, 0x0abb8000, 0x14a00000)
   the space 12704K,  91% used [0x09f50000, 0x0aaacce8, 0x0aaace00, 0x0abb8000)
 Metaspace       used 13322K, capacity 13572K, committed 13696K, reserved 13696K
Event: 400.268 GC heap after
Heap after GC invocations=80 (full 1):
 def new generation   total 5760K, used 189K [0x04a00000, 0x05040000, 0x09f50000)
  eden space 5120K,   0% used [0x04a00000, 0x04a00000, 0x04f00000)
  from space 640K,  29% used [0x04fa0000, 0x04fcf790, 0x05040000)
  to   space 640K,   0% used [0x04f00000, 0x04f00000, 0x04fa0000)
 tenured generation   total 12704K, used 11635K [0x09f50000, 0x0abb8000, 0x14a00000)
   the space 12704K,  91% used [0x09f50000, 0x0aaacce8, 0x0aaace00, 0x0abb8000)
 Metaspace       used 13322K, capacity 13572K, committed 13696K, reserved 13696K
}
Event: 402.146 GC heap before
{Heap before GC invocations=80 (full 1):
 def new generation   total 5760K, used 5309K [0x04a00000, 0x05040000, 0x09f50000)
  eden space 5120K, 100% used [0x04a00000, 0x04f00000, 0x04f00000)
  from space 640K,  29% used [0x04fa0000, 0x04fcf790, 0x05040000)
  to   space 640K,   0% used [0x04f00000, 0x04f00000, 0x04fa0000)
 tenured generation   total 12704K, used 11635K [0x09f50000, 0x0abb8000, 0x14a00000)
   the space 12704K,  91% used [0x09f50000, 0x0aaacce8, 0x0aaace00, 0x0abb8000)
 Metaspace       used 13323K, capacity 13572K, committed 13696K, reserved 13696K
Event: 402.149 GC heap after
Heap after GC invocations=81 (full 1):
 def new generation   total 5760K, used 251K [0x04a00000, 0x05040000, 0x09f50000)
  eden space 5120K,   0% used [0x04a00000, 0x04a00000, 0x04f00000)
  from space 640K,  39% used [0x04f00000, 0x04f3ed78, 0x04fa0000)
  to   space 640K,   0% used [0x04fa0000, 0x04fa0000, 0x05040000)
 tenured generation   total 12704K, used 11635K [0x09f50000, 0x0abb8000, 0x14a00000)
   the space 12704K,  91% used [0x09f50000, 0x0aaacce8, 0x0aaace00, 0x0abb8000)
 Metaspace       used 13323K, capacity 13572K, committed 13696K, reserved 13696K
}

Deoptimization events (0 events):
No events

Internal exceptions (10 events):
Event: 34.758 Thread 0x15db1000 Exception <a 'java/io/FileNotFoundException'> (0x04a95058) thrown at [C:\re\workspace\8-2-build-windows-i586-cygwin\jdk8u111\7883\hotspot\src\share\vm\prims\jni.cpp, line 709]
Event: 34.758 Thread 0x15db1000 Exception <a 'java/lang/NullPointerException'> (0x04a9a6d0) thrown at [C:\re\workspace\8-2-build-windows-i586-cygwin\jdk8u111\7883\hotspot\src\share\vm\interpreter\linkResolver.cpp, line 1178]
Event: 38.252 Thread 0x15db1000 Exception <a 'java/io/FileNotFoundException'> (0x04ed0dc0) thrown at [C:\re\workspace\8-2-build-windows-i586-cygwin\jdk8u111\7883\hotspot\src\share\vm\prims\jni.cpp, line 709]
Event: 38.252 Thread 0x15db1000 Exception <a 'java/io/FileNotFoundException'> (0x04ed64d8) thrown at [C:\re\workspace\8-2-build-windows-i586-cygwin\jdk8u111\7883\hotspot\src\share\vm\prims\jni.cpp, line 709]
Event: 38.252 Thread 0x15db1000 Exception <a 'java/lang/NullPointerException'> (0x04ed6a58) thrown at [C:\re\workspace\8-2-build-windows-i586-cygwin\jdk8u111\7883\hotspot\src\share\vm\interpreter\linkResolver.cpp, line 1178]
Event: 41.155 Thread 0x15db2400 Exception <a 'java/net/SocketException': Socket closed> (0x04a09548) thrown at [C:\re\workspace\8-2-build-windows-i586-cygwin\jdk8u111\7883\hotspot\src\share\vm\prims\jni.cpp, line 735]
Event: 41.156 Thread 0x15db1000 Exception <a 'java/io/FileNotFoundException'> (0x04c46a58) thrown at [C:\re\workspace\8-2-build-windows-i586-cygwin\jdk8u111\7883\hotspot\src\share\vm\prims\jni.cpp, line 709]
Event: 41.156 Thread 0x15db1000 Exception <a 'java/io/FileNotFoundException'> (0x04c47150) thrown at [C:\re\workspace\8-2-build-windows-i586-cygwin\jdk8u111\7883\hotspot\src\share\vm\prims\jni.cpp, line 709]
Event: 41.156 Thread 0x15db1000 Exception <a 'java/lang/NullPointerException'> (0x04c476d0) thrown at [C:\re\workspace\8-2-build-windows-i586-cygwin\jdk8u111\7883\hotspot\src\share\vm\interpreter\linkResolver.cpp, line 1178]
Event: 43.299 Thread 0x15db3000 Exception <a 'java/net/SocketException': Socket closed> (0x04dcce08) thrown at [C:\re\workspace\8-2-build-windows-i586-cygwin\jdk8u111\7883\hotspot\src\share\vm\prims\jni.cpp, line 735]

Events (10 events):
Event: 388.800 Executing VM operation: GenCollectForAllocation
Event: 388.802 Executing VM operation: GenCollectForAllocation done
Event: 392.570 Executing VM operation: GenCollectForAllocation
Event: 392.573 Executing VM operation: GenCollectForAllocation done
Event: 400.266 Executing VM operation: GenCollectForAllocation
Event: 400.268 Executing VM operation: GenCollectForAllocation done
Event: 401.245 loading class javax/swing/JTable$4
Event: 401.245 loading class javax/swing/JTable$4 done
Event: 402.146 Executing VM operation: GenCollectForAllocation
Event: 402.149 Executing VM operation: GenCollectForAllocation done


Dynamic libraries:
0x00ce0000 - 0x00d13000 	C:\Program Files (x86)\Java\jdk1.8.0_111\bin\java.exe
0x77510000 - 0x77690000 	C:\Windows\SysWOW64\ntdll.dll
0x768d0000 - 0x769e0000 	C:\Windows\syswow64\kernel32.dll
0x75090000 - 0x750d7000 	C:\Windows\syswow64\KERNELBASE.dll
0x76ea0000 - 0x76f41000 	C:\Windows\syswow64\ADVAPI32.dll
0x76bb0000 - 0x76c5c000 	C:\Windows\syswow64\msvcrt.dll
0x767c0000 - 0x767d9000 	C:\Windows\SysWOW64\sechost.dll
0x74fa0000 - 0x75090000 	C:\Windows\syswow64\RPCRT4.dll
0x74e00000 - 0x74e60000 	C:\Windows\syswow64\SspiCli.dll
0x74df0000 - 0x74dfc000 	C:\Windows\syswow64\CRYPTBASE.dll
0x77010000 - 0x77110000 	C:\Windows\syswow64\USER32.dll
0x76f70000 - 0x77000000 	C:\Windows\syswow64\GDI32.dll
0x77000000 - 0x7700a000 	C:\Windows\syswow64\LPK.dll
0x76a10000 - 0x76aad000 	C:\Windows\syswow64\USP10.dll
0x73b00000 - 0x73c9e000 	C:\Windows\WinSxS\x86_microsoft.windows.common-controls_6595b64144ccf1df_6.0.7601.18837_none_41e855142bd5705d\COMCTL32.dll
0x76870000 - 0x768c7000 	C:\Windows\syswow64\SHLWAPI.dll
0x750e0000 - 0x75140000 	C:\Windows\system32\IMM32.DLL
0x76ae0000 - 0x76bad000 	C:\Windows\syswow64\MSCTF.dll
0x555c0000 - 0x5567f000 	C:\Program Files (x86)\Java\jdk1.8.0_111\jre\bin\msvcr100.dll
0x54ee0000 - 0x552ad000 	C:\Program Files (x86)\Java\jdk1.8.0_111\jre\bin\client\jvm.dll
0x74350000 - 0x74357000 	C:\Windows\system32\WSOCK32.dll
0x74f00000 - 0x74f35000 	C:\Windows\syswow64\WS2_32.dll
0x756d0000 - 0x756d6000 	C:\Windows\syswow64\NSI.dll
0x717f0000 - 0x71822000 	C:\Windows\system32\WINMM.dll
0x74130000 - 0x74139000 	C:\Windows\system32\VERSION.dll
0x769e0000 - 0x769e5000 	C:\Windows\syswow64\PSAPI.DLL
0x55710000 - 0x5571c000 	C:\Program Files (x86)\Java\jdk1.8.0_111\jre\bin\verify.dll
0x55590000 - 0x555b1000 	C:\Program Files (x86)\Java\jdk1.8.0_111\jre\bin\java.dll
0x556f0000 - 0x55703000 	C:\Program Files (x86)\Java\jdk1.8.0_111\jre\bin\zip.dll
0x758f0000 - 0x7653c000 	C:\Windows\syswow64\SHELL32.dll
0x75220000 - 0x7537d000 	C:\Windows\syswow64\ole32.dll
0x76a00000 - 0x76a0b000 	C:\Windows\syswow64\profapi.dll
0x55410000 - 0x55556000 	C:\Program Files (x86)\Java\jdk1.8.0_111\jre\bin\awt.dll
0x74e60000 - 0x74ef1000 	C:\Windows\syswow64\OLEAUT32.dll
0x737d0000 - 0x73850000 	C:\Windows\system32\uxtheme.dll
0x73a40000 - 0x73a53000 	C:\Windows\system32\dwmapi.dll
0x553d0000 - 0x55409000 	C:\Program Files (x86)\Java\jdk1.8.0_111\jre\bin\fontmanager.dll
0x55570000 - 0x55586000 	C:\Program Files (x86)\Java\jdk1.8.0_111\jre\bin\net.dll
0x71e30000 - 0x71e6c000 	C:\Windows\system32\mswsock.dll
0x71c10000 - 0x71c16000 	C:\Windows\System32\wship6.dll
0x55560000 - 0x5556f000 	C:\Program Files (x86)\Java\jdk1.8.0_111\jre\bin\nio.dll
0x55390000 - 0x553c2000 	C:\Program Files (x86)\Java\jdk1.8.0_111\jre\bin\t2k.dll
0x712b0000 - 0x712d6000 	C:\Program Files (x86)\Java\jdk1.8.0_111\jre\bin\jpeg.dll
0x767e0000 - 0x76863000 	C:\Windows\syswow64\CLBCatQ.DLL
0x6e510000 - 0x6e641000 	C:\Windows\system32\WindowsCodecs.dll
0x6fda0000 - 0x6fdec000 	C:\Windows\system32\apphelp.dll
0x5a880000 - 0x5a8b1000 	C:\Windows\system32\EhStorShell.dll
0x756f0000 - 0x7588d000 	C:\Windows\syswow64\SETUPAPI.dll
0x75890000 - 0x758b7000 	C:\Windows\syswow64\CFGMGR32.dll
0x767a0000 - 0x767b2000 	C:\Windows\syswow64\DEVOBJ.dll
0x71670000 - 0x71765000 	C:\Windows\system32\PROPSYS.dll
0x5c270000 - 0x5c2e0000 	C:\Windows\system32\ntshrui.dll
0x72450000 - 0x72469000 	C:\Windows\system32\srvcli.dll
0x5c260000 - 0x5c26b000 	C:\Windows\system32\cscapi.dll
0x63c40000 - 0x63c4a000 	C:\Windows\system32\slc.dll
0x73dd0000 - 0x73de7000 	C:\Windows\system32\CRYPTSP.dll
0x72a30000 - 0x72a6b000 	C:\Windows\system32\rsaenh.dll
0x76ac0000 - 0x76ad7000 	C:\Windows\syswow64\USERENV.dll
0x74170000 - 0x7418c000 	C:\Windows\system32\IPHLPAPI.DLL
0x74160000 - 0x74167000 	C:\Windows\system32\WINNSI.DLL
0x71bf0000 - 0x71c02000 	C:\Windows\system32\dhcpcsvc.DLL
0x71be0000 - 0x71bed000 	C:\Windows\system32\dhcpcsvc6.DLL
0x167d0000 - 0x16825000 	C:\Users\Melonman\AppData\Local\Temp\jna973012726861319611.dll
0x71250000 - 0x71272000 	C:\Users\Melonman\Documents\NetBeansProjects\SoSSH\VLC\libvlc.dll
0x704b0000 - 0x706e6000 	C:\Users\Melonman\Documents\NetBeansProjects\SoSSH\VLC\libvlccore.dll
0x711d0000 - 0x7120b000 	C:\Users\Melonman\Documents\NetBeansProjects\SoSSH\VLC\plugins\access\libdshow_plugin.dll
0x71230000 - 0x71243000 	C:\Users\Melonman\Documents\NetBeansProjects\SoSSH\VLC\plugins\audio_output\libaout_directx_plugin.dll
0x71210000 - 0x71222000 	C:\Users\Melonman\Documents\NetBeansProjects\SoSSH\VLC\plugins\audio_output\libwaveout_plugin.dll
0x708e0000 - 0x70952000 	C:\Windows\system32\dsound.dll
0x71170000 - 0x71195000 	C:\Windows\system32\POWRPROF.dll
0x54360000 - 0x54edb000 	C:\Users\Melonman\Documents\NetBeansProjects\SoSSH\VLC\plugins\gui\libqt4_plugin.dll
0x751a0000 - 0x7521b000 	C:\Windows\syswow64\COMDLG32.DLL
0x730a0000 - 0x730f1000 	C:\Windows\system32\WINSPOOL.DRV
0x707a0000 - 0x708d4000 	C:\Users\Melonman\Documents\NetBeansProjects\SoSSH\VLC\plugins\misc\libxml_plugin.dll
0x711b0000 - 0x711c8000 	C:\Users\Melonman\Documents\NetBeansProjects\SoSSH\VLC\plugins\video_output\libdirectx_plugin.dll
0x71290000 - 0x712a0000 	C:\Users\Melonman\Documents\NetBeansProjects\SoSSH\VLC\plugins\mmxext\libmemcpymmxext_plugin.dll
0x70ec0000 - 0x70ed2000 	C:\Users\Melonman\Documents\NetBeansProjects\SoSSH\VLC\plugins\control\libhotkeys_plugin.dll
0x55330000 - 0x55354000 	C:\Program Files (x86)\Java\jdk1.8.0_111\jre\bin\dcpr.dll
0x6fd10000 - 0x6fd94000 	C:\Windows\WinSxS\x86_microsoft.windows.common-controls_6595b64144ccf1df_5.82.7601.18837_none_ec86b8d6858ec0bc\comctl32.dll
0x73a10000 - 0x73a31000 	C:\Windows\system32\ntmarta.dll
0x75140000 - 0x75185000 	C:\Windows\syswow64\WLDAP32.dll
0x5a6e0000 - 0x5a878000 	C:\Windows\system32\NetworkExplorer.dll
0x709e0000 - 0x70a0f000 	C:\Windows\System32\shdocvw.dll
0x70ea0000 - 0x70eb2000 	C:\Windows\system32\MPR.dll
0x712a0000 - 0x712a8000 	C:\Windows\System32\drprov.dll
0x717c0000 - 0x717e9000 	C:\Windows\System32\WINSTA.dll
0x70e80000 - 0x70e94000 	C:\Windows\System32\ntlanman.dll
0x709c0000 - 0x709d8000 	C:\Windows\System32\davclnt.dll
0x71280000 - 0x71288000 	C:\Windows\System32\DAVHLPR.dll
0x72440000 - 0x7244f000 	C:\Windows\system32\wkscli.dll
0x72470000 - 0x72479000 	C:\Windows\system32\netutils.dll
0x58340000 - 0x58578000 	C:\Windows\system32\wpdshext.dll
0x6f0e0000 - 0x6f271000 	C:\Windows\WinSxS\x86_microsoft.windows.gdiplus_6595b64144ccf1df_1.1.7601.23545_none_5c06d189a00e2c29\gdiplus.dll
0x70710000 - 0x70799000 	C:\Windows\system32\PortableDeviceApi.dll
0x75600000 - 0x7562f000 	C:\Windows\syswow64\WINTRUST.dll
0x754d0000 - 0x755f1000 	C:\Windows\syswow64\CRYPT32.dll
0x769f0000 - 0x769fc000 	C:\Windows\syswow64\MSASN1.dll
0x70470000 - 0x704af000 	C:\Windows\system32\audiodev.dll
0x57430000 - 0x57697000 	C:\Windows\system32\WMVCore.DLL
0x70980000 - 0x709bd000 	C:\Windows\system32\WMASF.DLL
0x5c050000 - 0x5c072000 	C:\Windows\system32\EhStorAPI.dll
0x706f0000 - 0x70710000 	C:\Program Files (x86)\Java\jdk1.8.0_111\jre\bin\sunec.dll
0x70e70000 - 0x70e79000 	C:\Program Files (x86)\Java\jdk1.8.0_111\jre\bin\sunmscapi.dll
0x711a0000 - 0x711a6000 	C:\Program Files (x86)\Java\jdk1.8.0_111\jre\bin\jawt.dll
0x5c020000 - 0x5c04c000 	C:\Users\Melonman\Documents\NetBeansProjects\SoSSH\VLC\plugins\access\liblibbluray_plugin.dll
0x70960000 - 0x7097d000 	C:\Users\Melonman\Documents\NetBeansProjects\SoSSH\VLC\plugins\access\libaccess_bd_plugin.dll
0x5bb50000 - 0x5bb95000 	C:\Users\Melonman\Documents\NetBeansProjects\SoSSH\VLC\plugins\access\libdvdnav_plugin.dll
0x5c000000 - 0x5c012000 	C:\Users\Melonman\Documents\NetBeansProjects\SoSSH\VLC\plugins\access\libaccess_vdr_plugin.dll
0x5bfe0000 - 0x5bff1000 	C:\Users\Melonman\Documents\NetBeansProjects\SoSSH\VLC\plugins\access\libfilesystem_plugin.dll
0x5bad0000 - 0x5bb43000 	C:\Users\Melonman\Documents\NetBeansProjects\SoSSH\VLC\plugins\stream_filter\libstream_filter_httplive_plugin.dll
0x5ba10000 - 0x5bac7000 	C:\Users\Melonman\Documents\NetBeansProjects\SoSSH\VLC\plugins\stream_filter\libstream_filter_dash_plugin.dll
0x5beb0000 - 0x5bec0000 	C:\Users\Melonman\Documents\NetBeansProjects\SoSSH\VLC\plugins\access\libstream_filter_rar_plugin.dll
0x5be90000 - 0x5beab000 	C:\Users\Melonman\Documents\NetBeansProjects\SoSSH\VLC\plugins\access\libzip_plugin.dll
0x5ba00000 - 0x5ba0f000 	C:\Users\Melonman\Documents\NetBeansProjects\SoSSH\VLC\plugins\stream_filter\libstream_filter_record_plugin.dll
0x5a6a0000 - 0x5a6d6000 	C:\Users\Melonman\Documents\NetBeansProjects\SoSSH\VLC\plugins\demux\libmp4_plugin.dll
0x5b9e0000 - 0x5b9fc000 	C:\Users\Melonman\Documents\NetBeansProjects\SoSSH\VLC\plugins\demux\libavi_plugin.dll
0x5a680000 - 0x5a698000 	C:\Users\Melonman\Documents\NetBeansProjects\SoSSH\VLC\plugins\demux\libasf_plugin.dll
0x5a660000 - 0x5a671000 	C:\Users\Melonman\Documents\NetBeansProjects\SoSSH\VLC\plugins\demux\libflacsys_plugin.dll
0x5a640000 - 0x5a651000 	C:\Users\Melonman\Documents\NetBeansProjects\SoSSH\VLC\plugins\demux\libes_plugin.dll
0x5a5d0000 - 0x5a635000 	C:\Users\Melonman\Documents\NetBeansProjects\SoSSH\VLC\plugins\codec\libtheora_plugin.dll
0x5a5c0000 - 0x5a5d0000 	C:\Users\Melonman\Documents\NetBeansProjects\SoSSH\VLC\plugins\codec\librawvideo_plugin.dll
0x5a590000 - 0x5a5bc000 	C:\Users\Melonman\Documents\NetBeansProjects\SoSSH\VLC\plugins\codec\libspeex_plugin.dll
0x58610000 - 0x587ba000 	C:\Users\Melonman\Documents\NetBeansProjects\SoSSH\VLC\plugins\codec\libvorbis_plugin.dll
0x5a580000 - 0x5a590000 	C:\Users\Melonman\Documents\NetBeansProjects\SoSSH\VLC\plugins\codec\libaes3_plugin.dll
0x5a560000 - 0x5a571000 	C:\Users\Melonman\Documents\NetBeansProjects\SoSSH\VLC\plugins\codec\liblpcm_plugin.dll
0x59c90000 - 0x59ca1000 	C:\Users\Melonman\Documents\NetBeansProjects\SoSSH\VLC\plugins\packetizer\libpacketizer_flac_plugin.dll
0x59c70000 - 0x59c83000 	C:\Users\Melonman\Documents\NetBeansProjects\SoSSH\VLC\plugins\packetizer\libpacketizer_dirac_plugin.dll
0x59c50000 - 0x59c61000 	C:\Users\Melonman\Documents\NetBeansProjects\SoSSH\VLC\plugins\packetizer\libpacketizer_mlp_plugin.dll

VM Arguments:
jvm_args: -Dfile.encoding=UTF-8 
java_command: soSSH.SoSSH
java_class_path (initial): C:\Users\Melonman\Documents\NetBeansProjects\SoSSH\lib\jna-3.3.0-platform.jar;C:\Users\Melonman\Documents\NetBeansProjects\SoSSH\lib\jna-3.3.0.jar;C:\Users\Melonman\Documents\NetBeansProjects\SoSSH\lib\jsch-0.1.54.jar;C:\Users\Melonman\Documents\NetBeansProjects\SoSSH\lib\vlcj-1.2.1-b2.jar;C:\Users\Melonman\Documents\NetBeansProjects\SoSSH\build\classes
Launcher Type: SUN_STANDARD

Environment Variables:
PATH=C:\ProgramData\Oracle\Java\javapath;C:\Windows\system32;C:\Windows;C:\Windows\System32\Wbem;C:\Windows\System32\WindowsPowerShell\v1.0\;C:\Program Files\Intel\WiFi\bin\;C:\Program Files\Common Files\Intel\WirelessCommon\;C:\Program Files\OpenVPN\bin;C:\Program Files\Intel\WiFi\bin\;C:\Program Files\Common Files\Intel\WirelessCommon\
USERNAME=Melonman
OS=Windows_NT
PROCESSOR_IDENTIFIER=Intel64 Family 6 Model 78 Stepping 3, GenuineIntel



---------------  S Y S T E M  ---------------

OS: Windows 7 , 64 bit Build 7601 (6.1.7601.23572)

CPU:total 4 (2 cores per cpu, 2 threads per core) family 6 model 78 stepping 3, cmov, cx8, fxsr, mmx, sse, sse2, sse3, ssse3, sse4.1, sse4.2, popcnt, aes, clmul, erms, 3dnowpref, lzcnt, ht, tsc, tscinvbit

Memory: 4k page, physical 4050948k(1231336k free), swap 8100036k(5170392k free)

vm_info: Java HotSpot(TM) Client VM (25.111-b14) for windows-x86 JRE (1.8.0_111-b14), built on Sep 22 2016 18:54:33 by "java_re" with MS VC++ 10.0 (VS2010)

time: Thu Feb 16 23:58:40 2017
elapsed time: 403 seconds (0d 0h 6m 43s)

