#
# A fatal error has been detected by the Java Runtime Environment:
#
#  EXCEPTION_INVALID_HANDLE (0xc0000008) at pc=0x77592519, pid=1052, tid=0x000015f8
#
# JRE version: Java(TM) SE Runtime Environment (8.0_111-b14) (build 1.8.0_111-b14)
# Java VM: Java HotSpot(TM) Client VM (25.111-b14 mixed mode windows-x86 )
# Problematic frame:
# C  [ntdll.dll+0x82519]
#
# Failed to write core dump. Minidumps are not enabled by default on client versions of Windows
#
# If you would like to submit a bug report, please visit:
#   http://bugreport.java.com/bugreport/crash.jsp
# The crash happened outside the Java Virtual Machine in native code.
# See problematic frame for where to report the bug.
#

---------------  T H R E A D  ---------------

Current thread (0x14c5b000):  JavaThread "AWT-EventQueue-0" [_thread_in_native, id=5624, stack(0x15620000,0x15670000)]

siginfo: ExceptionCode=0xc0000008

Registers:
EAX=0xc0000008, EBX=0x00000000, ECX=0x74822e09, EDX=0x00000000
ESP=0x1566e0f4, EBP=0x1566e144, ESI=0x18276f98, EDI=0x00000000
EIP=0x77592519, EFLAGS=0x00000282

Top of Stack: (sp=0x1566e0f4)
0x1566e0f4:   18276f98 18276f9c 18276f98 5504edc5
0x1566e104:   1566e3bc 0258bcf2 0258bc08 00000000
0x1566e114:   1566e518 1566e3bc 1566e520 0285ab64
0x1566e124:   028584c8 00000000 1566e85c 00000000
0x1566e134:   00000000 00000000 7ef8e000 1826e490
0x1566e144:   1566e16c 7755ea92 00000000 00000000
0x1566e154:   18276f98 1566e2b0 18276f78 00000004
0x1566e164:   18000000 00000001 1566e1e8 70868c3f 

Instructions: (pc=0x77592519)
0x775924f9:   08 68 c0 49 53 77 6a 00 6a 65 89 45 0c e8 87 1a
0x77592509:   ff ff 83 c4 0c e9 79 c6 fc ff 50 e8 fc 13 fe ff
0x77592519:   cc 56 e8 e6 fd 01 00 e9 05 c7 fc ff 81 67 14 00
0x77592529:   00 00 ff e9 a0 33 fd ff b8 f1 00 00 c0 8b e5 5d 


Register to memory mapping:

EAX=0xc0000008 is an unknown value
EBX=0x00000000 is an unknown value
ECX=0x74822e09 is an unknown value
EDX=0x00000000 is an unknown value
ESP=0x1566e0f4 is pointing into the stack for thread: 0x14c5b000
EBP=0x1566e144 is pointing into the stack for thread: 0x14c5b000
ESI=0x18276f98 is an unknown value
EDI=0x00000000 is an unknown value


Stack: [0x15620000,0x15670000],  sp=0x1566e0f4,  free space=312k
Native frames: (J=compiled Java code, j=interpreted, Vv=VM code, C=native code)
C  [ntdll.dll+0x82519]
C  [ntdll.dll+0x4ea92]
C  [libvlccore.dll+0x98c3f]
C  [jna8594873899702563358.dll+0xc782]
C  [jna8594873899702563358.dll+0x44ae]
C  [jna8594873899702563358.dll+0x4c8e]
j  com.sun.jna.Native.invokeVoid(JI[Ljava/lang/Object;)V+0
J 1529 C1 com.sun.jna.Function.invoke([Ljava/lang/Object;Ljava/lang/Class;Z)Ljava/lang/Object; (1154 bytes) @ 0x0285ab64 [0x02858e00+0x1d64]
J 595 C1 com.sun.jna.Function.invoke(Ljava/lang/Class;[Ljava/lang/Object;Ljava/util/Map;)Ljava/lang/Object; (526 bytes) @ 0x026ca048 [0x026c9b70+0x4d8]
J 1544 C1 com.sun.jna.Library$Handler.invoke(Ljava/lang/Object;Ljava/lang/reflect/Method;[Ljava/lang/Object;)Ljava/lang/Object; (345 bytes) @ 0x0286cac8 [0x0286c320+0x7a8]
j  com.sun.proxy.$Proxy0.libvlc_media_player_stop(Luk/co/caprica/vlcj/binding/internal/libvlc_media_player_t;)V+16
j  uk.co.caprica.vlcj.player.DefaultMediaPlayer.stop()V+17
j  gui.MainFrame$2.windowClosing(Ljava/awt/event/WindowEvent;)V+33
j  java.awt.AWTEventMulticaster.windowClosing(Ljava/awt/event/WindowEvent;)V+21
j  java.awt.Window.processWindowEvent(Ljava/awt/event/WindowEvent;)V+68
j  javax.swing.JFrame.processWindowEvent(Ljava/awt/event/WindowEvent;)V+2
j  java.awt.Window.processEvent(Ljava/awt/AWTEvent;)V+69
j  java.awt.Component.dispatchEventImpl(Ljava/awt/AWTEvent;)V+589
J 1451 C1 java.awt.Container.dispatchEventImpl(Ljava/awt/AWTEvent;)V (129 bytes) @ 0x028384fc [0x028384a0+0x5c]
j  java.awt.Window.dispatchEventImpl(Ljava/awt/AWTEvent;)V+19
J 1183 C1 java.awt.EventQueue.dispatchEventImpl(Ljava/awt/AWTEvent;Ljava/lang/Object;)V (149 bytes) @ 0x027e3d9c [0x027e3950+0x44c]
J 1180 C1 java.awt.EventQueue$3.run()Ljava/lang/Void; (60 bytes) @ 0x027e30dc [0x027e3080+0x5c]
J 1179 C1 java.awt.EventQueue$3.run()Ljava/lang/Object; (5 bytes) @ 0x027e2e60 [0x027e2e40+0x20]
v  ~StubRoutines::call_stub
V  [jvm.dll+0x15a895]
V  [jvm.dll+0x220bfe]
V  [jvm.dll+0x15a92e]
V  [jvm.dll+0x10aeaf]
C  [java.dll+0x102f]
J 811 C1 java.security.ProtectionDomain$JavaSecurityAccessImpl.doIntersectionPrivilege(Ljava/security/PrivilegedAction;Ljava/security/AccessControlContext;Ljava/security/AccessControlContext;)Ljava/lang/Object; (22 bytes) @ 0x02740080 [0x0273ff80+0x100]
j  java.security.ProtectionDomain$JavaSecurityAccessImpl.doIntersectionPrivilege(Ljava/security/PrivilegedAction;Ljava/security/AccessControlContext;)Ljava/lang/Object;+6
j  java.awt.EventQueue$4.run()Ljava/lang/Void;+11
j  java.awt.EventQueue$4.run()Ljava/lang/Object;+1
v  ~StubRoutines::call_stub
V  [jvm.dll+0x15a895]
V  [jvm.dll+0x220bfe]
V  [jvm.dll+0x15a92e]
V  [jvm.dll+0x10aeaf]
C  [java.dll+0x102f]
J 1176 C1 java.awt.EventQueue.dispatchEvent(Ljava/awt/AWTEvent;)V (80 bytes) @ 0x027e1d9c [0x027e1a40+0x35c]
J 767 C1 java.awt.EventDispatchThread.pumpOneEventForFilters(I)V (295 bytes) @ 0x0272a010 [0x02729980+0x690]
j  java.awt.EventDispatchThread.pumpEventsForFilter(ILjava/awt/Conditional;Ljava/awt/EventFilter;)V+35
j  java.awt.EventDispatchThread.pumpEventsForHierarchy(ILjava/awt/Conditional;Ljava/awt/Component;)V+11
j  java.awt.EventDispatchThread.pumpEvents(ILjava/awt/Conditional;)V+4
j  java.awt.EventDispatchThread.pumpEvents(Ljava/awt/Conditional;)V+3
j  java.awt.EventDispatchThread.run()V+9
v  ~StubRoutines::call_stub
V  [jvm.dll+0x15a895]
V  [jvm.dll+0x220bfe]
V  [jvm.dll+0x15a92e]
V  [jvm.dll+0x15aab6]
V  [jvm.dll+0x15ab27]
V  [jvm.dll+0xfef8f]
V  [jvm.dll+0x17d6f0]
V  [jvm.dll+0x17df6a]
V  [jvm.dll+0x1c29c6]
C  [msvcr100.dll+0x5c556]
C  [msvcr100.dll+0x5c600]
C  [kernel32.dll+0x1336a]
C  [ntdll.dll+0x39902]
C  [ntdll.dll+0x398d5]
C  0x00000000

Java frames: (J=compiled Java code, j=interpreted, Vv=VM code)
j  com.sun.jna.Native.invokeVoid(JI[Ljava/lang/Object;)V+0
J 1529 C1 com.sun.jna.Function.invoke([Ljava/lang/Object;Ljava/lang/Class;Z)Ljava/lang/Object; (1154 bytes) @ 0x0285ab64 [0x02858e00+0x1d64]
J 595 C1 com.sun.jna.Function.invoke(Ljava/lang/Class;[Ljava/lang/Object;Ljava/util/Map;)Ljava/lang/Object; (526 bytes) @ 0x026ca048 [0x026c9b70+0x4d8]
J 1544 C1 com.sun.jna.Library$Handler.invoke(Ljava/lang/Object;Ljava/lang/reflect/Method;[Ljava/lang/Object;)Ljava/lang/Object; (345 bytes) @ 0x0286cac8 [0x0286c320+0x7a8]
j  com.sun.proxy.$Proxy0.libvlc_media_player_stop(Luk/co/caprica/vlcj/binding/internal/libvlc_media_player_t;)V+16
j  uk.co.caprica.vlcj.player.DefaultMediaPlayer.stop()V+17
j  gui.MainFrame$2.windowClosing(Ljava/awt/event/WindowEvent;)V+33
j  java.awt.AWTEventMulticaster.windowClosing(Ljava/awt/event/WindowEvent;)V+21
j  java.awt.Window.processWindowEvent(Ljava/awt/event/WindowEvent;)V+68
j  javax.swing.JFrame.processWindowEvent(Ljava/awt/event/WindowEvent;)V+2
j  java.awt.Window.processEvent(Ljava/awt/AWTEvent;)V+69
j  java.awt.Component.dispatchEventImpl(Ljava/awt/AWTEvent;)V+589
J 1451 C1 java.awt.Container.dispatchEventImpl(Ljava/awt/AWTEvent;)V (129 bytes) @ 0x028384fc [0x028384a0+0x5c]
j  java.awt.Window.dispatchEventImpl(Ljava/awt/AWTEvent;)V+19
J 1183 C1 java.awt.EventQueue.dispatchEventImpl(Ljava/awt/AWTEvent;Ljava/lang/Object;)V (149 bytes) @ 0x027e3d9c [0x027e3950+0x44c]
J 1180 C1 java.awt.EventQueue$3.run()Ljava/lang/Void; (60 bytes) @ 0x027e30dc [0x027e3080+0x5c]
J 1179 C1 java.awt.EventQueue$3.run()Ljava/lang/Object; (5 bytes) @ 0x027e2e60 [0x027e2e40+0x20]
v  ~StubRoutines::call_stub
J 802  java.security.AccessController.doPrivileged(Ljava/security/PrivilegedAction;Ljava/security/AccessControlContext;)Ljava/lang/Object; (0 bytes) @ 0x02736807 [0x027367a0+0x67]
J 811 C1 java.security.ProtectionDomain$JavaSecurityAccessImpl.doIntersectionPrivilege(Ljava/security/PrivilegedAction;Ljava/security/AccessControlContext;Ljava/security/AccessControlContext;)Ljava/lang/Object; (22 bytes) @ 0x02740080 [0x0273ff80+0x100]
j  java.security.ProtectionDomain$JavaSecurityAccessImpl.doIntersectionPrivilege(Ljava/security/PrivilegedAction;Ljava/security/AccessControlContext;)Ljava/lang/Object;+6
j  java.awt.EventQueue$4.run()Ljava/lang/Void;+11
j  java.awt.EventQueue$4.run()Ljava/lang/Object;+1
v  ~StubRoutines::call_stub
J 802  java.security.AccessController.doPrivileged(Ljava/security/PrivilegedAction;Ljava/security/AccessControlContext;)Ljava/lang/Object; (0 bytes) @ 0x02736807 [0x027367a0+0x67]
J 1176 C1 java.awt.EventQueue.dispatchEvent(Ljava/awt/AWTEvent;)V (80 bytes) @ 0x027e1d9c [0x027e1a40+0x35c]
J 767 C1 java.awt.EventDispatchThread.pumpOneEventForFilters(I)V (295 bytes) @ 0x0272a010 [0x02729980+0x690]
j  java.awt.EventDispatchThread.pumpEventsForFilter(ILjava/awt/Conditional;Ljava/awt/EventFilter;)V+35
j  java.awt.EventDispatchThread.pumpEventsForHierarchy(ILjava/awt/Conditional;Ljava/awt/Component;)V+11
j  java.awt.EventDispatchThread.pumpEvents(ILjava/awt/Conditional;)V+4
j  java.awt.EventDispatchThread.pumpEvents(Ljava/awt/Conditional;)V+3
j  java.awt.EventDispatchThread.run()V+9
v  ~StubRoutines::call_stub

---------------  P R O C E S S  ---------------

Java Threads: ( => current thread )
  0x16154c00 JavaThread "Connect thread 192.168.43.1 session" [_thread_in_native, id=2896, stack(0x191f0000,0x19240000)]
  0x160f5800 JavaThread "Swing-Shell" daemon [_thread_blocked, id=5248, stack(0x186c0000,0x18710000)]
  0x1624e000 JavaThread "TimerQueue" daemon [_thread_blocked, id=1724, stack(0x18620000,0x18670000)]
  0x0227c000 JavaThread "DestroyJavaVM" [_thread_blocked, id=5144, stack(0x007e0000,0x00830000)]
  0x16216000 JavaThread "Thread-8" [_thread_in_native, id=5760, stack(0x17fa0000,0x17ff0000)]
  0x161d3800 JavaThread "Timer-0" [_thread_blocked, id=5564, stack(0x16bb0000,0x16c00000)]
=>0x14c5b000 JavaThread "AWT-EventQueue-0" [_thread_in_native, id=5624, stack(0x15620000,0x15670000)]
  0x14c22c00 JavaThread "AWT-Windows" daemon [_thread_in_native, id=5568, stack(0x157e0000,0x15830000)]
  0x14c21c00 JavaThread "AWT-Shutdown" [_thread_blocked, id=4608, stack(0x150a0000,0x150f0000)]
  0x14c1f400 JavaThread "Java2D Disposer" daemon [_thread_blocked, id=4348, stack(0x15670000,0x156c0000)]
  0x14ac3400 JavaThread "Service Thread" daemon [_thread_blocked, id=5900, stack(0x15350000,0x153a0000)]
  0x14ac8c00 JavaThread "C1 CompilerThread0" daemon [_thread_blocked, id=4804, stack(0x15200000,0x15250000)]
  0x14ac7800 JavaThread "Attach Listener" daemon [_thread_blocked, id=552, stack(0x15250000,0x152a0000)]
  0x14ac6800 JavaThread "Signal Dispatcher" daemon [_thread_blocked, id=5744, stack(0x15030000,0x15080000)]
  0x14aa6000 JavaThread "Finalizer" daemon [_thread_blocked, id=5592, stack(0x14ee0000,0x14f30000)]
  0x14a80c00 JavaThread "Reference Handler" daemon [_thread_blocked, id=5708, stack(0x14cf0000,0x14d40000)]

Other Threads:
  0x14a7a800 VMThread [stack: 0x14d40000,0x14d90000] [id=3940]
  0x14acc000 WatcherThread [stack: 0x15550000,0x155a0000] [id=5648]

VM state:not at safepoint (normal execution)

VM Mutex/Monitor currently owned by a thread: None

Heap:
 def new generation   total 5760K, used 5292K [0x04600000, 0x04c40000, 0x09b50000)
  eden space 5120K,  99% used [0x04600000, 0x04af9868, 0x04b00000)
  from space 640K,  30% used [0x04ba0000, 0x04bd1820, 0x04c40000)
  to   space 640K,   0% used [0x04b00000, 0x04b00000, 0x04ba0000)
 tenured generation   total 12640K, used 11558K [0x09b50000, 0x0a7a8000, 0x14600000)
   the space 12640K,  91% used [0x09b50000, 0x0a699b40, 0x0a699c00, 0x0a7a8000)
 Metaspace       used 13320K, capacity 13580K, committed 13696K, reserved 13696K

Card table byte_map: [0x021a0000,0x02230000] byte_map_base: 0x0217d000

Polling page: 0x00220000

CodeCache: size=32768Kb used=3200Kb max_used=3200Kb free=29568Kb
 bounds [0x02550000, 0x02878000, 0x04550000]
 total_blobs=1806 nmethods=1543 adapters=192
 compilation: enabled

Compilation events (10 events):
Event: 88.076 Thread 0x14ac8c00 1550             javax.swing.plaf.nimbus.AbstractRegionPainter$PaintContext::access$800 (5 bytes)
Event: 88.076 Thread 0x14ac8c00 nmethod 1550 0x0286ef08 code [0x0286f000, 0x0286f070]
Event: 88.076 Thread 0x14ac8c00 1551             javax.swing.plaf.nimbus.AbstractRegionPainter$PaintContext::access$700 (5 bytes)
Event: 88.076 Thread 0x14ac8c00 nmethod 1551 0x0286f0c8 code [0x0286f1c0, 0x0286f230]
Event: 88.306 Thread 0x14ac8c00 1552   !         java.awt.Container::findComponentAt (42 bytes)
Event: 88.307 Thread 0x14ac8c00 nmethod 1552 0x0286f288 code [0x0286f3b0, 0x0286f658]
Event: 88.327 Thread 0x14ac8c00 1553   !         java.awt.event.InputEvent::canAccessSystemClipboard (57 bytes)
Event: 88.328 Thread 0x14ac8c00 nmethod 1553 0x0286f788 code [0x0286f8d0, 0x0286fad0]
Event: 88.404 Thread 0x14ac8c00 1554   !         sun.reflect.GeneratedConstructorAccessor6::newInstance (49 bytes)
Event: 88.405 Thread 0x14ac8c00 nmethod 1554 0x0286fd08 code [0x0286fe50, 0x0287010c]

GC Heap History (10 events):
Event: 70.187 GC heap before
{Heap before GC invocations=37 (full 1):
 def new generation   total 5760K, used 5319K [0x04600000, 0x04c40000, 0x09b50000)
  eden space 5120K, 100% used [0x04600000, 0x04b00000, 0x04b00000)
  from space 640K,  31% used [0x04b00000, 0x04b31d30, 0x04ba0000)
  to   space 640K,   0% used [0x04ba0000, 0x04ba0000, 0x04c40000)
 tenured generation   total 12640K, used 11558K [0x09b50000, 0x0a7a8000, 0x14600000)
   the space 12640K,  91% used [0x09b50000, 0x0a699b40, 0x0a699c00, 0x0a7a8000)
 Metaspace       used 13319K, capacity 13580K, committed 13696K, reserved 13696K
Event: 70.190 GC heap after
Heap after GC invocations=38 (full 1):
 def new generation   total 5760K, used 201K [0x04600000, 0x04c40000, 0x09b50000)
  eden space 5120K,   0% used [0x04600000, 0x04600000, 0x04b00000)
  from space 640K,  31% used [0x04ba0000, 0x04bd2400, 0x04c40000)
  to   space 640K,   0% used [0x04b00000, 0x04b00000, 0x04ba0000)
 tenured generation   total 12640K, used 11558K [0x09b50000, 0x0a7a8000, 0x14600000)
   the space 12640K,  91% used [0x09b50000, 0x0a699b40, 0x0a699c00, 0x0a7a8000)
 Metaspace       used 13319K, capacity 13580K, committed 13696K, reserved 13696K
}
Event: 74.426 GC heap before
{Heap before GC invocations=38 (full 1):
 def new generation   total 5760K, used 5321K [0x04600000, 0x04c40000, 0x09b50000)
  eden space 5120K, 100% used [0x04600000, 0x04b00000, 0x04b00000)
  from space 640K,  31% used [0x04ba0000, 0x04bd2400, 0x04c40000)
  to   space 640K,   0% used [0x04b00000, 0x04b00000, 0x04ba0000)
 tenured generation   total 12640K, used 11558K [0x09b50000, 0x0a7a8000, 0x14600000)
   the space 12640K,  91% used [0x09b50000, 0x0a699b40, 0x0a699c00, 0x0a7a8000)
 Metaspace       used 13319K, capacity 13580K, committed 13696K, reserved 13696K
Event: 74.427 GC heap after
Heap after GC invocations=39 (full 1):
 def new generation   total 5760K, used 198K [0x04600000, 0x04c40000, 0x09b50000)
  eden space 5120K,   0% used [0x04600000, 0x04600000, 0x04b00000)
  from space 640K,  31% used [0x04b00000, 0x04b31ba0, 0x04ba0000)
  to   space 640K,   0% used [0x04ba0000, 0x04ba0000, 0x04c40000)
 tenured generation   total 12640K, used 11558K [0x09b50000, 0x0a7a8000, 0x14600000)
   the space 12640K,  91% used [0x09b50000, 0x0a699b40, 0x0a699c00, 0x0a7a8000)
 Metaspace       used 13319K, capacity 13580K, committed 13696K, reserved 13696K
}
Event: 81.659 GC heap before
{Heap before GC invocations=39 (full 1):
 def new generation   total 5760K, used 5318K [0x04600000, 0x04c40000, 0x09b50000)
  eden space 5120K, 100% used [0x04600000, 0x04b00000, 0x04b00000)
  from space 640K,  31% used [0x04b00000, 0x04b31ba0, 0x04ba0000)
  to   space 640K,   0% used [0x04ba0000, 0x04ba0000, 0x04c40000)
 tenured generation   total 12640K, used 11558K [0x09b50000, 0x0a7a8000, 0x14600000)
   the space 12640K,  91% used [0x09b50000, 0x0a699b40, 0x0a699c00, 0x0a7a8000)
 Metaspace       used 13319K, capacity 13580K, committed 13696K, reserved 13696K
Event: 81.660 GC heap after
Heap after GC invocations=40 (full 1):
 def new generation   total 5760K, used 199K [0x04600000, 0x04c40000, 0x09b50000)
  eden space 5120K,   0% used [0x04600000, 0x04600000, 0x04b00000)
  from space 640K,  31% used [0x04ba0000, 0x04bd1e00, 0x04c40000)
  to   space 640K,   0% used [0x04b00000, 0x04b00000, 0x04ba0000)
 tenured generation   total 12640K, used 11558K [0x09b50000, 0x0a7a8000, 0x14600000)
   the space 12640K,  91% used [0x09b50000, 0x0a699b40, 0x0a699c00, 0x0a7a8000)
 Metaspace       used 13319K, capacity 13580K, committed 13696K, reserved 13696K
}
Event: 85.638 GC heap before
{Heap before GC invocations=40 (full 1):
 def new generation   total 5760K, used 5319K [0x04600000, 0x04c40000, 0x09b50000)
  eden space 5120K, 100% used [0x04600000, 0x04b00000, 0x04b00000)
  from space 640K,  31% used [0x04ba0000, 0x04bd1e00, 0x04c40000)
  to   space 640K,   0% used [0x04b00000, 0x04b00000, 0x04ba0000)
 tenured generation   total 12640K, used 11558K [0x09b50000, 0x0a7a8000, 0x14600000)
   the space 12640K,  91% used [0x09b50000, 0x0a699b40, 0x0a699c00, 0x0a7a8000)
 Metaspace       used 13319K, capacity 13580K, committed 13696K, reserved 13696K
Event: 85.640 GC heap after
Heap after GC invocations=41 (full 1):
 def new generation   total 5760K, used 198K [0x04600000, 0x04c40000, 0x09b50000)
  eden space 5120K,   0% used [0x04600000, 0x04600000, 0x04b00000)
  from space 640K,  31% used [0x04b00000, 0x04b31a60, 0x04ba0000)
  to   space 640K,   0% used [0x04ba0000, 0x04ba0000, 0x04c40000)
 tenured generation   total 12640K, used 11558K [0x09b50000, 0x0a7a8000, 0x14600000)
   the space 12640K,  91% used [0x09b50000, 0x0a699b40, 0x0a699c00, 0x0a7a8000)
 Metaspace       used 13319K, capacity 13580K, committed 13696K, reserved 13696K
}
Event: 87.367 GC heap before
{Heap before GC invocations=41 (full 1):
 def new generation   total 5760K, used 5318K [0x04600000, 0x04c40000, 0x09b50000)
  eden space 5120K, 100% used [0x04600000, 0x04b00000, 0x04b00000)
  from space 640K,  31% used [0x04b00000, 0x04b31a60, 0x04ba0000)
  to   space 640K,   0% used [0x04ba0000, 0x04ba0000, 0x04c40000)
 tenured generation   total 12640K, used 11558K [0x09b50000, 0x0a7a8000, 0x14600000)
   the space 12640K,  91% used [0x09b50000, 0x0a699b40, 0x0a699c00, 0x0a7a8000)
 Metaspace       used 13319K, capacity 13580K, committed 13696K, reserved 13696K
Event: 87.368 GC heap after
Heap after GC invocations=42 (full 1):
 def new generation   total 5760K, used 198K [0x04600000, 0x04c40000, 0x09b50000)
  eden space 5120K,   0% used [0x04600000, 0x04600000, 0x04b00000)
  from space 640K,  30% used [0x04ba0000, 0x04bd1820, 0x04c40000)
  to   space 640K,   0% used [0x04b00000, 0x04b00000, 0x04ba0000)
 tenured generation   total 12640K, used 11558K [0x09b50000, 0x0a7a8000, 0x14600000)
   the space 12640K,  91% used [0x09b50000, 0x0a699b40, 0x0a699c00, 0x0a7a8000)
 Metaspace       used 13319K, capacity 13580K, committed 13696K, reserved 13696K
}

Deoptimization events (0 events):
No events

Internal exceptions (10 events):
Event: 40.933 Thread 0x16155000 Exception <a 'java/io/FileNotFoundException'> (0x046cdbb8) thrown at [C:\re\workspace\8-2-build-windows-i586-cygwin\jdk8u111\7883\hotspot\src\share\vm\prims\jni.cpp, line 709]
Event: 40.933 Thread 0x16155000 Exception <a 'java/lang/NullPointerException'> (0x046ce138) thrown at [C:\re\workspace\8-2-build-windows-i586-cygwin\jdk8u111\7883\hotspot\src\share\vm\interpreter\linkResolver.cpp, line 1178]
Event: 43.493 Thread 0x16156400 Exception <a 'java/net/SocketException': Socket closed> (0x04606778) thrown at [C:\re\workspace\8-2-build-windows-i586-cygwin\jdk8u111\7883\hotspot\src\share\vm\prims\jni.cpp, line 735]
Event: 43.496 Thread 0x16155000 Exception <a 'java/io/FileNotFoundException'> (0x0489b260) thrown at [C:\re\workspace\8-2-build-windows-i586-cygwin\jdk8u111\7883\hotspot\src\share\vm\prims\jni.cpp, line 709]
Event: 43.496 Thread 0x16155000 Exception <a 'java/io/FileNotFoundException'> (0x0489b958) thrown at [C:\re\workspace\8-2-build-windows-i586-cygwin\jdk8u111\7883\hotspot\src\share\vm\prims\jni.cpp, line 709]
Event: 43.496 Thread 0x16155000 Exception <a 'java/lang/NullPointerException'> (0x0489bed8) thrown at [C:\re\workspace\8-2-build-windows-i586-cygwin\jdk8u111\7883\hotspot\src\share\vm\interpreter\linkResolver.cpp, line 1178]
Event: 47.166 Thread 0x16157000 Exception <a 'java/net/SocketException': Socket closed> (0x0476a128) thrown at [C:\re\workspace\8-2-build-windows-i586-cygwin\jdk8u111\7883\hotspot\src\share\vm\prims\jni.cpp, line 735]
Event: 47.168 Thread 0x16155000 Exception <a 'java/io/FileNotFoundException'> (0x0476db50) thrown at [C:\re\workspace\8-2-build-windows-i586-cygwin\jdk8u111\7883\hotspot\src\share\vm\prims\jni.cpp, line 709]
Event: 47.168 Thread 0x16155000 Exception <a 'java/io/FileNotFoundException'> (0x0476e248) thrown at [C:\re\workspace\8-2-build-windows-i586-cygwin\jdk8u111\7883\hotspot\src\share\vm\prims\jni.cpp, line 709]
Event: 47.168 Thread 0x16155000 Exception <a 'java/lang/NullPointerException'> (0x0476e6a8) thrown at [C:\re\workspace\8-2-build-windows-i586-cygwin\jdk8u111\7883\hotspot\src\share\vm\interpreter\linkResolver.cpp, line 1178]

Events (10 events):
Event: 74.425 Executing VM operation: GenCollectForAllocation
Event: 74.427 Executing VM operation: GenCollectForAllocation done
Event: 81.659 Executing VM operation: GenCollectForAllocation
Event: 81.660 Executing VM operation: GenCollectForAllocation done
Event: 85.638 Executing VM operation: GenCollectForAllocation
Event: 85.640 Executing VM operation: GenCollectForAllocation done
Event: 87.367 Executing VM operation: GenCollectForAllocation
Event: 87.368 Executing VM operation: GenCollectForAllocation done
Event: 88.047 loading class javax/swing/JTable$4
Event: 88.047 loading class javax/swing/JTable$4 done


Dynamic libraries:
0x00c60000 - 0x00c93000 	C:\Program Files (x86)\Java\jdk1.8.0_111\bin\java.exe
0x77510000 - 0x77690000 	C:\Windows\SysWOW64\ntdll.dll
0x768d0000 - 0x769e0000 	C:\Windows\syswow64\kernel32.dll
0x75090000 - 0x750d7000 	C:\Windows\syswow64\KERNELBASE.dll
0x76ea0000 - 0x76f41000 	C:\Windows\syswow64\ADVAPI32.dll
0x76bb0000 - 0x76c5c000 	C:\Windows\syswow64\msvcrt.dll
0x767c0000 - 0x767d9000 	C:\Windows\SysWOW64\sechost.dll
0x74fa0000 - 0x75090000 	C:\Windows\syswow64\RPCRT4.dll
0x74e00000 - 0x74e60000 	C:\Windows\syswow64\SspiCli.dll
0x74df0000 - 0x74dfc000 	C:\Windows\syswow64\CRYPTBASE.dll
0x77010000 - 0x77110000 	C:\Windows\syswow64\USER32.dll
0x76f70000 - 0x77000000 	C:\Windows\syswow64\GDI32.dll
0x77000000 - 0x7700a000 	C:\Windows\syswow64\LPK.dll
0x76a10000 - 0x76aad000 	C:\Windows\syswow64\USP10.dll
0x73b00000 - 0x73c9e000 	C:\Windows\WinSxS\x86_microsoft.windows.common-controls_6595b64144ccf1df_6.0.7601.18837_none_41e855142bd5705d\COMCTL32.dll
0x76870000 - 0x768c7000 	C:\Windows\syswow64\SHLWAPI.dll
0x750e0000 - 0x75140000 	C:\Windows\system32\IMM32.DLL
0x76ae0000 - 0x76bad000 	C:\Windows\syswow64\MSCTF.dll
0x555c0000 - 0x5567f000 	C:\Program Files (x86)\Java\jdk1.8.0_111\jre\bin\msvcr100.dll
0x54ee0000 - 0x552ad000 	C:\Program Files (x86)\Java\jdk1.8.0_111\jre\bin\client\jvm.dll
0x74350000 - 0x74357000 	C:\Windows\system32\WSOCK32.dll
0x74f00000 - 0x74f35000 	C:\Windows\syswow64\WS2_32.dll
0x756d0000 - 0x756d6000 	C:\Windows\syswow64\NSI.dll
0x717f0000 - 0x71822000 	C:\Windows\system32\WINMM.dll
0x74130000 - 0x74139000 	C:\Windows\system32\VERSION.dll
0x769e0000 - 0x769e5000 	C:\Windows\syswow64\PSAPI.DLL
0x55710000 - 0x5571c000 	C:\Program Files (x86)\Java\jdk1.8.0_111\jre\bin\verify.dll
0x55590000 - 0x555b1000 	C:\Program Files (x86)\Java\jdk1.8.0_111\jre\bin\java.dll
0x556f0000 - 0x55703000 	C:\Program Files (x86)\Java\jdk1.8.0_111\jre\bin\zip.dll
0x758f0000 - 0x7653c000 	C:\Windows\syswow64\SHELL32.dll
0x75220000 - 0x7537d000 	C:\Windows\syswow64\ole32.dll
0x76a00000 - 0x76a0b000 	C:\Windows\syswow64\profapi.dll
0x55410000 - 0x55556000 	C:\Program Files (x86)\Java\jdk1.8.0_111\jre\bin\awt.dll
0x74e60000 - 0x74ef1000 	C:\Windows\syswow64\OLEAUT32.dll
0x737d0000 - 0x73850000 	C:\Windows\system32\uxtheme.dll
0x73a40000 - 0x73a53000 	C:\Windows\system32\dwmapi.dll
0x553d0000 - 0x55409000 	C:\Program Files (x86)\Java\jdk1.8.0_111\jre\bin\fontmanager.dll
0x55570000 - 0x55586000 	C:\Program Files (x86)\Java\jdk1.8.0_111\jre\bin\net.dll
0x71e30000 - 0x71e6c000 	C:\Windows\system32\mswsock.dll
0x71c10000 - 0x71c16000 	C:\Windows\System32\wship6.dll
0x55560000 - 0x5556f000 	C:\Program Files (x86)\Java\jdk1.8.0_111\jre\bin\nio.dll
0x55390000 - 0x553c2000 	C:\Program Files (x86)\Java\jdk1.8.0_111\jre\bin\t2k.dll
0x712b0000 - 0x712d6000 	C:\Program Files (x86)\Java\jdk1.8.0_111\jre\bin\jpeg.dll
0x767e0000 - 0x76863000 	C:\Windows\syswow64\CLBCatQ.DLL
0x6e510000 - 0x6e641000 	C:\Windows\system32\WindowsCodecs.dll
0x6fda0000 - 0x6fdec000 	C:\Windows\system32\apphelp.dll
0x5a880000 - 0x5a8b1000 	C:\Windows\system32\EhStorShell.dll
0x756f0000 - 0x7588d000 	C:\Windows\syswow64\SETUPAPI.dll
0x75890000 - 0x758b7000 	C:\Windows\syswow64\CFGMGR32.dll
0x767a0000 - 0x767b2000 	C:\Windows\syswow64\DEVOBJ.dll
0x71670000 - 0x71765000 	C:\Windows\system32\PROPSYS.dll
0x5c270000 - 0x5c2e0000 	C:\Windows\system32\ntshrui.dll
0x72450000 - 0x72469000 	C:\Windows\system32\srvcli.dll
0x5c260000 - 0x5c26b000 	C:\Windows\system32\cscapi.dll
0x63c40000 - 0x63c4a000 	C:\Windows\system32\slc.dll
0x73dd0000 - 0x73de7000 	C:\Windows\system32\CRYPTSP.dll
0x72a30000 - 0x72a6b000 	C:\Windows\system32\rsaenh.dll
0x76ac0000 - 0x76ad7000 	C:\Windows\syswow64\USERENV.dll
0x74170000 - 0x7418c000 	C:\Windows\system32\IPHLPAPI.DLL
0x74160000 - 0x74167000 	C:\Windows\system32\WINNSI.DLL
0x71bf0000 - 0x71c02000 	C:\Windows\system32\dhcpcsvc.DLL
0x71be0000 - 0x71bed000 	C:\Windows\system32\dhcpcsvc6.DLL
0x16c90000 - 0x16ce5000 	C:\Users\Melonman\AppData\Local\Temp\jna8594873899702563358.dll
0x71280000 - 0x712a2000 	C:\Users\Melonman\Documents\NetBeansProjects\SoSSH\VLC\libvlc.dll
0x707d0000 - 0x70a06000 	C:\Users\Melonman\Documents\NetBeansProjects\SoSSH\VLC\libvlccore.dll
0x71200000 - 0x7123b000 	C:\Users\Melonman\Documents\NetBeansProjects\SoSSH\VLC\plugins\access\libdshow_plugin.dll
0x71240000 - 0x71253000 	C:\Users\Melonman\Documents\NetBeansProjects\SoSSH\VLC\plugins\audio_output\libaout_directx_plugin.dll
0x711e0000 - 0x711f2000 	C:\Users\Melonman\Documents\NetBeansProjects\SoSSH\VLC\plugins\audio_output\libwaveout_plugin.dll
0x70670000 - 0x706e2000 	C:\Windows\system32\dsound.dll
0x71170000 - 0x71195000 	C:\Windows\system32\POWRPROF.dll
0x56b20000 - 0x5769b000 	C:\Users\Melonman\Documents\NetBeansProjects\SoSSH\VLC\plugins\gui\libqt4_plugin.dll
0x751a0000 - 0x7521b000 	C:\Windows\syswow64\COMDLG32.DLL
0x730a0000 - 0x730f1000 	C:\Windows\system32\WINSPOOL.DRV
0x70530000 - 0x70664000 	C:\Users\Melonman\Documents\NetBeansProjects\SoSSH\VLC\plugins\misc\libxml_plugin.dll
0x711c0000 - 0x711d8000 	C:\Users\Melonman\Documents\NetBeansProjects\SoSSH\VLC\plugins\video_output\libdirectx_plugin.dll
0x71260000 - 0x71270000 	C:\Users\Melonman\Documents\NetBeansProjects\SoSSH\VLC\plugins\mmxext\libmemcpymmxext_plugin.dll
0x711a0000 - 0x711b2000 	C:\Users\Melonman\Documents\NetBeansProjects\SoSSH\VLC\plugins\control\libhotkeys_plugin.dll
0x55330000 - 0x55354000 	C:\Program Files (x86)\Java\jdk1.8.0_111\jre\bin\dcpr.dll
0x6fd10000 - 0x6fd94000 	C:\Windows\WinSxS\x86_microsoft.windows.common-controls_6595b64144ccf1df_5.82.7601.18837_none_ec86b8d6858ec0bc\comctl32.dll
0x73a10000 - 0x73a31000 	C:\Windows\system32\ntmarta.dll
0x75140000 - 0x75185000 	C:\Windows\syswow64\WLDAP32.dll
0x5a6e0000 - 0x5a878000 	C:\Windows\system32\NetworkExplorer.dll
0x70e80000 - 0x70eaf000 	C:\Windows\System32\shdocvw.dll
0x70ec0000 - 0x70ed2000 	C:\Windows\system32\MPR.dll
0x71270000 - 0x71278000 	C:\Windows\System32\drprov.dll
0x717c0000 - 0x717e9000 	C:\Windows\System32\WINSTA.dll
0x707b0000 - 0x707c4000 	C:\Windows\System32\ntlanman.dll
0x70790000 - 0x707a8000 	C:\Windows\System32\davclnt.dll
0x70eb0000 - 0x70eb8000 	C:\Windows\System32\DAVHLPR.dll
0x72440000 - 0x7244f000 	C:\Windows\system32\wkscli.dll
0x72470000 - 0x72479000 	C:\Windows\system32\netutils.dll
0x58340000 - 0x58578000 	C:\Windows\system32\wpdshext.dll
0x6f0e0000 - 0x6f271000 	C:\Windows\WinSxS\x86_microsoft.windows.gdiplus_6595b64144ccf1df_1.1.7601.23545_none_5c06d189a00e2c29\gdiplus.dll
0x704a0000 - 0x70529000 	C:\Windows\system32\PortableDeviceApi.dll
0x75600000 - 0x7562f000 	C:\Windows\syswow64\WINTRUST.dll
0x754d0000 - 0x755f1000 	C:\Windows\syswow64\CRYPT32.dll
0x769f0000 - 0x769fc000 	C:\Windows\syswow64\MSASN1.dll
0x70710000 - 0x7074f000 	C:\Windows\system32\audiodev.dll
0x580d0000 - 0x58337000 	C:\Windows\system32\WMVCore.DLL
0x70750000 - 0x7078d000 	C:\Windows\system32\WMASF.DLL
0x70470000 - 0x70492000 	C:\Windows\system32\EhStorAPI.dll
0x706f0000 - 0x70710000 	C:\Program Files (x86)\Java\jdk1.8.0_111\jre\bin\sunec.dll
0x70e70000 - 0x70e79000 	C:\Program Files (x86)\Java\jdk1.8.0_111\jre\bin\sunmscapi.dll
0x5c060000 - 0x5c066000 	C:\Program Files (x86)\Java\jdk1.8.0_111\jre\bin\jawt.dll
0x5c030000 - 0x5c05c000 	C:\Users\Melonman\Documents\NetBeansProjects\SoSSH\VLC\plugins\access\liblibbluray_plugin.dll
0x5c010000 - 0x5c02d000 	C:\Users\Melonman\Documents\NetBeansProjects\SoSSH\VLC\plugins\access\libaccess_bd_plugin.dll
0x5bb50000 - 0x5bb95000 	C:\Users\Melonman\Documents\NetBeansProjects\SoSSH\VLC\plugins\access\libdvdnav_plugin.dll
0x5bff0000 - 0x5c002000 	C:\Users\Melonman\Documents\NetBeansProjects\SoSSH\VLC\plugins\access\libaccess_vdr_plugin.dll
0x5bea0000 - 0x5beb1000 	C:\Users\Melonman\Documents\NetBeansProjects\SoSSH\VLC\plugins\access\libfilesystem_plugin.dll
0x5bad0000 - 0x5bb43000 	C:\Users\Melonman\Documents\NetBeansProjects\SoSSH\VLC\plugins\stream_filter\libstream_filter_httplive_plugin.dll
0x5ba10000 - 0x5bac7000 	C:\Users\Melonman\Documents\NetBeansProjects\SoSSH\VLC\plugins\stream_filter\libstream_filter_dash_plugin.dll
0x5c070000 - 0x5c080000 	C:\Users\Melonman\Documents\NetBeansProjects\SoSSH\VLC\plugins\access\libstream_filter_rar_plugin.dll
0x5b9f0000 - 0x5ba0b000 	C:\Users\Melonman\Documents\NetBeansProjects\SoSSH\VLC\plugins\access\libzip_plugin.dll
0x5bfe0000 - 0x5bfef000 	C:\Users\Melonman\Documents\NetBeansProjects\SoSSH\VLC\plugins\stream_filter\libstream_filter_record_plugin.dll
0x5a6a0000 - 0x5a6d6000 	C:\Users\Melonman\Documents\NetBeansProjects\SoSSH\VLC\plugins\demux\libmp4_plugin.dll
0x5a680000 - 0x5a69c000 	C:\Users\Melonman\Documents\NetBeansProjects\SoSSH\VLC\plugins\demux\libavi_plugin.dll
0x5a660000 - 0x5a678000 	C:\Users\Melonman\Documents\NetBeansProjects\SoSSH\VLC\plugins\demux\libasf_plugin.dll
0x5a640000 - 0x5a651000 	C:\Users\Melonman\Documents\NetBeansProjects\SoSSH\VLC\plugins\demux\libflacsys_plugin.dll
0x5a620000 - 0x5a631000 	C:\Users\Melonman\Documents\NetBeansProjects\SoSSH\VLC\plugins\demux\libes_plugin.dll
0x5a5b0000 - 0x5a615000 	C:\Users\Melonman\Documents\NetBeansProjects\SoSSH\VLC\plugins\codec\libtheora_plugin.dll
0x5be90000 - 0x5bea0000 	C:\Users\Melonman\Documents\NetBeansProjects\SoSSH\VLC\plugins\codec\librawvideo_plugin.dll
0x5a580000 - 0x5a5ac000 	C:\Users\Melonman\Documents\NetBeansProjects\SoSSH\VLC\plugins\codec\libspeex_plugin.dll
0x58610000 - 0x587ba000 	C:\Users\Melonman\Documents\NetBeansProjects\SoSSH\VLC\plugins\codec\libvorbis_plugin.dll
0x5b9e0000 - 0x5b9f0000 	C:\Users\Melonman\Documents\NetBeansProjects\SoSSH\VLC\plugins\codec\libaes3_plugin.dll
0x5a560000 - 0x5a571000 	C:\Users\Melonman\Documents\NetBeansProjects\SoSSH\VLC\plugins\codec\liblpcm_plugin.dll
0x59c90000 - 0x59ca1000 	C:\Users\Melonman\Documents\NetBeansProjects\SoSSH\VLC\plugins\packetizer\libpacketizer_flac_plugin.dll
0x59c70000 - 0x59c83000 	C:\Users\Melonman\Documents\NetBeansProjects\SoSSH\VLC\plugins\packetizer\libpacketizer_dirac_plugin.dll
0x59c50000 - 0x59c61000 	C:\Users\Melonman\Documents\NetBeansProjects\SoSSH\VLC\plugins\packetizer\libpacketizer_mlp_plugin.dll

VM Arguments:
jvm_args: -Dfile.encoding=UTF-8 
java_command: soSSH.SoSSH
java_class_path (initial): C:\Users\Melonman\Documents\NetBeansProjects\SoSSH\lib\jna-3.3.0-platform.jar;C:\Users\Melonman\Documents\NetBeansProjects\SoSSH\lib\jna-3.3.0.jar;C:\Users\Melonman\Documents\NetBeansProjects\SoSSH\lib\jsch-0.1.54.jar;C:\Users\Melonman\Documents\NetBeansProjects\SoSSH\lib\vlcj-1.2.1-b2.jar;C:\Users\Melonman\Documents\NetBeansProjects\SoSSH\build\classes
Launcher Type: SUN_STANDARD

Environment Variables:
PATH=C:\ProgramData\Oracle\Java\javapath;C:\Windows\system32;C:\Windows;C:\Windows\System32\Wbem;C:\Windows\System32\WindowsPowerShell\v1.0\;C:\Program Files\Intel\WiFi\bin\;C:\Program Files\Common Files\Intel\WirelessCommon\;C:\Program Files\OpenVPN\bin;C:\Program Files\Intel\WiFi\bin\;C:\Program Files\Common Files\Intel\WirelessCommon\
USERNAME=Melonman
OS=Windows_NT
PROCESSOR_IDENTIFIER=Intel64 Family 6 Model 78 Stepping 3, GenuineIntel



---------------  S Y S T E M  ---------------

OS: Windows 7 , 64 bit Build 7601 (6.1.7601.23572)

CPU:total 4 (2 cores per cpu, 2 threads per core) family 6 model 78 stepping 3, cmov, cx8, fxsr, mmx, sse, sse2, sse3, ssse3, sse4.1, sse4.2, popcnt, aes, clmul, erms, 3dnowpref, lzcnt, ht, tsc, tscinvbit

Memory: 4k page, physical 4050948k(1231144k free), swap 8100036k(5169568k free)

vm_info: Java HotSpot(TM) Client VM (25.111-b14) for windows-x86 JRE (1.8.0_111-b14), built on Sep 22 2016 18:54:33 by "java_re" with MS VC++ 10.0 (VS2010)

time: Thu Feb 16 23:51:46 2017
elapsed time: 89 seconds (0d 0h 1m 29s)

