#
# A fatal error has been detected by the Java Runtime Environment:
#
#  EXCEPTION_ACCESS_VIOLATION (0xc0000005) at pc=0x7755eb83, pid=3488, tid=0x00000dac
#
# JRE version: Java(TM) SE Runtime Environment (8.0_111-b14) (build 1.8.0_111-b14)
# Java VM: Java HotSpot(TM) Client VM (25.111-b14 mixed mode windows-x86 )
# Problematic frame:
# C  [ntdll.dll+0x4eb83]
#
# Failed to write core dump. Minidumps are not enabled by default on client versions of Windows
#
# If you would like to submit a bug report, please visit:
#   http://bugreport.java.com/bugreport/crash.jsp
# The crash happened outside the Java Virtual Machine in native code.
# See problematic frame for where to report the bug.
#

---------------  T H R E A D  ---------------

Current thread (0x14d12000):  JavaThread "Thread-16" [_thread_in_native, id=3500, stack(0x15a50000,0x15aa0000)]

siginfo: ExceptionCode=0xc0000005, writing address 0x00000014

Registers:
EAX=0x00000000, EBX=0xfffffffc, ECX=0x00000000, EDX=0x00000004
ESP=0x15a9f364, EBP=0x15a9f3b4, ESI=0x1802f338, EDI=0x1802f33c
EIP=0x7755eb83, EFLAGS=0x00010213

Top of Stack: (sp=0x15a9f364)
0x15a9f364:   1802f338 1802f33c 1802f338 14c8512e
0x15a9f374:   14c8513c 14c8512c 15a9f39c 55056f18
0x15a9f384:   00000001 14d12000 14d12000 09e88128
0x15a9f394:   00000003 14c8512e 15a9f3b8 00000000
0x15a9f3a4:   00000000 00000000 7ef91000 00000798
0x15a9f3b4:   15a9f3dc 7755ea92 00000000 00000000
0x15a9f3c4:   1802f338 15a9f520 1802f318 00000004
0x15a9f3d4:   00000000 00000001 15a9f458 70fc8c3f 

Instructions: (pc=0x7755eb83)
0x7755eb63:   c2 8b d8 8b c1 f0 0f b1 1f 3b c1 0f 85 b2 03 00
0x7755eb73:   00 33 c0 89 45 0c 89 45 08 8b 06 83 f8 ff 74 03
0x7755eb83:   ff 40 14 8b 5d f4 8b 7d f0 80 3d 82 03 fe 7f 00
0x7755eb93:   0f 85 74 38 03 00 8b 45 fc 57 6a 00 83 f8 ff 0f 


Register to memory mapping:

EAX=0x00000000 is an unknown value
EBX=0xfffffffc is an unknown value
ECX=0x00000000 is an unknown value
EDX=0x00000004 is an unknown value
ESP=0x15a9f364 is pointing into the stack for thread: 0x14d12000
EBP=0x15a9f3b4 is pointing into the stack for thread: 0x14d12000
ESI=0x1802f338 is an unknown value
EDI=0x1802f33c is an unknown value


Stack: [0x15a50000,0x15aa0000],  sp=0x15a9f364,  free space=316k
Native frames: (J=compiled Java code, j=interpreted, Vv=VM code, C=native code)
C  [ntdll.dll+0x4eb83]
C  [ntdll.dll+0x4ea92]
C  [libvlccore.dll+0x98c3f]
C  [jna4720880905466592195.dll+0xc782]
C  [jna4720880905466592195.dll+0x44ae]
C  [jna4720880905466592195.dll+0x4c8e]
j  com.sun.jna.Native.invokeVoid(JI[Ljava/lang/Object;)V+0
j  com.sun.jna.Function.invoke([Ljava/lang/Object;Ljava/lang/Class;Z)Ljava/lang/Object;+48
J 593 C1 com.sun.jna.Function.invoke(Ljava/lang/Class;[Ljava/lang/Object;Ljava/util/Map;)Ljava/lang/Object; (526 bytes) @ 0x028e8cc8 [0x028e87f0+0x4d8]
j  com.sun.jna.Library$Handler.invoke(Ljava/lang/Object;Ljava/lang/reflect/Method;[Ljava/lang/Object;)Ljava/lang/Object;+341
j  com.sun.proxy.$Proxy0.libvlc_media_player_stop(Luk/co/caprica/vlcj/binding/internal/libvlc_media_player_t;)V+16
j  uk.co.caprica.vlcj.player.DefaultMediaPlayer.stop()V+17
j  cmd.SCP_OutProgressMonitor.count(J)Z+311
j  com.jcraft.jsch.ChannelSftp._get(Ljava/lang/String;Ljava/io/OutputStream;Lcom/jcraft/jsch/SftpProgressMonitor;IJ)V+490
j  com.jcraft.jsch.ChannelSftp.get(Ljava/lang/String;Ljava/lang/String;Lcom/jcraft/jsch/SftpProgressMonitor;I)V+587
j  cmd.SCP.run()V+1027
v  ~StubRoutines::call_stub
V  [jvm.dll+0x15a895]
V  [jvm.dll+0x220bfe]
V  [jvm.dll+0x15a92e]
V  [jvm.dll+0x15aab6]
V  [jvm.dll+0x15ab27]
V  [jvm.dll+0xfef8f]
V  [jvm.dll+0x17d6f0]
V  [jvm.dll+0x17df6a]
V  [jvm.dll+0x1c29c6]
C  [msvcr100.dll+0x5c556]
C  [msvcr100.dll+0x5c600]
C  [kernel32.dll+0x1336a]
C  [ntdll.dll+0x39902]
C  [ntdll.dll+0x398d5]
C  0x00000000

Java frames: (J=compiled Java code, j=interpreted, Vv=VM code)
j  com.sun.jna.Native.invokeVoid(JI[Ljava/lang/Object;)V+0
j  com.sun.jna.Function.invoke([Ljava/lang/Object;Ljava/lang/Class;Z)Ljava/lang/Object;+48
J 593 C1 com.sun.jna.Function.invoke(Ljava/lang/Class;[Ljava/lang/Object;Ljava/util/Map;)Ljava/lang/Object; (526 bytes) @ 0x028e8cc8 [0x028e87f0+0x4d8]
j  com.sun.jna.Library$Handler.invoke(Ljava/lang/Object;Ljava/lang/reflect/Method;[Ljava/lang/Object;)Ljava/lang/Object;+341
j  com.sun.proxy.$Proxy0.libvlc_media_player_stop(Luk/co/caprica/vlcj/binding/internal/libvlc_media_player_t;)V+16
j  uk.co.caprica.vlcj.player.DefaultMediaPlayer.stop()V+17
j  cmd.SCP_OutProgressMonitor.count(J)Z+311
j  com.jcraft.jsch.ChannelSftp._get(Ljava/lang/String;Ljava/io/OutputStream;Lcom/jcraft/jsch/SftpProgressMonitor;IJ)V+490
j  com.jcraft.jsch.ChannelSftp.get(Ljava/lang/String;Ljava/lang/String;Lcom/jcraft/jsch/SftpProgressMonitor;I)V+587
j  cmd.SCP.run()V+1027
v  ~StubRoutines::call_stub

---------------  P R O C E S S  ---------------

Java Threads: ( => current thread )
  0x14d14800 JavaThread "Connect thread 192.168.43.1 session" [_thread_blocked, id=1696, stack(0x1a4f0000,0x1a540000)]
=>0x14d12000 JavaThread "Thread-16" [_thread_in_native, id=3500, stack(0x15a50000,0x15aa0000)]
  0x14d13400 JavaThread "Connect thread 192.168.43.1 session" [_thread_in_native, id=5424, stack(0x19190000,0x191e0000)]
  0x14d13000 JavaThread "Thread-13" [_thread_blocked, id=1760, stack(0x16370000,0x163c0000)]
  0x14d12800 JavaThread "Thread-12" [_thread_blocked, id=1864, stack(0x18fe0000,0x19030000)]
  0x17829800 JavaThread "Swing-Shell" daemon [_thread_blocked, id=6076, stack(0x185f0000,0x18640000)]
  0x161f9800 JavaThread "TimerQueue" daemon [_thread_blocked, id=5676, stack(0x18590000,0x185e0000)]
  0x0249c000 JavaThread "DestroyJavaVM" [_thread_blocked, id=5560, stack(0x00520000,0x00570000)]
  0x161f1000 JavaThread "Thread-8" [_thread_in_native, id=5796, stack(0x18330000,0x18380000)]
  0x16184000 JavaThread "Timer-0" [_thread_blocked, id=6012, stack(0x163e0000,0x16430000)]
  0x14e5dc00 JavaThread "AWT-EventQueue-0" [_thread_blocked, id=6116, stack(0x15580000,0x155d0000)]
  0x14e21800 JavaThread "AWT-Windows" daemon [_thread_in_native, id=5292, stack(0x155e0000,0x15630000)]
  0x14e20800 JavaThread "AWT-Shutdown" [_thread_blocked, id=3248, stack(0x15780000,0x157d0000)]
  0x14e1dc00 JavaThread "Java2D Disposer" daemon [_thread_blocked, id=5368, stack(0x15530000,0x15580000)]
  0x14cc0000 JavaThread "Service Thread" daemon [_thread_blocked, id=1128, stack(0x02360000,0x023b0000)]
  0x14cc8c00 JavaThread "C1 CompilerThread0" daemon [_thread_blocked, id=5328, stack(0x153d0000,0x15420000)]
  0x14cc7800 JavaThread "Attach Listener" daemon [_thread_blocked, id=5608, stack(0x152a0000,0x152f0000)]
  0x14cc6800 JavaThread "Signal Dispatcher" daemon [_thread_blocked, id=3700, stack(0x151f0000,0x15240000)]
  0x14ca6000 JavaThread "Finalizer" daemon [_thread_blocked, id=768, stack(0x04790000,0x047e0000)]
  0x14c80c00 JavaThread "Reference Handler" daemon [_thread_blocked, id=5752, stack(0x02440000,0x02490000)]

Other Threads:
  0x14c7a800 VMThread [stack: 0x14f10000,0x14f60000] [id=1152]
  0x14cc3400 WatcherThread [stack: 0x15650000,0x156a0000] [id=4200]

VM state:not at safepoint (normal execution)

VM Mutex/Monitor currently owned by a thread: None

Heap:
 def new generation   total 5760K, used 5683K [0x04800000, 0x04e40000, 0x09d50000)
  eden space 5120K,  99% used [0x04800000, 0x04cf6a08, 0x04d00000)
  from space 640K,  93% used [0x04da0000, 0x04e36260, 0x04e40000)
  to   space 640K,   0% used [0x04d00000, 0x04d00000, 0x04da0000)
 tenured generation   total 12696K, used 11224K [0x09d50000, 0x0a9b6000, 0x14800000)
   the space 12696K,  88% used [0x09d50000, 0x0a8461c8, 0x0a846200, 0x0a9b6000)
 Metaspace       used 13312K, capacity 13572K, committed 13696K, reserved 13696K

Card table byte_map: [0x00db0000,0x00e40000] byte_map_base: 0x00d8c000

Polling page: 0x00190000

CodeCache: size=32768Kb used=2961Kb max_used=2961Kb free=29806Kb
 bounds [0x02770000, 0x02a58000, 0x04770000]
 total_blobs=1704 nmethods=1442 adapters=192
 compilation: enabled

Compilation events (10 events):
Event: 44.235 Thread 0x14cc8c00 1449             java.security.MessageDigest::update (45 bytes)
Event: 44.235 Thread 0x14cc8c00 nmethod 1449 0x02a53948 code [0x02a53a70, 0x02a53c14]
Event: 44.297 Thread 0x14cc8c00 1450             javax.crypto.Mac::update (62 bytes)
Event: 44.297 Thread 0x14cc8c00 nmethod 1450 0x02a53d48 code [0x02a53e80, 0x02a54060]
Event: 44.297 Thread 0x14cc8c00 1451             com.sun.crypto.provider.HmacCore::engineUpdate (35 bytes)
Event: 44.298 Thread 0x14cc8c00 nmethod 1451 0x02a54188 code [0x02a542a0, 0x02a543c8]
Event: 44.402 Thread 0x14cc8c00 1452             java.nio.Buffer::limit (62 bytes)
Event: 44.402 Thread 0x14cc8c00 nmethod 1452 0x02a54508 code [0x02a54610, 0x02a5472c]
Event: 44.454 Thread 0x14cc8c00 1453             com.jcraft.jsch.jce.HMAC::update (11 bytes)
Event: 44.454 Thread 0x14cc8c00 nmethod 1453 0x02a547c8 code [0x02a548d0, 0x02a5497c]

GC Heap History (10 events):
Event: 35.663 GC heap before
{Heap before GC invocations=24 (full 1):
 def new generation   total 5760K, used 5376K [0x04800000, 0x04e40000, 0x09d50000)
  eden space 5120K,  99% used [0x04800000, 0x04cfdf00, 0x04d00000)
  from space 640K,  41% used [0x04d00000, 0x04d42398, 0x04da0000)
  to   space 640K,   0% used [0x04da0000, 0x04da0000, 0x04e40000)
 tenured generation   total 12696K, used 10133K [0x09d50000, 0x0a9b6000, 0x14800000)
   the space 12696K,  79% used [0x09d50000, 0x0a7357b0, 0x0a735800, 0x0a9b6000)
 Metaspace       used 13202K, capacity 13441K, committed 13568K, reserved 13696K
Event: 35.666 GC heap after
Heap after GC invocations=25 (full 1):
 def new generation   total 5760K, used 397K [0x04800000, 0x04e40000, 0x09d50000)
  eden space 5120K,   0% used [0x04800000, 0x04800000, 0x04d00000)
  from space 640K,  62% used [0x04da0000, 0x04e03780, 0x04e40000)
  to   space 640K,   0% used [0x04d00000, 0x04d00000, 0x04da0000)
 tenured generation   total 12696K, used 10133K [0x09d50000, 0x0a9b6000, 0x14800000)
   the space 12696K,  79% used [0x09d50000, 0x0a7357b0, 0x0a735800, 0x0a9b6000)
 Metaspace       used 13202K, capacity 13441K, committed 13568K, reserved 13696K
}
Event: 38.973 GC heap before
{Heap before GC invocations=25 (full 1):
 def new generation   total 5760K, used 5517K [0x04800000, 0x04e40000, 0x09d50000)
  eden space 5120K, 100% used [0x04800000, 0x04d00000, 0x04d00000)
  from space 640K,  62% used [0x04da0000, 0x04e03780, 0x04e40000)
  to   space 640K,   0% used [0x04d00000, 0x04d00000, 0x04da0000)
 tenured generation   total 12696K, used 10133K [0x09d50000, 0x0a9b6000, 0x14800000)
   the space 12696K,  79% used [0x09d50000, 0x0a7357b0, 0x0a735800, 0x0a9b6000)
 Metaspace       used 13297K, capacity 13540K, committed 13568K, reserved 13696K
Event: 38.981 GC heap after
Heap after GC invocations=26 (full 1):
 def new generation   total 5760K, used 640K [0x04800000, 0x04e40000, 0x09d50000)
  eden space 5120K,   0% used [0x04800000, 0x04800000, 0x04d00000)
  from space 640K, 100% used [0x04d00000, 0x04da0000, 0x04da0000)
  to   space 640K,   0% used [0x04da0000, 0x04da0000, 0x04e40000)
 tenured generation   total 12696K, used 10557K [0x09d50000, 0x0a9b6000, 0x14800000)
   the space 12696K,  83% used [0x09d50000, 0x0a79f770, 0x0a79f800, 0x0a9b6000)
 Metaspace       used 13297K, capacity 13540K, committed 13568K, reserved 13696K
}
Event: 39.963 GC heap before
{Heap before GC invocations=26 (full 1):
 def new generation   total 5760K, used 5760K [0x04800000, 0x04e40000, 0x09d50000)
  eden space 5120K, 100% used [0x04800000, 0x04d00000, 0x04d00000)
  from space 640K, 100% used [0x04d00000, 0x04da0000, 0x04da0000)
  to   space 640K,   0% used [0x04da0000, 0x04da0000, 0x04e40000)
 tenured generation   total 12696K, used 10557K [0x09d50000, 0x0a9b6000, 0x14800000)
   the space 12696K,  83% used [0x09d50000, 0x0a79f770, 0x0a79f800, 0x0a9b6000)
 Metaspace       used 13297K, capacity 13540K, committed 13568K, reserved 13696K
Event: 39.968 GC heap after
Heap after GC invocations=27 (full 1):
 def new generation   total 5760K, used 318K [0x04800000, 0x04e40000, 0x09d50000)
  eden space 5120K,   0% used [0x04800000, 0x04800000, 0x04d00000)
  from space 640K,  49% used [0x04da0000, 0x04def9e8, 0x04e40000)
  to   space 640K,   0% used [0x04d00000, 0x04d00000, 0x04da0000)
 tenured generation   total 12696K, used 11151K [0x09d50000, 0x0a9b6000, 0x14800000)
   the space 12696K,  87% used [0x09d50000, 0x0a833c68, 0x0a833e00, 0x0a9b6000)
 Metaspace       used 13297K, capacity 13540K, committed 13568K, reserved 13696K
}
Event: 40.834 GC heap before
{Heap before GC invocations=27 (full 1):
 def new generation   total 5760K, used 5438K [0x04800000, 0x04e40000, 0x09d50000)
  eden space 5120K, 100% used [0x04800000, 0x04d00000, 0x04d00000)
  from space 640K,  49% used [0x04da0000, 0x04def9e8, 0x04e40000)
  to   space 640K,   0% used [0x04d00000, 0x04d00000, 0x04da0000)
 tenured generation   total 12696K, used 11151K [0x09d50000, 0x0a9b6000, 0x14800000)
   the space 12696K,  87% used [0x09d50000, 0x0a833c68, 0x0a833e00, 0x0a9b6000)
 Metaspace       used 13298K, capacity 13540K, committed 13568K, reserved 13696K
Event: 40.837 GC heap after
Heap after GC invocations=28 (full 1):
 def new generation   total 5760K, used 359K [0x04800000, 0x04e40000, 0x09d50000)
  eden space 5120K,   0% used [0x04800000, 0x04800000, 0x04d00000)
  from space 640K,  56% used [0x04d00000, 0x04d59f58, 0x04da0000)
  to   space 640K,   0% used [0x04da0000, 0x04da0000, 0x04e40000)
 tenured generation   total 12696K, used 11151K [0x09d50000, 0x0a9b6000, 0x14800000)
   the space 12696K,  87% used [0x09d50000, 0x0a833c68, 0x0a833e00, 0x0a9b6000)
 Metaspace       used 13298K, capacity 13540K, committed 13568K, reserved 13696K
}
Event: 42.853 GC heap before
{Heap before GC invocations=28 (full 1):
 def new generation   total 5760K, used 5479K [0x04800000, 0x04e40000, 0x09d50000)
  eden space 5120K, 100% used [0x04800000, 0x04d00000, 0x04d00000)
  from space 640K,  56% used [0x04d00000, 0x04d59f58, 0x04da0000)
  to   space 640K,   0% used [0x04da0000, 0x04da0000, 0x04e40000)
 tenured generation   total 12696K, used 11151K [0x09d50000, 0x0a9b6000, 0x14800000)
   the space 12696K,  87% used [0x09d50000, 0x0a833c68, 0x0a833e00, 0x0a9b6000)
 Metaspace       used 13311K, capacity 13572K, committed 13696K, reserved 13696K
Event: 42.857 GC heap after
Heap after GC invocations=29 (full 1):
 def new generation   total 5760K, used 600K [0x04800000, 0x04e40000, 0x09d50000)
  eden space 5120K,   0% used [0x04800000, 0x04800000, 0x04d00000)
  from space 640K,  93% used [0x04da0000, 0x04e36260, 0x04e40000)
  to   space 640K,   0% used [0x04d00000, 0x04d00000, 0x04da0000)
 tenured generation   total 12696K, used 11224K [0x09d50000, 0x0a9b6000, 0x14800000)
   the space 12696K,  88% used [0x09d50000, 0x0a8461c8, 0x0a846200, 0x0a9b6000)
 Metaspace       used 13311K, capacity 13572K, committed 13696K, reserved 13696K
}

Deoptimization events (0 events):
No events

Internal exceptions (10 events):
Event: 0.602 Thread 0x0249c000 Exception <a 'java/lang/ClassNotFoundException': RootPane> (0x04867c08) thrown at [C:\re\workspace\8-2-build-windows-i586-cygwin\jdk8u111\7883\hotspot\src\share\vm\classfile\systemDictionary.cpp, line 210]
Event: 2.238 Thread 0x161f1000 Exception <a 'java/lang/UnsatisfiedLinkError': Die angegebene Prozedur wurde nicht gefunden.
> (0x04c0b228) thrown at [C:\re\workspace\8-2-build-windows-i586-cygwin\jdk8u111\7883\hotspot\src\share\vm\prims\jni.cpp, line 735]
Event: 35.461 Thread 0x14e5dc00 Exception <a 'java/lang/NullPointerException'> (0x04ccbe28) thrown at [C:\re\workspace\8-2-build-windows-i586-cygwin\jdk8u111\7883\hotspot\src\share\vm\interpreter\linkResolver.cpp, line 1178]
Event: 35.661 Thread 0x14e5dc00 Exception <a 'java/lang/NullPointerException'> (0x04ccce40) thrown at [C:\re\workspace\8-2-build-windows-i586-cygwin\jdk8u111\7883\hotspot\src\share\vm\interpreter\linkResolver.cpp, line 1178]
Event: 35.671 Thread 0x14d12000 Exception <a 'java/io/FileNotFoundException'> (0x04806e70) thrown at [C:\re\workspace\8-2-build-windows-i586-cygwin\jdk8u111\7883\hotspot\src\share\vm\prims\jni.cpp, line 709]
Event: 35.671 Thread 0x14d12000 Exception <a 'java/io/FileNotFoundException'> (0x04807590) thrown at [C:\re\workspace\8-2-build-windows-i586-cygwin\jdk8u111\7883\hotspot\src\share\vm\prims\jni.cpp, line 709]
Event: 35.671 Thread 0x14d12000 Exception <a 'java/lang/NullPointerException'> (0x04807b10) thrown at [C:\re\workspace\8-2-build-windows-i586-cygwin\jdk8u111\7883\hotspot\src\share\vm\interpreter\linkResolver.cpp, line 1178]
Event: 40.856 Thread 0x14d12000 Exception <a 'java/io/FileNotFoundException'> (0x04849180) thrown at [C:\re\workspace\8-2-build-windows-i586-cygwin\jdk8u111\7883\hotspot\src\share\vm\prims\jni.cpp, line 709]
Event: 40.856 Thread 0x14d12000 Exception <a 'java/io/FileNotFoundException'> (0x04849878) thrown at [C:\re\workspace\8-2-build-windows-i586-cygwin\jdk8u111\7883\hotspot\src\share\vm\prims\jni.cpp, line 709]
Event: 40.856 Thread 0x14d12000 Exception <a 'java/lang/NullPointerException'> (0x04849df8) thrown at [C:\re\workspace\8-2-build-windows-i586-cygwin\jdk8u111\7883\hotspot\src\share\vm\interpreter\linkResolver.cpp, line 1178]

Events (10 events):
Event: 44.400 Thread 0x14d15400 Thread added: 0x14d15400
Event: 44.402 Executing VM operation: RevokeBias
Event: 44.402 Executing VM operation: RevokeBias done
Event: 44.402 Thread 0x14d14c00 Thread exited: 0x14d14c00
Event: 44.402 Executing VM operation: RevokeBias
Event: 44.403 Executing VM operation: RevokeBias done
Event: 44.403 Thread 0x14d13c00 Thread exited: 0x14d13c00
Event: 44.403 Executing VM operation: RevokeBias
Event: 44.403 Executing VM operation: RevokeBias done
Event: 44.403 Thread 0x14d15400 Thread exited: 0x14d15400


Dynamic libraries:
0x00e90000 - 0x00ec3000 	C:\Program Files (x86)\Java\jdk1.8.0_111\bin\java.exe
0x77510000 - 0x77690000 	C:\Windows\SysWOW64\ntdll.dll
0x768d0000 - 0x769e0000 	C:\Windows\syswow64\kernel32.dll
0x75090000 - 0x750d7000 	C:\Windows\syswow64\KERNELBASE.dll
0x76ea0000 - 0x76f41000 	C:\Windows\syswow64\ADVAPI32.dll
0x76bb0000 - 0x76c5c000 	C:\Windows\syswow64\msvcrt.dll
0x767c0000 - 0x767d9000 	C:\Windows\SysWOW64\sechost.dll
0x74fa0000 - 0x75090000 	C:\Windows\syswow64\RPCRT4.dll
0x74e00000 - 0x74e60000 	C:\Windows\syswow64\SspiCli.dll
0x74df0000 - 0x74dfc000 	C:\Windows\syswow64\CRYPTBASE.dll
0x77010000 - 0x77110000 	C:\Windows\syswow64\USER32.dll
0x76f70000 - 0x77000000 	C:\Windows\syswow64\GDI32.dll
0x77000000 - 0x7700a000 	C:\Windows\syswow64\LPK.dll
0x76a10000 - 0x76aad000 	C:\Windows\syswow64\USP10.dll
0x73b00000 - 0x73c9e000 	C:\Windows\WinSxS\x86_microsoft.windows.common-controls_6595b64144ccf1df_6.0.7601.18837_none_41e855142bd5705d\COMCTL32.dll
0x76870000 - 0x768c7000 	C:\Windows\syswow64\SHLWAPI.dll
0x750e0000 - 0x75140000 	C:\Windows\system32\IMM32.DLL
0x76ae0000 - 0x76bad000 	C:\Windows\syswow64\MSCTF.dll
0x555c0000 - 0x5567f000 	C:\Program Files (x86)\Java\jdk1.8.0_111\jre\bin\msvcr100.dll
0x54ee0000 - 0x552ad000 	C:\Program Files (x86)\Java\jdk1.8.0_111\jre\bin\client\jvm.dll
0x74350000 - 0x74357000 	C:\Windows\system32\WSOCK32.dll
0x74f00000 - 0x74f35000 	C:\Windows\syswow64\WS2_32.dll
0x756d0000 - 0x756d6000 	C:\Windows\syswow64\NSI.dll
0x717f0000 - 0x71822000 	C:\Windows\system32\WINMM.dll
0x74130000 - 0x74139000 	C:\Windows\system32\VERSION.dll
0x769e0000 - 0x769e5000 	C:\Windows\syswow64\PSAPI.DLL
0x55710000 - 0x5571c000 	C:\Program Files (x86)\Java\jdk1.8.0_111\jre\bin\verify.dll
0x55590000 - 0x555b1000 	C:\Program Files (x86)\Java\jdk1.8.0_111\jre\bin\java.dll
0x556f0000 - 0x55703000 	C:\Program Files (x86)\Java\jdk1.8.0_111\jre\bin\zip.dll
0x758f0000 - 0x7653c000 	C:\Windows\syswow64\SHELL32.dll
0x75220000 - 0x7537d000 	C:\Windows\syswow64\ole32.dll
0x76a00000 - 0x76a0b000 	C:\Windows\syswow64\profapi.dll
0x55410000 - 0x55556000 	C:\Program Files (x86)\Java\jdk1.8.0_111\jre\bin\awt.dll
0x74e60000 - 0x74ef1000 	C:\Windows\syswow64\OLEAUT32.dll
0x737d0000 - 0x73850000 	C:\Windows\system32\uxtheme.dll
0x73a40000 - 0x73a53000 	C:\Windows\system32\dwmapi.dll
0x553d0000 - 0x55409000 	C:\Program Files (x86)\Java\jdk1.8.0_111\jre\bin\fontmanager.dll
0x55570000 - 0x55586000 	C:\Program Files (x86)\Java\jdk1.8.0_111\jre\bin\net.dll
0x71e30000 - 0x71e6c000 	C:\Windows\system32\mswsock.dll
0x71c10000 - 0x71c16000 	C:\Windows\System32\wship6.dll
0x55560000 - 0x5556f000 	C:\Program Files (x86)\Java\jdk1.8.0_111\jre\bin\nio.dll
0x55390000 - 0x553c2000 	C:\Program Files (x86)\Java\jdk1.8.0_111\jre\bin\t2k.dll
0x712b0000 - 0x712d6000 	C:\Program Files (x86)\Java\jdk1.8.0_111\jre\bin\jpeg.dll
0x767e0000 - 0x76863000 	C:\Windows\syswow64\CLBCatQ.DLL
0x6e510000 - 0x6e641000 	C:\Windows\system32\WindowsCodecs.dll
0x6fda0000 - 0x6fdec000 	C:\Windows\system32\apphelp.dll
0x5a880000 - 0x5a8b1000 	C:\Windows\system32\EhStorShell.dll
0x756f0000 - 0x7588d000 	C:\Windows\syswow64\SETUPAPI.dll
0x75890000 - 0x758b7000 	C:\Windows\syswow64\CFGMGR32.dll
0x767a0000 - 0x767b2000 	C:\Windows\syswow64\DEVOBJ.dll
0x71670000 - 0x71765000 	C:\Windows\system32\PROPSYS.dll
0x5c270000 - 0x5c2e0000 	C:\Windows\system32\ntshrui.dll
0x72450000 - 0x72469000 	C:\Windows\system32\srvcli.dll
0x5c260000 - 0x5c26b000 	C:\Windows\system32\cscapi.dll
0x63c40000 - 0x63c4a000 	C:\Windows\system32\slc.dll
0x73dd0000 - 0x73de7000 	C:\Windows\system32\CRYPTSP.dll
0x72a30000 - 0x72a6b000 	C:\Windows\system32\rsaenh.dll
0x76ac0000 - 0x76ad7000 	C:\Windows\syswow64\USERENV.dll
0x74170000 - 0x7418c000 	C:\Windows\system32\IPHLPAPI.DLL
0x74160000 - 0x74167000 	C:\Windows\system32\WINNSI.DLL
0x71bf0000 - 0x71c02000 	C:\Windows\system32\dhcpcsvc.DLL
0x71be0000 - 0x71bed000 	C:\Windows\system32\dhcpcsvc6.DLL
0x168f0000 - 0x16945000 	C:\Users\Melonman\AppData\Local\Temp\jna4720880905466592195.dll
0x71250000 - 0x71272000 	C:\Users\Melonman\Documents\NetBeansProjects\SoSSH\VLC\libvlc.dll
0x70f30000 - 0x71166000 	C:\Users\Melonman\Documents\NetBeansProjects\SoSSH\VLC\libvlccore.dll
0x711d0000 - 0x7120b000 	C:\Users\Melonman\Documents\NetBeansProjects\SoSSH\VLC\plugins\access\libdshow_plugin.dll
0x71230000 - 0x71243000 	C:\Users\Melonman\Documents\NetBeansProjects\SoSSH\VLC\plugins\audio_output\libaout_directx_plugin.dll
0x71210000 - 0x71222000 	C:\Users\Melonman\Documents\NetBeansProjects\SoSSH\VLC\plugins\audio_output\libwaveout_plugin.dll
0x70990000 - 0x70a02000 	C:\Windows\system32\dsound.dll
0x71170000 - 0x71195000 	C:\Windows\system32\POWRPROF.dll
0x56b90000 - 0x5770b000 	C:\Users\Melonman\Documents\NetBeansProjects\SoSSH\VLC\plugins\gui\libqt4_plugin.dll
0x751a0000 - 0x7521b000 	C:\Windows\syswow64\COMDLG32.DLL
0x730a0000 - 0x730f1000 	C:\Windows\system32\WINSPOOL.DRV
0x70850000 - 0x70984000 	C:\Users\Melonman\Documents\NetBeansProjects\SoSSH\VLC\plugins\misc\libxml_plugin.dll
0x711b0000 - 0x711c8000 	C:\Users\Melonman\Documents\NetBeansProjects\SoSSH\VLC\plugins\video_output\libdirectx_plugin.dll
0x71290000 - 0x712a0000 	C:\Users\Melonman\Documents\NetBeansProjects\SoSSH\VLC\plugins\mmxext\libmemcpymmxext_plugin.dll
0x70f10000 - 0x70f22000 	C:\Users\Melonman\Documents\NetBeansProjects\SoSSH\VLC\plugins\control\libhotkeys_plugin.dll
0x55330000 - 0x55354000 	C:\Program Files (x86)\Java\jdk1.8.0_111\jre\bin\dcpr.dll
0x6fd10000 - 0x6fd94000 	C:\Windows\WinSxS\x86_microsoft.windows.common-controls_6595b64144ccf1df_5.82.7601.18837_none_ec86b8d6858ec0bc\comctl32.dll
0x73a10000 - 0x73a31000 	C:\Windows\system32\ntmarta.dll
0x75140000 - 0x75185000 	C:\Windows\syswow64\WLDAP32.dll
0x5c0c0000 - 0x5c258000 	C:\Windows\system32\NetworkExplorer.dll
0x70eb0000 - 0x70edf000 	C:\Windows\System32\shdocvw.dll
0x70ef0000 - 0x70f02000 	C:\Windows\system32\MPR.dll
0x712a0000 - 0x712a8000 	C:\Windows\System32\drprov.dll
0x717c0000 - 0x717e9000 	C:\Windows\System32\WINSTA.dll
0x70e90000 - 0x70ea4000 	C:\Windows\System32\ntlanman.dll
0x70830000 - 0x70848000 	C:\Windows\System32\davclnt.dll
0x71280000 - 0x71288000 	C:\Windows\System32\DAVHLPR.dll
0x72440000 - 0x7244f000 	C:\Windows\system32\wkscli.dll
0x72470000 - 0x72479000 	C:\Windows\system32\netutils.dll
0x5a640000 - 0x5a878000 	C:\Windows\system32\wpdshext.dll
0x6f0e0000 - 0x6f271000 	C:\Windows\WinSxS\x86_microsoft.windows.gdiplus_6595b64144ccf1df_1.1.7601.23545_none_5c06d189a00e2c29\gdiplus.dll
0x707a0000 - 0x70829000 	C:\Windows\system32\PortableDeviceApi.dll
0x75600000 - 0x7562f000 	C:\Windows\syswow64\WINTRUST.dll
0x754d0000 - 0x755f1000 	C:\Windows\syswow64\CRYPT32.dll
0x769f0000 - 0x769fc000 	C:\Windows\syswow64\MSASN1.dll
0x70720000 - 0x7075f000 	C:\Windows\system32\audiodev.dll
0x70480000 - 0x706e7000 	C:\Windows\system32\WMVCore.DLL
0x70760000 - 0x7079d000 	C:\Windows\system32\WMASF.DLL
0x5c090000 - 0x5c0b2000 	C:\Windows\system32\EhStorAPI.dll
0x706f0000 - 0x70710000 	C:\Program Files (x86)\Java\jdk1.8.0_111\jre\bin\sunec.dll
0x70e70000 - 0x70e79000 	C:\Program Files (x86)\Java\jdk1.8.0_111\jre\bin\sunmscapi.dll
0x711a0000 - 0x711a6000 	C:\Program Files (x86)\Java\jdk1.8.0_111\jre\bin\jawt.dll
0x5c060000 - 0x5c08c000 	C:\Users\Melonman\Documents\NetBeansProjects\SoSSH\VLC\plugins\access\liblibbluray_plugin.dll
0x5c040000 - 0x5c05d000 	C:\Users\Melonman\Documents\NetBeansProjects\SoSSH\VLC\plugins\access\libaccess_bd_plugin.dll
0x5bff0000 - 0x5c035000 	C:\Users\Melonman\Documents\NetBeansProjects\SoSSH\VLC\plugins\access\libdvdnav_plugin.dll
0x5bea0000 - 0x5beb2000 	C:\Users\Melonman\Documents\NetBeansProjects\SoSSH\VLC\plugins\access\libaccess_vdr_plugin.dll
0x5bb80000 - 0x5bb91000 	C:\Users\Melonman\Documents\NetBeansProjects\SoSSH\VLC\plugins\access\libfilesystem_plugin.dll
0x5bb00000 - 0x5bb73000 	C:\Users\Melonman\Documents\NetBeansProjects\SoSSH\VLC\plugins\stream_filter\libstream_filter_httplive_plugin.dll
0x5ba40000 - 0x5baf7000 	C:\Users\Melonman\Documents\NetBeansProjects\SoSSH\VLC\plugins\stream_filter\libstream_filter_dash_plugin.dll
0x70ee0000 - 0x70ef0000 	C:\Users\Melonman\Documents\NetBeansProjects\SoSSH\VLC\plugins\access\libstream_filter_rar_plugin.dll
0x5ba20000 - 0x5ba3b000 	C:\Users\Melonman\Documents\NetBeansProjects\SoSSH\VLC\plugins\access\libzip_plugin.dll
0x70e80000 - 0x70e8f000 	C:\Users\Melonman\Documents\NetBeansProjects\SoSSH\VLC\plugins\stream_filter\libstream_filter_record_plugin.dll
0x5b9e0000 - 0x5ba16000 	C:\Users\Melonman\Documents\NetBeansProjects\SoSSH\VLC\plugins\demux\libmp4_plugin.dll
0x5a300000 - 0x5a31c000 	C:\Users\Melonman\Documents\NetBeansProjects\SoSSH\VLC\plugins\demux\libavi_plugin.dll
0x59e60000 - 0x59e78000 	C:\Users\Melonman\Documents\NetBeansProjects\SoSSH\VLC\plugins\demux\libasf_plugin.dll
0x59e40000 - 0x59e51000 	C:\Users\Melonman\Documents\NetBeansProjects\SoSSH\VLC\plugins\demux\libflacsys_plugin.dll
0x59e20000 - 0x59e31000 	C:\Users\Melonman\Documents\NetBeansProjects\SoSSH\VLC\plugins\demux\libes_plugin.dll
0x59db0000 - 0x59e15000 	C:\Users\Melonman\Documents\NetBeansProjects\SoSSH\VLC\plugins\codec\libtheora_plugin.dll
0x70710000 - 0x70720000 	C:\Users\Melonman\Documents\NetBeansProjects\SoSSH\VLC\plugins\codec\librawvideo_plugin.dll
0x59d80000 - 0x59dac000 	C:\Users\Melonman\Documents\NetBeansProjects\SoSSH\VLC\plugins\codec\libspeex_plugin.dll
0x59bd0000 - 0x59d7a000 	C:\Users\Melonman\Documents\NetBeansProjects\SoSSH\VLC\plugins\codec\libvorbis_plugin.dll
0x70470000 - 0x70480000 	C:\Users\Melonman\Documents\NetBeansProjects\SoSSH\VLC\plugins\codec\libaes3_plugin.dll
0x59bb0000 - 0x59bc1000 	C:\Users\Melonman\Documents\NetBeansProjects\SoSSH\VLC\plugins\codec\liblpcm_plugin.dll
0x59b90000 - 0x59ba1000 	C:\Users\Melonman\Documents\NetBeansProjects\SoSSH\VLC\plugins\packetizer\libpacketizer_flac_plugin.dll
0x59b70000 - 0x59b83000 	C:\Users\Melonman\Documents\NetBeansProjects\SoSSH\VLC\plugins\packetizer\libpacketizer_dirac_plugin.dll
0x59b50000 - 0x59b61000 	C:\Users\Melonman\Documents\NetBeansProjects\SoSSH\VLC\plugins\packetizer\libpacketizer_mlp_plugin.dll

VM Arguments:
jvm_args: -Dfile.encoding=UTF-8 
java_command: soSSH.SoSSH
java_class_path (initial): C:\Users\Melonman\Documents\NetBeansProjects\SoSSH\lib\jna-3.3.0-platform.jar;C:\Users\Melonman\Documents\NetBeansProjects\SoSSH\lib\jna-3.3.0.jar;C:\Users\Melonman\Documents\NetBeansProjects\SoSSH\lib\jsch-0.1.54.jar;C:\Users\Melonman\Documents\NetBeansProjects\SoSSH\lib\vlcj-1.2.1-b2.jar;C:\Users\Melonman\Documents\NetBeansProjects\SoSSH\build\classes
Launcher Type: SUN_STANDARD

Environment Variables:
PATH=C:\ProgramData\Oracle\Java\javapath;C:\Windows\system32;C:\Windows;C:\Windows\System32\Wbem;C:\Windows\System32\WindowsPowerShell\v1.0\;C:\Program Files\Intel\WiFi\bin\;C:\Program Files\Common Files\Intel\WirelessCommon\;C:\Program Files\OpenVPN\bin;C:\Program Files\Intel\WiFi\bin\;C:\Program Files\Common Files\Intel\WirelessCommon\
USERNAME=Melonman
OS=Windows_NT
PROCESSOR_IDENTIFIER=Intel64 Family 6 Model 78 Stepping 3, GenuineIntel



---------------  S Y S T E M  ---------------

OS: Windows 7 , 64 bit Build 7601 (6.1.7601.23572)

CPU:total 4 (2 cores per cpu, 2 threads per core) family 6 model 78 stepping 3, cmov, cx8, fxsr, mmx, sse, sse2, sse3, ssse3, sse4.1, sse4.2, popcnt, aes, clmul, erms, 3dnowpref, lzcnt, ht, tsc, tscinvbit

Memory: 4k page, physical 4050948k(1251084k free), swap 8100036k(5193276k free)

vm_info: Java HotSpot(TM) Client VM (25.111-b14) for windows-x86 JRE (1.8.0_111-b14), built on Sep 22 2016 18:54:33 by "java_re" with MS VC++ 10.0 (VS2010)

time: Thu Feb 16 23:28:36 2017
elapsed time: 44 seconds (0d 0h 0m 44s)

