#
# A fatal error has been detected by the Java Runtime Environment:
#
#  EXCEPTION_ACCESS_VIOLATION (0xc0000005) at pc=0x7755eb83, pid=2260, tid=0x00000790
#
# JRE version: Java(TM) SE Runtime Environment (8.0_111-b14) (build 1.8.0_111-b14)
# Java VM: Java HotSpot(TM) Client VM (25.111-b14 mixed mode windows-x86 )
# Problematic frame:
# C  [ntdll.dll+0x4eb83]
#
# Failed to write core dump. Minidumps are not enabled by default on client versions of Windows
#
# If you would like to submit a bug report, please visit:
#   http://bugreport.java.com/bugreport/crash.jsp
# The crash happened outside the Java Virtual Machine in native code.
# See problematic frame for where to report the bug.
#

---------------  T H R E A D  ---------------

Current thread (0x15eeb400):  JavaThread "Thread-103" [_thread_in_native, id=1936, stack(0x18c40000,0x18c90000)]

siginfo: ExceptionCode=0xc0000005, writing address 0x00000014

Registers:
EAX=0x00000000, EBX=0xfffffffc, ECX=0x00000000, EDX=0x00000004
ESP=0x18c8eee0, EBP=0x18c8ef30, ESI=0x17f4b61c, EDI=0x17f4b620
EIP=0x7755eb83, EFLAGS=0x00010213

Top of Stack: (sp=0x18c8eee0)
0x18c8eee0:   17f4b61c 17f4b620 17f4b61c 00000000
0x18c8eef0:   00000000 00000000 00000000 00000000
0x18c8ef00:   00000000 00000000 00000000 00000000
0x18c8ef10:   00000000 00000000 00000000 00000000
0x18c8ef20:   00000000 00000000 7ef6a000 00000704
0x18c8ef30:   18c8ef58 7755ea92 00000000 00000000
0x18c8ef40:   17f4b61c 17f4b670 18c8efb0 00000004
0x18c8ef50:   00000000 00000001 00000000 70548c3f 

Instructions: (pc=0x7755eb83)
0x7755eb63:   c2 8b d8 8b c1 f0 0f b1 1f 3b c1 0f 85 b2 03 00
0x7755eb73:   00 33 c0 89 45 0c 89 45 08 8b 06 83 f8 ff 74 03
0x7755eb83:   ff 40 14 8b 5d f4 8b 7d f0 80 3d 82 03 fe 7f 00
0x7755eb93:   0f 85 74 38 03 00 8b 45 fc 57 6a 00 83 f8 ff 0f 


Register to memory mapping:

EAX=0x00000000 is an unknown value
EBX=0xfffffffc is an unknown value
ECX=0x00000000 is an unknown value
EDX=0x00000004 is an unknown value
ESP=0x18c8eee0 is pointing into the stack for thread: 0x15eeb400
EBP=0x18c8ef30 is pointing into the stack for thread: 0x15eeb400
ESI=0x17f4b61c is an unknown value
EDI=0x17f4b620 is an unknown value


Stack: [0x18c40000,0x18c90000],  sp=0x18c8eee0,  free space=315k
Native frames: (J=compiled Java code, j=interpreted, Vv=VM code, C=native code)
C  [ntdll.dll+0x4eb83]
C  [ntdll.dll+0x4ea92]
C  [libvlccore.dll+0x98c3f]

Java frames: (J=compiled Java code, j=interpreted, Vv=VM code)
j  com.sun.jna.Native.invokeInt(JI[Ljava/lang/Object;)I+0
j  com.sun.jna.Function.invoke([Ljava/lang/Object;Ljava/lang/Class;Z)Ljava/lang/Object;+333
J 596 C1 com.sun.jna.Function.invoke(Ljava/lang/Class;[Ljava/lang/Object;Ljava/util/Map;)Ljava/lang/Object; (526 bytes) @ 0x027fab88 [0x027fa6b0+0x4d8]
j  com.sun.jna.Library$Handler.invoke(Ljava/lang/Object;Ljava/lang/reflect/Method;[Ljava/lang/Object;)Ljava/lang/Object;+341
j  com.sun.proxy.$Proxy0.libvlc_audio_set_volume(Luk/co/caprica/vlcj/binding/internal/libvlc_media_player_t;I)I+23
j  uk.co.caprica.vlcj.player.DefaultMediaPlayer.setVolume(I)V+26
j  soSSH.Play.run()V+21
v  ~StubRoutines::call_stub

---------------  P R O C E S S  ---------------

Java Threads: ( => current thread )
  0x15eeac00 JavaThread "Thread-104" [_thread_in_native, id=5616, stack(0x15ab0000,0x15b00000)]
=>0x15eeb400 JavaThread "Thread-103" [_thread_in_native, id=1936, stack(0x18c40000,0x18c90000)]
  0x15eea000 JavaThread "Thread-102" [_thread_in_native, id=4924, stack(0x15a10000,0x15a60000)]
  0x15eec400 JavaThread "Image Fetcher 0" daemon [_thread_blocked, id=5388, stack(0x15b90000,0x15be0000)]
  0x15ee9800 JavaThread "Connect thread 192.168.43.1 session" [_thread_in_native, id=5512, stack(0x159a0000,0x159f0000)]
  0x15ee9400 JavaThread "Thread-13" [_thread_blocked, id=2368, stack(0x18d70000,0x18dc0000)]
  0x15f05400 JavaThread "Thread-12" [_thread_blocked, id=5764, stack(0x18cd0000,0x18d20000)]
  0x15d3d800 JavaThread "Swing-Shell" daemon [_thread_blocked, id=5176, stack(0x184c0000,0x18510000)]
  0x1773f400 JavaThread "TimerQueue" daemon [_thread_blocked, id=164, stack(0x18220000,0x18270000)]
  0x005cc000 JavaThread "DestroyJavaVM" [_thread_blocked, id=4296, stack(0x005d0000,0x00620000)]
  0x15fc0c00 JavaThread "Thread-8" [_thread_in_native, id=5476, stack(0x18290000,0x182e0000)]
  0x15f7bc00 JavaThread "Timer-0" [_thread_blocked, id=6000, stack(0x176c0000,0x17710000)]
  0x15c15000 JavaThread "AWT-EventQueue-0" [_thread_blocked, id=5276, stack(0x16290000,0x162e0000)]
  0x14e23400 JavaThread "AWT-Windows" daemon [_thread_in_native, id=3488, stack(0x15790000,0x157e0000)]
  0x14e22800 JavaThread "AWT-Shutdown" [_thread_blocked, id=3428, stack(0x15400000,0x15450000)]
  0x14e1fc00 JavaThread "Java2D Disposer" daemon [_thread_blocked, id=5640, stack(0x15510000,0x15560000)]
  0x14cc0400 JavaThread "Service Thread" daemon [_thread_blocked, id=1988, stack(0x01f20000,0x01f70000)]
  0x14cba400 JavaThread "C1 CompilerThread0" daemon [_thread_blocked, id=5092, stack(0x14fe0000,0x15030000)]
  0x14cc7800 JavaThread "Attach Listener" daemon [_thread_blocked, id=5804, stack(0x152b0000,0x15300000)]
  0x14cc6800 JavaThread "Signal Dispatcher" daemon [_thread_blocked, id=2832, stack(0x15230000,0x15280000)]
  0x14ca6000 JavaThread "Finalizer" daemon [_thread_blocked, id=2880, stack(0x150a0000,0x150f0000)]
  0x14c80c00 JavaThread "Reference Handler" daemon [_thread_blocked, id=4476, stack(0x14e70000,0x14ec0000)]

Other Threads:
  0x14c7a800 VMThread [stack: 0x14ee0000,0x14f30000] [id=5772]
  0x14cc3000 WatcherThread [stack: 0x15460000,0x154b0000] [id=1612]

VM state:not at safepoint (normal execution)

VM Mutex/Monitor currently owned by a thread: None

Heap:
 def new generation   total 5696K, used 5247K [0x04800000, 0x04e20000, 0x09d50000)
  eden space 5120K,  91% used [0x04800000, 0x04c91f08, 0x04d00000)
  from space 576K,  98% used [0x04d90000, 0x04e1dd20, 0x04e20000)
  to   space 576K,   0% used [0x04d00000, 0x04d00000, 0x04d90000)
 tenured generation   total 12424K, used 11081K [0x09d50000, 0x0a972000, 0x14800000)
   the space 12424K,  89% used [0x09d50000, 0x0a8225f0, 0x0a822600, 0x0a972000)
 Metaspace       used 13306K, capacity 13555K, committed 13568K, reserved 13696K

Card table byte_map: [0x01e40000,0x01ed0000] byte_map_base: 0x01e1c000

Polling page: 0x001e0000

CodeCache: size=32768Kb used=2887Kb max_used=2887Kb free=29880Kb
 bounds [0x02680000, 0x02958000, 0x04680000]
 total_blobs=1636 nmethods=1374 adapters=192
 compilation: enabled

Compilation events (10 events):
Event: 48.766 Thread 0x14cba400 1381             javax.crypto.Mac::update (62 bytes)
Event: 48.766 Thread 0x14cba400 nmethod 1381 0x02950688 code [0x029507c0, 0x029509a0]
Event: 48.766 Thread 0x14cba400 1382             com.sun.crypto.provider.HmacCore::engineUpdate (35 bytes)
Event: 48.767 Thread 0x14cba400 nmethod 1382 0x02950ac8 code [0x02950be0, 0x02950d08]
Event: 48.814 Thread 0x14cba400 1383             java.security.MessageDigest::update (45 bytes)
Event: 48.814 Thread 0x14cba400 nmethod 1383 0x02950e48 code [0x02950f70, 0x02951114]
Event: 49.129 Thread 0x14cba400 1384  s!         java.io.PipedInputStream::read (213 bytes)
Event: 49.130 Thread 0x14cba400 nmethod 1384 0x02951248 code [0x029513e0, 0x029519cc]
Event: 49.272 Thread 0x14cba400 1385             javax.swing.plaf.nimbus.AbstractRegionPainter::paint (13 bytes)
Event: 49.272 Thread 0x14cba400 nmethod 1385 0x02951dc8 code [0x02951ed0, 0x02951fac]

GC Heap History (10 events):
Event: 37.401 GC heap before
{Heap before GC invocations=22 (full 1):
 def new generation   total 5696K, used 5393K [0x04800000, 0x04e20000, 0x09d50000)
  eden space 5120K, 100% used [0x04800000, 0x04d00000, 0x04d00000)
  from space 576K,  47% used [0x04d00000, 0x04d44788, 0x04d90000)
  to   space 576K,   0% used [0x04d90000, 0x04d90000, 0x04e20000)
 tenured generation   total 12424K, used 10075K [0x09d50000, 0x0a972000, 0x14800000)
   the space 12424K,  81% used [0x09d50000, 0x0a726d00, 0x0a726e00, 0x0a972000)
 Metaspace       used 13196K, capacity 13426K, committed 13568K, reserved 13696K
Event: 37.404 GC heap after
Heap after GC invocations=23 (full 1):
 def new generation   total 5696K, used 264K [0x04800000, 0x04e20000, 0x09d50000)
  eden space 5120K,   0% used [0x04800000, 0x04800000, 0x04d00000)
  from space 576K,  45% used [0x04d90000, 0x04dd20c0, 0x04e20000)
  to   space 576K,   0% used [0x04d00000, 0x04d00000, 0x04d90000)
 tenured generation   total 12424K, used 10075K [0x09d50000, 0x0a972000, 0x14800000)
   the space 12424K,  81% used [0x09d50000, 0x0a726d00, 0x0a726e00, 0x0a972000)
 Metaspace       used 13196K, capacity 13426K, committed 13568K, reserved 13696K
}
Event: 39.903 GC heap before
{Heap before GC invocations=23 (full 1):
 def new generation   total 5696K, used 5384K [0x04800000, 0x04e20000, 0x09d50000)
  eden space 5120K, 100% used [0x04800000, 0x04d00000, 0x04d00000)
  from space 576K,  45% used [0x04d90000, 0x04dd20c0, 0x04e20000)
  to   space 576K,   0% used [0x04d00000, 0x04d00000, 0x04d90000)
 tenured generation   total 12424K, used 10075K [0x09d50000, 0x0a972000, 0x14800000)
   the space 12424K,  81% used [0x09d50000, 0x0a726d00, 0x0a726e00, 0x0a972000)
 Metaspace       used 13196K, capacity 13426K, committed 13568K, reserved 13696K
Event: 39.906 GC heap after
Heap after GC invocations=24 (full 1):
 def new generation   total 5696K, used 291K [0x04800000, 0x04e20000, 0x09d50000)
  eden space 5120K,   0% used [0x04800000, 0x04800000, 0x04d00000)
  from space 576K,  50% used [0x04d00000, 0x04d48d00, 0x04d90000)
  to   space 576K,   0% used [0x04d90000, 0x04d90000, 0x04e20000)
 tenured generation   total 12424K, used 10075K [0x09d50000, 0x0a972000, 0x14800000)
   the space 12424K,  81% used [0x09d50000, 0x0a726d00, 0x0a726e00, 0x0a972000)
 Metaspace       used 13196K, capacity 13426K, committed 13568K, reserved 13696K
}
Event: 42.758 GC heap before
{Heap before GC invocations=24 (full 1):
 def new generation   total 5696K, used 5402K [0x04800000, 0x04e20000, 0x09d50000)
  eden space 5120K,  99% used [0x04800000, 0x04cfdd68, 0x04d00000)
  from space 576K,  50% used [0x04d00000, 0x04d48d00, 0x04d90000)
  to   space 576K,   0% used [0x04d90000, 0x04d90000, 0x04e20000)
 tenured generation   total 12424K, used 10075K [0x09d50000, 0x0a972000, 0x14800000)
   the space 12424K,  81% used [0x09d50000, 0x0a726d00, 0x0a726e00, 0x0a972000)
 Metaspace       used 13204K, capacity 13428K, committed 13568K, reserved 13696K
Event: 42.763 GC heap after
Heap after GC invocations=25 (full 1):
 def new generation   total 5696K, used 438K [0x04800000, 0x04e20000, 0x09d50000)
  eden space 5120K,   0% used [0x04800000, 0x04800000, 0x04d00000)
  from space 576K,  76% used [0x04d90000, 0x04dfd9d8, 0x04e20000)
  to   space 576K,   0% used [0x04d00000, 0x04d00000, 0x04d90000)
 tenured generation   total 12424K, used 10088K [0x09d50000, 0x0a972000, 0x14800000)
   the space 12424K,  81% used [0x09d50000, 0x0a72a110, 0x0a72a200, 0x0a972000)
 Metaspace       used 13204K, capacity 13428K, committed 13568K, reserved 13696K
}
Event: 45.344 GC heap before
{Heap before GC invocations=25 (full 1):
 def new generation   total 5696K, used 5548K [0x04800000, 0x04e20000, 0x09d50000)
  eden space 5120K,  99% used [0x04800000, 0x04cfd758, 0x04d00000)
  from space 576K,  76% used [0x04d90000, 0x04dfd9d8, 0x04e20000)
  to   space 576K,   0% used [0x04d00000, 0x04d00000, 0x04d90000)
 tenured generation   total 12424K, used 10088K [0x09d50000, 0x0a972000, 0x14800000)
   the space 12424K,  81% used [0x09d50000, 0x0a72a110, 0x0a72a200, 0x0a972000)
 Metaspace       used 13290K, capacity 13523K, committed 13568K, reserved 13696K
Event: 45.349 GC heap after
Heap after GC invocations=26 (full 1):
 def new generation   total 5696K, used 576K [0x04800000, 0x04e20000, 0x09d50000)
  eden space 5120K,   0% used [0x04800000, 0x04800000, 0x04d00000)
  from space 576K, 100% used [0x04d00000, 0x04d90000, 0x04d90000)
  to   space 576K,   0% used [0x04d90000, 0x04d90000, 0x04e20000)
 tenured generation   total 12424K, used 10568K [0x09d50000, 0x0a972000, 0x14800000)
   the space 12424K,  85% used [0x09d50000, 0x0a7a22d8, 0x0a7a2400, 0x0a972000)
 Metaspace       used 13290K, capacity 13523K, committed 13568K, reserved 13696K
}
Event: 47.391 GC heap before
{Heap before GC invocations=26 (full 1):
 def new generation   total 5696K, used 5696K [0x04800000, 0x04e20000, 0x09d50000)
  eden space 5120K, 100% used [0x04800000, 0x04d00000, 0x04d00000)
  from space 576K, 100% used [0x04d00000, 0x04d90000, 0x04d90000)
  to   space 576K,   0% used [0x04d90000, 0x04d90000, 0x04e20000)
 tenured generation   total 12424K, used 10568K [0x09d50000, 0x0a972000, 0x14800000)
   the space 12424K,  85% used [0x09d50000, 0x0a7a22d8, 0x0a7a2400, 0x0a972000)
 Metaspace       used 13303K, capacity 13555K, committed 13568K, reserved 13696K
Event: 47.398 GC heap after
Heap after GC invocations=27 (full 1):
 def new generation   total 5696K, used 567K [0x04800000, 0x04e20000, 0x09d50000)
  eden space 5120K,   0% used [0x04800000, 0x04800000, 0x04d00000)
  from space 576K,  98% used [0x04d90000, 0x04e1dd20, 0x04e20000)
  to   space 576K,   0% used [0x04d00000, 0x04d00000, 0x04d90000)
 tenured generation   total 12424K, used 11081K [0x09d50000, 0x0a972000, 0x14800000)
   the space 12424K,  89% used [0x09d50000, 0x0a8225f0, 0x0a822600, 0x0a972000)
 Metaspace       used 13303K, capacity 13555K, committed 13568K, reserved 13696K
}

Deoptimization events (0 events):
No events

Internal exceptions (10 events):
Event: 42.602 Thread 0x15eea000 Exception <a 'java/io/FileNotFoundException'> (0x04cc1d58) thrown at [C:\re\workspace\8-2-build-windows-i586-cygwin\jdk8u111\7883\hotspot\src\share\vm\prims\jni.cpp, line 709]
Event: 42.602 Thread 0x15eea000 Exception <a 'java/io/FileNotFoundException'> (0x04cc2478) thrown at [C:\re\workspace\8-2-build-windows-i586-cygwin\jdk8u111\7883\hotspot\src\share\vm\prims\jni.cpp, line 709]
Event: 42.602 Thread 0x15eea000 Exception <a 'java/lang/NullPointerException'> (0x04cc7a98) thrown at [C:\re\workspace\8-2-build-windows-i586-cygwin\jdk8u111\7883\hotspot\src\share\vm\interpreter\linkResolver.cpp, line 1178]
Event: 45.919 Thread 0x15eea000 Exception <a 'java/io/FileNotFoundException'> (0x04a8c468) thrown at [C:\re\workspace\8-2-build-windows-i586-cygwin\jdk8u111\7883\hotspot\src\share\vm\prims\jni.cpp, line 709]
Event: 45.919 Thread 0x15eea000 Exception <a 'java/io/FileNotFoundException'> (0x04a8cb60) thrown at [C:\re\workspace\8-2-build-windows-i586-cygwin\jdk8u111\7883\hotspot\src\share\vm\prims\jni.cpp, line 709]
Event: 45.920 Thread 0x15eea000 Exception <a 'java/lang/NullPointerException'> (0x04a8d0e0) thrown at [C:\re\workspace\8-2-build-windows-i586-cygwin\jdk8u111\7883\hotspot\src\share\vm\interpreter\linkResolver.cpp, line 1178]
Event: 49.235 Thread 0x15eeb400 Exception <a 'java/net/SocketException': Socket closed> (0x04c1e080) thrown at [C:\re\workspace\8-2-build-windows-i586-cygwin\jdk8u111\7883\hotspot\src\share\vm\prims\jni.cpp, line 735]
Event: 49.273 Thread 0x15eea000 Exception <a 'java/io/FileNotFoundException'> (0x04c7b7f8) thrown at [C:\re\workspace\8-2-build-windows-i586-cygwin\jdk8u111\7883\hotspot\src\share\vm\prims\jni.cpp, line 709]
Event: 49.273 Thread 0x15eea000 Exception <a 'java/io/FileNotFoundException'> (0x04c7bef0) thrown at [C:\re\workspace\8-2-build-windows-i586-cygwin\jdk8u111\7883\hotspot\src\share\vm\prims\jni.cpp, line 709]
Event: 49.273 Thread 0x15eea000 Exception <a 'java/lang/NullPointerException'> (0x04c7c470) thrown at [C:\re\workspace\8-2-build-windows-i586-cygwin\jdk8u111\7883\hotspot\src\share\vm\interpreter\linkResolver.cpp, line 1178]

Events (10 events):
Event: 49.235 loading class sun/net/ConnectionResetException done
Event: 49.235 Executing VM operation: RevokeBias
Event: 49.235 Executing VM operation: RevokeBias done
Event: 49.235 Thread 0x15eeb400 Thread exited: 0x15eeb400
Event: 49.235 Executing VM operation: RevokeBias
Event: 49.235 Executing VM operation: RevokeBias done
Event: 49.235 Thread 0x15eea000 Thread exited: 0x15eea000
Event: 49.270 Thread 0x15eea000 Thread added: 0x15eea000
Event: 49.271 Thread 0x15eeb400 Thread added: 0x15eeb400
Event: 49.271 Thread 0x15eeac00 Thread added: 0x15eeac00


Dynamic libraries:
0x00260000 - 0x00293000 	C:\Program Files (x86)\Java\jdk1.8.0_111\bin\java.exe
0x77510000 - 0x77690000 	C:\Windows\SysWOW64\ntdll.dll
0x768d0000 - 0x769e0000 	C:\Windows\syswow64\kernel32.dll
0x75090000 - 0x750d7000 	C:\Windows\syswow64\KERNELBASE.dll
0x76ea0000 - 0x76f41000 	C:\Windows\syswow64\ADVAPI32.dll
0x76bb0000 - 0x76c5c000 	C:\Windows\syswow64\msvcrt.dll
0x767c0000 - 0x767d9000 	C:\Windows\SysWOW64\sechost.dll
0x74fa0000 - 0x75090000 	C:\Windows\syswow64\RPCRT4.dll
0x74e00000 - 0x74e60000 	C:\Windows\syswow64\SspiCli.dll
0x74df0000 - 0x74dfc000 	C:\Windows\syswow64\CRYPTBASE.dll
0x77010000 - 0x77110000 	C:\Windows\syswow64\USER32.dll
0x76f70000 - 0x77000000 	C:\Windows\syswow64\GDI32.dll
0x77000000 - 0x7700a000 	C:\Windows\syswow64\LPK.dll
0x76a10000 - 0x76aad000 	C:\Windows\syswow64\USP10.dll
0x73b00000 - 0x73c9e000 	C:\Windows\WinSxS\x86_microsoft.windows.common-controls_6595b64144ccf1df_6.0.7601.18837_none_41e855142bd5705d\COMCTL32.dll
0x76870000 - 0x768c7000 	C:\Windows\syswow64\SHLWAPI.dll
0x750e0000 - 0x75140000 	C:\Windows\system32\IMM32.DLL
0x76ae0000 - 0x76bad000 	C:\Windows\syswow64\MSCTF.dll
0x555c0000 - 0x5567f000 	C:\Program Files (x86)\Java\jdk1.8.0_111\jre\bin\msvcr100.dll
0x54ee0000 - 0x552ad000 	C:\Program Files (x86)\Java\jdk1.8.0_111\jre\bin\client\jvm.dll
0x74350000 - 0x74357000 	C:\Windows\system32\WSOCK32.dll
0x74f00000 - 0x74f35000 	C:\Windows\syswow64\WS2_32.dll
0x756d0000 - 0x756d6000 	C:\Windows\syswow64\NSI.dll
0x717f0000 - 0x71822000 	C:\Windows\system32\WINMM.dll
0x74130000 - 0x74139000 	C:\Windows\system32\VERSION.dll
0x769e0000 - 0x769e5000 	C:\Windows\syswow64\PSAPI.DLL
0x55710000 - 0x5571c000 	C:\Program Files (x86)\Java\jdk1.8.0_111\jre\bin\verify.dll
0x55590000 - 0x555b1000 	C:\Program Files (x86)\Java\jdk1.8.0_111\jre\bin\java.dll
0x556f0000 - 0x55703000 	C:\Program Files (x86)\Java\jdk1.8.0_111\jre\bin\zip.dll
0x758f0000 - 0x7653c000 	C:\Windows\syswow64\SHELL32.dll
0x75220000 - 0x7537d000 	C:\Windows\syswow64\ole32.dll
0x76a00000 - 0x76a0b000 	C:\Windows\syswow64\profapi.dll
0x55410000 - 0x55556000 	C:\Program Files (x86)\Java\jdk1.8.0_111\jre\bin\awt.dll
0x74e60000 - 0x74ef1000 	C:\Windows\syswow64\OLEAUT32.dll
0x737d0000 - 0x73850000 	C:\Windows\system32\uxtheme.dll
0x73a40000 - 0x73a53000 	C:\Windows\system32\dwmapi.dll
0x553d0000 - 0x55409000 	C:\Program Files (x86)\Java\jdk1.8.0_111\jre\bin\fontmanager.dll
0x55570000 - 0x55586000 	C:\Program Files (x86)\Java\jdk1.8.0_111\jre\bin\net.dll
0x71e30000 - 0x71e6c000 	C:\Windows\system32\mswsock.dll
0x71c10000 - 0x71c16000 	C:\Windows\System32\wship6.dll
0x55560000 - 0x5556f000 	C:\Program Files (x86)\Java\jdk1.8.0_111\jre\bin\nio.dll
0x55390000 - 0x553c2000 	C:\Program Files (x86)\Java\jdk1.8.0_111\jre\bin\t2k.dll
0x712b0000 - 0x712d6000 	C:\Program Files (x86)\Java\jdk1.8.0_111\jre\bin\jpeg.dll
0x767e0000 - 0x76863000 	C:\Windows\syswow64\CLBCatQ.DLL
0x6e510000 - 0x6e641000 	C:\Windows\system32\WindowsCodecs.dll
0x6fda0000 - 0x6fdec000 	C:\Windows\system32\apphelp.dll
0x5a880000 - 0x5a8b1000 	C:\Windows\system32\EhStorShell.dll
0x756f0000 - 0x7588d000 	C:\Windows\syswow64\SETUPAPI.dll
0x75890000 - 0x758b7000 	C:\Windows\syswow64\CFGMGR32.dll
0x767a0000 - 0x767b2000 	C:\Windows\syswow64\DEVOBJ.dll
0x71670000 - 0x71765000 	C:\Windows\system32\PROPSYS.dll
0x5c270000 - 0x5c2e0000 	C:\Windows\system32\ntshrui.dll
0x72450000 - 0x72469000 	C:\Windows\system32\srvcli.dll
0x5c260000 - 0x5c26b000 	C:\Windows\system32\cscapi.dll
0x63c40000 - 0x63c4a000 	C:\Windows\system32\slc.dll
0x73dd0000 - 0x73de7000 	C:\Windows\system32\CRYPTSP.dll
0x72a30000 - 0x72a6b000 	C:\Windows\system32\rsaenh.dll
0x76ac0000 - 0x76ad7000 	C:\Windows\syswow64\USERENV.dll
0x74170000 - 0x7418c000 	C:\Windows\system32\IPHLPAPI.DLL
0x74160000 - 0x74167000 	C:\Windows\system32\WINNSI.DLL
0x71bf0000 - 0x71c02000 	C:\Windows\system32\dhcpcsvc.DLL
0x71be0000 - 0x71bed000 	C:\Windows\system32\dhcpcsvc6.DLL
0x16af0000 - 0x16b45000 	C:\Users\Melonman\AppData\Local\Temp\jna7303661450138189489.dll
0x71250000 - 0x71272000 	C:\Users\Melonman\Documents\NetBeansProjects\SoSSH\VLC\libvlc.dll
0x704b0000 - 0x706e6000 	C:\Users\Melonman\Documents\NetBeansProjects\SoSSH\VLC\libvlccore.dll
0x711d0000 - 0x7120b000 	C:\Users\Melonman\Documents\NetBeansProjects\SoSSH\VLC\plugins\access\libdshow_plugin.dll
0x71230000 - 0x71243000 	C:\Users\Melonman\Documents\NetBeansProjects\SoSSH\VLC\plugins\audio_output\libaout_directx_plugin.dll
0x71210000 - 0x71222000 	C:\Users\Melonman\Documents\NetBeansProjects\SoSSH\VLC\plugins\audio_output\libwaveout_plugin.dll
0x708e0000 - 0x70952000 	C:\Windows\system32\dsound.dll
0x71170000 - 0x71195000 	C:\Windows\system32\POWRPROF.dll
0x56b20000 - 0x5769b000 	C:\Users\Melonman\Documents\NetBeansProjects\SoSSH\VLC\plugins\gui\libqt4_plugin.dll
0x751a0000 - 0x7521b000 	C:\Windows\syswow64\COMDLG32.DLL
0x730a0000 - 0x730f1000 	C:\Windows\system32\WINSPOOL.DRV
0x707a0000 - 0x708d4000 	C:\Users\Melonman\Documents\NetBeansProjects\SoSSH\VLC\plugins\misc\libxml_plugin.dll
0x711b0000 - 0x711c8000 	C:\Users\Melonman\Documents\NetBeansProjects\SoSSH\VLC\plugins\video_output\libdirectx_plugin.dll
0x71290000 - 0x712a0000 	C:\Users\Melonman\Documents\NetBeansProjects\SoSSH\VLC\plugins\mmxext\libmemcpymmxext_plugin.dll
0x70ec0000 - 0x70ed2000 	C:\Users\Melonman\Documents\NetBeansProjects\SoSSH\VLC\plugins\control\libhotkeys_plugin.dll
0x55330000 - 0x55354000 	C:\Program Files (x86)\Java\jdk1.8.0_111\jre\bin\dcpr.dll
0x6fd10000 - 0x6fd94000 	C:\Windows\WinSxS\x86_microsoft.windows.common-controls_6595b64144ccf1df_5.82.7601.18837_none_ec86b8d6858ec0bc\comctl32.dll
0x73a10000 - 0x73a31000 	C:\Windows\system32\ntmarta.dll
0x75140000 - 0x75185000 	C:\Windows\syswow64\WLDAP32.dll
0x5a6e0000 - 0x5a878000 	C:\Windows\system32\NetworkExplorer.dll
0x709e0000 - 0x70a0f000 	C:\Windows\System32\shdocvw.dll
0x70ea0000 - 0x70eb2000 	C:\Windows\system32\MPR.dll
0x712a0000 - 0x712a8000 	C:\Windows\System32\drprov.dll
0x717c0000 - 0x717e9000 	C:\Windows\System32\WINSTA.dll
0x70e80000 - 0x70e94000 	C:\Windows\System32\ntlanman.dll
0x709c0000 - 0x709d8000 	C:\Windows\System32\davclnt.dll
0x71280000 - 0x71288000 	C:\Windows\System32\DAVHLPR.dll
0x72440000 - 0x7244f000 	C:\Windows\system32\wkscli.dll
0x72470000 - 0x72479000 	C:\Windows\system32\netutils.dll
0x58340000 - 0x58578000 	C:\Windows\system32\wpdshext.dll
0x6f0e0000 - 0x6f271000 	C:\Windows\WinSxS\x86_microsoft.windows.gdiplus_6595b64144ccf1df_1.1.7601.23545_none_5c06d189a00e2c29\gdiplus.dll
0x70710000 - 0x70799000 	C:\Windows\system32\PortableDeviceApi.dll
0x75600000 - 0x7562f000 	C:\Windows\syswow64\WINTRUST.dll
0x754d0000 - 0x755f1000 	C:\Windows\syswow64\CRYPT32.dll
0x769f0000 - 0x769fc000 	C:\Windows\syswow64\MSASN1.dll
0x70470000 - 0x704af000 	C:\Windows\system32\audiodev.dll
0x580d0000 - 0x58337000 	C:\Windows\system32\WMVCore.DLL
0x70980000 - 0x709bd000 	C:\Windows\system32\WMASF.DLL
0x5c050000 - 0x5c072000 	C:\Windows\system32\EhStorAPI.dll
0x706f0000 - 0x70710000 	C:\Program Files (x86)\Java\jdk1.8.0_111\jre\bin\sunec.dll
0x70e70000 - 0x70e79000 	C:\Program Files (x86)\Java\jdk1.8.0_111\jre\bin\sunmscapi.dll
0x70970000 - 0x70976000 	C:\Program Files (x86)\Java\jdk1.8.0_111\jre\bin\jawt.dll
0x5c020000 - 0x5c04c000 	C:\Users\Melonman\Documents\NetBeansProjects\SoSSH\VLC\plugins\access\liblibbluray_plugin.dll
0x5c000000 - 0x5c01d000 	C:\Users\Melonman\Documents\NetBeansProjects\SoSSH\VLC\plugins\access\libaccess_bd_plugin.dll
0x5bb50000 - 0x5bb95000 	C:\Users\Melonman\Documents\NetBeansProjects\SoSSH\VLC\plugins\access\libdvdnav_plugin.dll
0x5bfe0000 - 0x5bff2000 	C:\Users\Melonman\Documents\NetBeansProjects\SoSSH\VLC\plugins\access\libaccess_vdr_plugin.dll
0x5bea0000 - 0x5beb1000 	C:\Users\Melonman\Documents\NetBeansProjects\SoSSH\VLC\plugins\access\libfilesystem_plugin.dll
0x5bad0000 - 0x5bb43000 	C:\Users\Melonman\Documents\NetBeansProjects\SoSSH\VLC\plugins\stream_filter\libstream_filter_httplive_plugin.dll
0x5ba10000 - 0x5bac7000 	C:\Users\Melonman\Documents\NetBeansProjects\SoSSH\VLC\plugins\stream_filter\libstream_filter_dash_plugin.dll
0x711a0000 - 0x711b0000 	C:\Users\Melonman\Documents\NetBeansProjects\SoSSH\VLC\plugins\access\libstream_filter_rar_plugin.dll
0x5b9f0000 - 0x5ba0b000 	C:\Users\Melonman\Documents\NetBeansProjects\SoSSH\VLC\plugins\access\libzip_plugin.dll
0x70960000 - 0x7096f000 	C:\Users\Melonman\Documents\NetBeansProjects\SoSSH\VLC\plugins\stream_filter\libstream_filter_record_plugin.dll
0x5a6a0000 - 0x5a6d6000 	C:\Users\Melonman\Documents\NetBeansProjects\SoSSH\VLC\plugins\demux\libmp4_plugin.dll
0x5a680000 - 0x5a69c000 	C:\Users\Melonman\Documents\NetBeansProjects\SoSSH\VLC\plugins\demux\libavi_plugin.dll
0x5a660000 - 0x5a678000 	C:\Users\Melonman\Documents\NetBeansProjects\SoSSH\VLC\plugins\demux\libasf_plugin.dll
0x5a640000 - 0x5a651000 	C:\Users\Melonman\Documents\NetBeansProjects\SoSSH\VLC\plugins\demux\libflacsys_plugin.dll
0x5a620000 - 0x5a631000 	C:\Users\Melonman\Documents\NetBeansProjects\SoSSH\VLC\plugins\demux\libes_plugin.dll
0x5a5b0000 - 0x5a615000 	C:\Users\Melonman\Documents\NetBeansProjects\SoSSH\VLC\plugins\codec\libtheora_plugin.dll
0x5be90000 - 0x5bea0000 	C:\Users\Melonman\Documents\NetBeansProjects\SoSSH\VLC\plugins\codec\librawvideo_plugin.dll
0x5a580000 - 0x5a5ac000 	C:\Users\Melonman\Documents\NetBeansProjects\SoSSH\VLC\plugins\codec\libspeex_plugin.dll
0x58610000 - 0x587ba000 	C:\Users\Melonman\Documents\NetBeansProjects\SoSSH\VLC\plugins\codec\libvorbis_plugin.dll
0x5b9e0000 - 0x5b9f0000 	C:\Users\Melonman\Documents\NetBeansProjects\SoSSH\VLC\plugins\codec\libaes3_plugin.dll
0x5a560000 - 0x5a571000 	C:\Users\Melonman\Documents\NetBeansProjects\SoSSH\VLC\plugins\codec\liblpcm_plugin.dll
0x59c90000 - 0x59ca1000 	C:\Users\Melonman\Documents\NetBeansProjects\SoSSH\VLC\plugins\packetizer\libpacketizer_flac_plugin.dll
0x59c70000 - 0x59c83000 	C:\Users\Melonman\Documents\NetBeansProjects\SoSSH\VLC\plugins\packetizer\libpacketizer_dirac_plugin.dll
0x59c50000 - 0x59c61000 	C:\Users\Melonman\Documents\NetBeansProjects\SoSSH\VLC\plugins\packetizer\libpacketizer_mlp_plugin.dll

VM Arguments:
jvm_args: -Dfile.encoding=UTF-8 
java_command: soSSH.SoSSH
java_class_path (initial): C:\Users\Melonman\Documents\NetBeansProjects\SoSSH\lib\jna-3.3.0-platform.jar;C:\Users\Melonman\Documents\NetBeansProjects\SoSSH\lib\jna-3.3.0.jar;C:\Users\Melonman\Documents\NetBeansProjects\SoSSH\lib\jsch-0.1.54.jar;C:\Users\Melonman\Documents\NetBeansProjects\SoSSH\lib\vlcj-1.2.1-b2.jar;C:\Users\Melonman\Documents\NetBeansProjects\SoSSH\build\classes
Launcher Type: SUN_STANDARD

Environment Variables:
PATH=C:\ProgramData\Oracle\Java\javapath;C:\Windows\system32;C:\Windows;C:\Windows\System32\Wbem;C:\Windows\System32\WindowsPowerShell\v1.0\;C:\Program Files\Intel\WiFi\bin\;C:\Program Files\Common Files\Intel\WirelessCommon\;C:\Program Files\OpenVPN\bin;C:\Program Files\Intel\WiFi\bin\;C:\Program Files\Common Files\Intel\WirelessCommon\
USERNAME=Melonman
OS=Windows_NT
PROCESSOR_IDENTIFIER=Intel64 Family 6 Model 78 Stepping 3, GenuineIntel



---------------  S Y S T E M  ---------------

OS: Windows 7 , 64 bit Build 7601 (6.1.7601.23572)

CPU:total 4 (2 cores per cpu, 2 threads per core) family 6 model 78 stepping 3, cmov, cx8, fxsr, mmx, sse, sse2, sse3, ssse3, sse4.1, sse4.2, popcnt, aes, clmul, erms, 3dnowpref, lzcnt, ht, tsc, tscinvbit

Memory: 4k page, physical 4050948k(1228812k free), swap 8100036k(5167400k free)

vm_info: Java HotSpot(TM) Client VM (25.111-b14) for windows-x86 JRE (1.8.0_111-b14), built on Sep 22 2016 18:54:33 by "java_re" with MS VC++ 10.0 (VS2010)

time: Thu Feb 16 23:59:34 2017
elapsed time: 49 seconds (0d 0h 0m 49s)

